#
# There is insufficient memory for the Java Runtime Environment to continue.
# Native memory allocation (mmap) failed to map 536870912 bytes. Error detail: G1 virtual space
# Possible reasons:
#   The system is out of physical RAM or swap space
#   This process is running with CompressedOops enabled, and the Java Heap may be blocking the growth of the native heap
# Possible solutions:
#   Reduce memory load on the system
#   Increase physical memory or swap space
#   Check if swap backing store is full
#   Decrease Java heap size (-Xmx/-Xms)
#   Decrease number of Java threads
#   Decrease Java thread stack sizes (-Xss)
#   Set larger code cache with -XX:ReservedCodeCacheSize=
#   JVM is running with Zero Based Compressed Oops mode in which the Java heap is
#     placed in the first 32GB address space. The Java Heap base address is the
#     maximum limit for the native heap growth. Please use -XX:HeapBaseMinAddress
#     to set the Java Heap base and to place the Java Heap above 32GB virtual address.
# This output file may be truncated or incomplete.
#
#  Out of Memory Error (os_windows.cpp:3713), pid=14260, tid=16140
#
# JRE version:  (21.0.8+9) (build )
# Java VM: OpenJDK 64-Bit Server VM (21.0.8+9-LTS, mixed mode, sharing, tiered, compressed oops, compressed class ptrs, g1 gc, windows-amd64)
# No core dump will be written. Minidumps are not enabled by default on client versions of Windows
#

---------------  S U M M A R Y ------------

Command Line: --add-modules=ALL-SYSTEM --add-opens=java.base/java.util=ALL-UNNAMED --add-opens=java.base/java.lang=ALL-UNNAMED --add-opens=java.base/sun.nio.fs=ALL-UNNAMED -Declipse.application=org.eclipse.jdt.ls.core.id1 -Dosgi.bundles.defaultStartLevel=4 -Declipse.product=org.eclipse.jdt.ls.core.product -Djava.import.generatesMetadataFilesAtProjectRoot=false -DDetectVMInstallationsJob.disabled=true -Dfile.encoding=utf8 -Xlog:disable -Xmx4G -Xms512M -javaagent:c:\Users\AGOUROU GUSTAVE\.vscode\extensions\redhat.java-1.46.2025090608-win32-x64\lombok\lombok-1.18.39-4050.jar -XX:+HeapDumpOnOutOfMemoryError -XX:HeapDumpPath=c:\Users\AGOUROU GUSTAVE\AppData\Roaming\Code\User\workspaceStorage\e5e3aa9fae37178fce0e33db35cfc533\redhat.java -Daether.dependencyCollector.impl=bf -XX:+UnlockDiagnosticVMOptions -XX:+AllowArchivingWithJavaAgent -XX:+AutoCreateSharedArchive -XX:SharedArchiveFile=c:\Users\AGOUROU GUSTAVE\AppData\Roaming\Code\User\globalStorage\redhat.java\1.46.2025090608\jdtls.jsa c:\Users\AGOUROU GUSTAVE\.vscode\extensions\redhat.java-1.46.2025090608-win32-x64\server\plugins\org.eclipse.equinox.launcher_1.7.0.v20250519-0528.jar -configuration c:\Users\AGOUROU GUSTAVE\AppData\Roaming\Code\User\globalStorage\redhat.java\1.46.2025090608\config_win -data c:\Users\AGOUROU GUSTAVE\AppData\Roaming\Code\User\workspaceStorage\e5e3aa9fae37178fce0e33db35cfc533\redhat.java\jdt_ws --pipe=\\.\pipe\lsp-750c48802eecd81563f4131a44306d2d-sock

Host: Intel(R) Core(TM) i3-5005U CPU @ 2.00GHz, 4 cores, 3G,  Windows 10 , 64 bit Build 19041 (10.0.19041.5915)
Time: Tue Sep  9 09:54:20 2025 elapsed time: 0.233794 seconds (0d 0h 0m 0s)

---------------  T H R E A D  ---------------

Current thread (0x000001665e3f9490):  JavaThread "Unknown thread" [_thread_in_vm, id=16140, stack(0x0000002f86300000,0x0000002f86400000) (1024K)]

Stack: [0x0000002f86300000,0x0000002f86400000]
Native frames: (J=compiled Java code, j=interpreted, Vv=VM code, C=native code)
V  [jvm.dll+0x6d2449]
V  [jvm.dll+0x8ae341]
V  [jvm.dll+0x8b08be]
V  [jvm.dll+0x8b0fa3]
V  [jvm.dll+0x280c96]
V  [jvm.dll+0x6cec15]
V  [jvm.dll+0x6c2c3a]
V  [jvm.dll+0x35867a]
V  [jvm.dll+0x360246]
V  [jvm.dll+0x3b1f9e]
V  [jvm.dll+0x3b2248]
V  [jvm.dll+0x32c8fc]
V  [jvm.dll+0x32d45b]
V  [jvm.dll+0x8775d9]
V  [jvm.dll+0x3bed71]
V  [jvm.dll+0x8605d3]
V  [jvm.dll+0x4530ee]
V  [jvm.dll+0x454d31]
C  [jli.dll+0x5278]
C  [ucrtbase.dll+0x21bb2]
C  [KERNEL32.DLL+0x17374]
C  [ntdll.dll+0x4cc91]


---------------  P R O C E S S  ---------------

Threads class SMR info:
_java_thread_list=0x00007ffeb39311c8, length=0, elements={
}

Java Threads: ( => current thread )
Total: 0

Other Threads:
  0x000001666073d990 WorkerThread "GC Thread#0"                     [id=12208, stack(0x0000002f86400000,0x0000002f86500000) (1024K)]
  0x0000016660750790 ConcurrentGCThread "G1 Main Marker"            [id=19376, stack(0x0000002f86500000,0x0000002f86600000) (1024K)]
  0x00000166607510a0 WorkerThread "G1 Conc#0"                       [id=10500, stack(0x0000002f86600000,0x0000002f86700000) (1024K)]

[error occurred during error reporting (printing all threads), id 0xc0000005, EXCEPTION_ACCESS_VIOLATION (0xc0000005) at pc=0x00007ffeb302f137]
VM state: not at safepoint (not fully initialized)

VM Mutex/Monitor currently owned by a thread:  ([mutex/lock_event])
[0x00007ffeb39a5558] Heap_lock - owner thread: 0x000001665e3f9490

Heap address: 0x0000000700000000, size: 4096 MB, Compressed Oops mode: Zero based, Oop shift amount: 3

CDS archive(s) mapped at: [0x0000000000000000-0x0000000000000000-0x0000000000000000), size 0, SharedBaseAddress: 0x0000000800000000, ArchiveRelocationMode: 1.
Narrow klass base: 0x0000000000000000, Narrow klass shift: 0, Narrow klass range: 0x0

GC Precious Log:
 CardTable entry size: 512
 Card Set container configuration: InlinePtr #cards 4 size 8 Array Of Cards #cards 16 size 48 Howl #buckets 8 coarsen threshold 3686 Howl Bitmap #cards 512 size 80 coarsen threshold 460 Card regions per heap region 1 cards per card region 4096

Heap:
 garbage-first heap   total 0K, used 0K [0x0000000700000000, 0x0000000800000000)
  region size 2048K, 0 young (0K), 0 survivors (0K)

[error occurred during error reporting (printing heap information), id 0xc0000005, EXCEPTION_ACCESS_VIOLATION (0xc0000005) at pc=0x00007ffeb341bba9]
GC Heap History (0 events):
No events

Dll operation events (1 events):
Event: 0.198 Loaded shared library c:\Users\AGOUROU GUSTAVE\.vscode\extensions\redhat.java-1.46.2025090608-win32-x64\jre\21.0.8-win32-x86_64\bin\java.dll

Deoptimization events (0 events):
No events

Classes loaded (0 events):
No events

Classes unloaded (0 events):
No events

Classes redefined (0 events):
No events

Internal exceptions (0 events):
No events

ZGC Phase Switch (0 events):
No events

VM Operations (0 events):
No events

Memory protections (0 events):
No events

Nmethod flushes (0 events):
No events

Events (0 events):
No events


Dynamic libraries:
0x00007ff7f5980000 - 0x00007ff7f598e000 	c:\Users\AGOUROU GUSTAVE\.vscode\extensions\redhat.java-1.46.2025090608-win32-x64\jre\21.0.8-win32-x86_64\bin\java.exe
0x00007ffef7310000 - 0x00007ffef7508000 	C:\WINDOWS\SYSTEM32\ntdll.dll
0x00007ffef57b0000 - 0x00007ffef5872000 	C:\WINDOWS\System32\KERNEL32.DLL
0x00007ffef4ae0000 - 0x00007ffef4dd6000 	C:\WINDOWS\System32\KERNELBASE.dll
0x00007ffef4f90000 - 0x00007ffef5090000 	C:\WINDOWS\System32\ucrtbase.dll
0x00007ffef16e0000 - 0x00007ffef16f8000 	c:\Users\AGOUROU GUSTAVE\.vscode\extensions\redhat.java-1.46.2025090608-win32-x64\jre\21.0.8-win32-x86_64\bin\jli.dll
0x00007ffef16c0000 - 0x00007ffef16de000 	c:\Users\AGOUROU GUSTAVE\.vscode\extensions\redhat.java-1.46.2025090608-win32-x64\jre\21.0.8-win32-x86_64\bin\VCRUNTIME140.dll
0x00007ffef5e10000 - 0x00007ffef5fad000 	C:\WINDOWS\System32\USER32.dll
0x00007ffee5500000 - 0x00007ffee579b000 	C:\WINDOWS\WinSxS\amd64_microsoft.windows.common-controls_6595b64144ccf1df_6.0.19041.6280_none_60bc30a171f2f3f3\COMCTL32.dll
0x00007ffef5130000 - 0x00007ffef5152000 	C:\WINDOWS\System32\win32u.dll
0x00007ffef67c0000 - 0x00007ffef67eb000 	C:\WINDOWS\System32\GDI32.dll
0x00007ffef6720000 - 0x00007ffef67be000 	C:\WINDOWS\System32\msvcrt.dll
0x00007ffef5220000 - 0x00007ffef5339000 	C:\WINDOWS\System32\gdi32full.dll
0x00007ffef5090000 - 0x00007ffef512d000 	C:\WINDOWS\System32\msvcp_win.dll
0x00007ffef62d0000 - 0x00007ffef62ff000 	C:\WINDOWS\System32\IMM32.DLL
0x00007ffef1960000 - 0x00007ffef196c000 	c:\Users\AGOUROU GUSTAVE\.vscode\extensions\redhat.java-1.46.2025090608-win32-x64\jre\21.0.8-win32-x86_64\bin\vcruntime140_1.dll
0x00007ffed9a40000 - 0x00007ffed9acd000 	c:\Users\AGOUROU GUSTAVE\.vscode\extensions\redhat.java-1.46.2025090608-win32-x64\jre\21.0.8-win32-x86_64\bin\msvcp140.dll
0x00007ffeb2cf0000 - 0x00007ffeb3a87000 	c:\Users\AGOUROU GUSTAVE\.vscode\extensions\redhat.java-1.46.2025090608-win32-x64\jre\21.0.8-win32-x86_64\bin\server\jvm.dll
0x00007ffef64b0000 - 0x00007ffef6561000 	C:\WINDOWS\System32\ADVAPI32.dll
0x00007ffef71d0000 - 0x00007ffef726f000 	C:\WINDOWS\System32\sechost.dll
0x00007ffef6010000 - 0x00007ffef6130000 	C:\WINDOWS\System32\RPCRT4.dll
0x00007ffef5160000 - 0x00007ffef5187000 	C:\WINDOWS\System32\bcrypt.dll
0x00007ffef6310000 - 0x00007ffef637b000 	C:\WINDOWS\System32\WS2_32.dll
0x00007ffef4810000 - 0x00007ffef485b000 	C:\WINDOWS\SYSTEM32\POWRPROF.dll
0x00007ffee8a20000 - 0x00007ffee8a2a000 	C:\WINDOWS\SYSTEM32\VERSION.dll
0x00007ffee6d20000 - 0x00007ffee6d47000 	C:\WINDOWS\SYSTEM32\WINMM.dll
0x00007ffef47f0000 - 0x00007ffef4802000 	C:\WINDOWS\SYSTEM32\UMPDC.dll
0x00007ffef3170000 - 0x00007ffef3182000 	C:\WINDOWS\SYSTEM32\kernel.appcore.dll
0x00007ffef16b0000 - 0x00007ffef16ba000 	c:\Users\AGOUROU GUSTAVE\.vscode\extensions\redhat.java-1.46.2025090608-win32-x64\jre\21.0.8-win32-x86_64\bin\jimage.dll
0x00007ffef2e30000 - 0x00007ffef3031000 	C:\WINDOWS\SYSTEM32\DBGHELP.DLL
0x00007ffee5bc0000 - 0x00007ffee5bf4000 	C:\WINDOWS\SYSTEM32\dbgcore.DLL
0x00007ffef5190000 - 0x00007ffef5212000 	C:\WINDOWS\System32\bcryptPrimitives.dll
0x00007ffef16a0000 - 0x00007ffef16af000 	c:\Users\AGOUROU GUSTAVE\.vscode\extensions\redhat.java-1.46.2025090608-win32-x64\jre\21.0.8-win32-x86_64\bin\instrument.dll
0x00007ffef1680000 - 0x00007ffef169f000 	c:\Users\AGOUROU GUSTAVE\.vscode\extensions\redhat.java-1.46.2025090608-win32-x64\jre\21.0.8-win32-x86_64\bin\java.dll

JVMTI agents:
c:\Users\AGOUROU GUSTAVE\.vscode\extensions\redhat.java-1.46.2025090608-win32-x64\lombok\lombok-1.18.39-4050.jar path:none, loaded, not initialized, instrumentlib options:none

dbghelp: loaded successfully - version: 4.0.5 - missing functions: none
symbol engine: initialized successfully - sym options: 0x614 - pdb path: .;c:\Users\AGOUROU GUSTAVE\.vscode\extensions\redhat.java-1.46.2025090608-win32-x64\jre\21.0.8-win32-x86_64\bin;C:\WINDOWS\SYSTEM32;C:\WINDOWS\WinSxS\amd64_microsoft.windows.common-controls_6595b64144ccf1df_6.0.19041.6280_none_60bc30a171f2f3f3;c:\Users\AGOUROU GUSTAVE\.vscode\extensions\redhat.java-1.46.2025090608-win32-x64\jre\21.0.8-win32-x86_64\bin\server

VM Arguments:
jvm_args: --add-modules=ALL-SYSTEM --add-opens=java.base/java.util=ALL-UNNAMED --add-opens=java.base/java.lang=ALL-UNNAMED --add-opens=java.base/sun.nio.fs=ALL-UNNAMED -Declipse.application=org.eclipse.jdt.ls.core.id1 -Dosgi.bundles.defaultStartLevel=4 -Declipse.product=org.eclipse.jdt.ls.core.product -Djava.import.generatesMetadataFilesAtProjectRoot=false -DDetectVMInstallationsJob.disabled=true -Dfile.encoding=utf8 -Xlog:disable -Xmx4G -Xms512M -javaagent:c:\Users\AGOUROU GUSTAVE\.vscode\extensions\redhat.java-1.46.2025090608-win32-x64\lombok\lombok-1.18.39-4050.jar -XX:+HeapDumpOnOutOfMemoryError -XX:HeapDumpPath=c:\Users\AGOUROU GUSTAVE\AppData\Roaming\Code\User\workspaceStorage\e5e3aa9fae37178fce0e33db35cfc533\redhat.java -Daether.dependencyCollector.impl=bf -XX:+UnlockDiagnosticVMOptions -XX:+AllowArchivingWithJavaAgent -XX:+AutoCreateSharedArchive -XX:SharedArchiveFile=c:\Users\AGOUROU GUSTAVE\AppData\Roaming\Code\User\globalStorage\redhat.java\1.46.2025090608\jdtls.jsa 
java_command: c:\Users\AGOUROU GUSTAVE\.vscode\extensions\redhat.java-1.46.2025090608-win32-x64\server\plugins\org.eclipse.equinox.launcher_1.7.0.v20250519-0528.jar -configuration c:\Users\AGOUROU GUSTAVE\AppData\Roaming\Code\User\globalStorage\redhat.java\1.46.2025090608\config_win -data c:\Users\AGOUROU GUSTAVE\AppData\Roaming\Code\User\workspaceStorage\e5e3aa9fae37178fce0e33db35cfc533\redhat.java\jdt_ws --pipe=\\.\pipe\lsp-750c48802eecd81563f4131a44306d2d-sock
java_class_path (initial): c:\Users\AGOUROU GUSTAVE\.vscode\extensions\redhat.java-1.46.2025090608-win32-x64\server\plugins\org.eclipse.equinox.launcher_1.7.0.v20250519-0528.jar
Launcher Type: SUN_STANDARD

[Global flags]
     bool AllowArchivingWithJavaAgent              = true                             {JVMCI diagnostic} {command line}
     bool AutoCreateSharedArchive                  = true                                {JVMCI product} {command line}
     intx CICompilerCount                          = 3                                         {product} {ergonomic}
     uint ConcGCThreads                            = 1                                         {product} {ergonomic}
     uint G1ConcRefinementThreads                  = 4                                         {product} {ergonomic}
   size_t G1HeapRegionSize                         = 2097152                                   {product} {ergonomic}
    uintx GCDrainStackTargetSize                   = 64                                        {product} {ergonomic}
     bool HeapDumpOnOutOfMemoryError               = true                                   {manageable} {command line}
    ccstr HeapDumpPath                             = c:\Users\AGOUROU GUSTAVE\AppData\Roaming\Code\User\workspaceStorage\e5e3aa9fae37178fce0e33db35cfc533\redhat.java         {manageable} {command line}
   size_t InitialHeapSize                          = 536870912                                 {product} {command line}
   size_t MarkStackSize                            = 4194304                                   {product} {ergonomic}
   size_t MaxHeapSize                              = 4294967296                                {product} {command line}
   size_t MinHeapDeltaBytes                        = 2097152                                   {product} {ergonomic}
   size_t MinHeapSize                              = 536870912                                 {product} {command line}
    uintx NonNMethodCodeHeapSize                   = 5832780                                {pd product} {ergonomic}
    uintx NonProfiledCodeHeapSize                  = 122912730                              {pd product} {ergonomic}
    uintx ProfiledCodeHeapSize                     = 122912730                              {pd product} {ergonomic}
    uintx ReservedCodeCacheSize                    = 251658240                              {pd product} {ergonomic}
     bool SegmentedCodeCache                       = true                                      {product} {ergonomic}
    ccstr SharedArchiveFile                        =                                     {JVMCI product} {command line}
   size_t SoftMaxHeapSize                          = 4294967296                             {manageable} {ergonomic}
     bool UnlockDiagnosticVMOptions                = true                                   {diagnostic} {command line}
     bool UseCompressedOops                        = true                           {product lp64_product} {ergonomic}
     bool UseG1GC                                  = true                                      {product} {ergonomic}
     bool UseLargePagesIndividualAllocation        = false                                  {pd product} {ergonomic}

Logging:
Log output configuration:
 #0: stdout all=off uptime,level,tags foldmultilines=false
 #1: stderr all=off uptime,level,tags foldmultilines=false

Environment Variables:
JAVA_HOME=C:\Program Files\Eclipse Adoptium\jdk-17.0.15+6
PATH=C:\Users\AGOUROU GUSTAVE\Downloads\apache-maven-3.9.9-bin\apache-maven-3.9.9\bin;C:\Program Files\Eclipse Adoptium\jdk-17.0.15+6\bin;C:\Program Files\Common Files\Oracle\Java\javapath;C:\Program Files (x86)\Intel\iCLS Client\;C:\Program Files\Intel\iCLS Client\;C:\WINDOWS\system32;C:\WINDOWS;C:\WINDOWS\System32\Wbem;C:\WINDOWS\System32\WindowsPowerShell\v1.0\;C:\WINDOWS\System32\OpenSSH\;C:\Program Files (x86)\Intel\Intel(R) Management Engine Components\DAL;C:\Program Files\Intel\Intel(R) Management Engine Components\DAL;C:\Program Files (x86)\Intel\Intel(R) Management Engine Components\IPT;C:\Program Files\Intel\Intel(R) Management Engine Components\IPT;C:\Users\AGOUROU GUSTAVE\Downloads\platform-tools_r34.0.3-windows\platform-tools;C:\Program Files\mingw64\bin;C:\Program Files\Git\cmd;C:\Program Files\apache-maven-3.9.9\bin;C:\Program Files\JavaUSBComplete\bin;C:\Windows\Installer\{5D847F4E-C86E-4EEC-8E84-E13E00C48891};C:\Program Files\MySQL\MySQL Server 8.0\bin;C:\Program Files\OpenSSL-Win64\bin;C:\railway\;C:\Users\AGOUROU GUSTAVE\Desktop\Microsoft VS Code\bin;C:\railway\;C:\Program Files\MongoDB\Server\8.0\bin;C:\Program Files\nodejs\;C:\Users\AGOUROU GUSTAVE\AppData\Roaming\npm;C:\Users\AGOUROU GUSTAVE\AppData\Local\Microsoft\WindowsApps;;C:\Program Files\Docker\Docker\resources\bin;;C:\Users\AGOUROU GUSTAVE\Desktop\Microsoft VS Code\bin;C:\Users\AGOUROU GUSTAVE\AppData\Roaming\npm
USERNAME=AGOUROU GUSTAVE
OS=Windows_NT
PROCESSOR_IDENTIFIER=Intel64 Family 6 Model 61 Stepping 4, GenuineIntel
TMP=C:\Users\AGOURO~1\AppData\Local\Temp
TEMP=C:\Users\AGOURO~1\AppData\Local\Temp




Periodic native trim disabled

---------------  S Y S T E M  ---------------

OS:
 Windows 10 , 64 bit Build 19041 (10.0.19041.5915)
OS uptime: 3 days 14:41 hours
Hyper-V role detected

CPU: total 4 (initial active 4) (2 cores per cpu, 2 threads per core) family 6 model 61 stepping 4 microcode 0x2d, cx8, cmov, fxsr, ht, mmx, 3dnowpref, sse, sse2, sse3, ssse3, sse4.1, sse4.2, popcnt, lzcnt, tsc, tscinvbit, avx, avx2, aes, erms, clmul, bmi1, bmi2, adx, fma, vzeroupper, clflush, hv, rdtscp, f16c
Processor Information for the first 4 processors :
  Max Mhz: 1995, Current Mhz: 1995, Mhz Limit: 1995

Memory: 4k page, system-wide physical 3997M (449M free)
TotalPageFile size 16278M (AvailPageFile size 166M)
current process WorkingSet (physical memory assigned to process): 10M, peak: 10M
current process commit charge ("private bytes"): 51M, peak: 563M

vm_info: OpenJDK 64-Bit Server VM (21.0.8+9-LTS) for windows-amd64 JRE (21.0.8+9-LTS), built on 2025-07-15T00:00:00Z by "admin" with MS VC++ 17.7 (VS2022)

END.
