#
# There is insufficient memory for the Java Runtime Environment to continue.
# Native memory allocation (mmap) failed to map 864026624 bytes. Error detail: G1 virtual space
# Possible reasons:
#   The system is out of physical RAM or swap space
#   This process is running with CompressedOops enabled, and the Java Heap may be blocking the growth of the native heap
# Possible solutions:
#   Reduce memory load on the system
#   Increase physical memory or swap space
#   Check if swap backing store is full
#   Decrease Java heap size (-Xmx/-Xms)
#   Decrease number of Java threads
#   Decrease Java thread stack sizes (-Xss)
#   Set larger code cache with -XX:ReservedCodeCacheSize=
#   JVM is running with Zero Based Compressed Oops mode in which the Java heap is
#     placed in the first 32GB address space. The Java Heap base address is the
#     maximum limit for the native heap growth. Please use -XX:HeapBaseMinAddress
#     to set the Java Heap base and to place the Java Heap above 32GB virtual address.
# This output file may be truncated or incomplete.
#
#  Out of Memory Error (os_windows.cpp:3713), pid=2724, tid=10968
#
# JRE version: OpenJDK Runtime Environment Temurin-21.0.8+9 (21.0.8+9) (build 21.0.8+9-LTS)
# Java VM: OpenJDK 64-Bit Server VM Temurin-21.0.8+9 (21.0.8+9-LTS, mixed mode, sharing, tiered, compressed oops, compressed class ptrs, g1 gc, windows-amd64)
# No core dump will be written. Minidumps are not enabled by default on client versions of Windows
#

---------------  S U M M A R Y ------------

Command Line: --add-modules=ALL-SYSTEM --add-opens=java.base/java.util=ALL-UNNAMED --add-opens=java.base/java.lang=ALL-UNNAMED --add-opens=java.base/sun.nio.fs=ALL-UNNAMED -Declipse.application=org.eclipse.jdt.ls.core.id1 -Dosgi.bundles.defaultStartLevel=4 -Declipse.product=org.eclipse.jdt.ls.core.product -Djava.import.generatesMetadataFilesAtProjectRoot=false -DDetectVMInstallationsJob.disabled=true -Dfile.encoding=utf8 -Xlog:disable -Xmx4G -Xms512M -javaagent:c:\Users\AGOUROU GUSTAVE\.vscode\extensions\redhat.java-1.45.2025082308-win32-x64\lombok\lombok-1.18.39-4050.jar -XX:+HeapDumpOnOutOfMemoryError -XX:HeapDumpPath=c:\Users\AGOUROU GUSTAVE\AppData\Roaming\Code\User\workspaceStorage\e5e3aa9fae37178fce0e33db35cfc533\redhat.java -Daether.dependencyCollector.impl=bf -XX:+UnlockDiagnosticVMOptions -XX:+AllowArchivingWithJavaAgent -XX:+AutoCreateSharedArchive -XX:SharedArchiveFile=c:\Users\AGOUROU GUSTAVE\AppData\Roaming\Code\User\globalStorage\redhat.java\1.45.2025082308\jdtls.jsa c:\Users\AGOUROU GUSTAVE\.vscode\extensions\redhat.java-1.45.2025082308-win32-x64\server\plugins\org.eclipse.equinox.launcher_1.7.0.v20250519-0528.jar -configuration c:\Users\AGOUROU GUSTAVE\AppData\Roaming\Code\User\globalStorage\redhat.java\1.45.2025082308\config_win -data c:\Users\AGOUROU GUSTAVE\AppData\Roaming\Code\User\workspaceStorage\e5e3aa9fae37178fce0e33db35cfc533\redhat.java\jdt_ws --pipe=\\.\pipe\lsp-6e25226b1c06abd33835a9a4b7d45f68-sock

Host: Intel(R) Core(TM) i3-5005U CPU @ 2.00GHz, 4 cores, 3G,  Windows 10 , 64 bit Build 19041 (10.0.19041.5915)
Time: Tue Aug 26 16:45:01 2025 elapsed time: 89.014175 seconds (0d 0h 1m 29s)

---------------  T H R E A D  ---------------

Current thread (0x00000187ff926450):  VMThread "VM Thread"          [id=10968, stack(0x00000024d4400000,0x00000024d4500000) (1024K)]

Stack: [0x00000024d4400000,0x00000024d4500000]
Native frames: (J=compiled Java code, j=interpreted, Vv=VM code, C=native code)
V  [jvm.dll+0x6d2449]
V  [jvm.dll+0x8ae341]
V  [jvm.dll+0x8b08be]
V  [jvm.dll+0x8b0fa3]
V  [jvm.dll+0x280c96]
V  [jvm.dll+0x6cec15]
V  [jvm.dll+0x6c2c3a]
V  [jvm.dll+0x35867a]
V  [jvm.dll+0x360246]
V  [jvm.dll+0x3b1f9e]
V  [jvm.dll+0x3b2248]
V  [jvm.dll+0x32c8fc]
V  [jvm.dll+0x32c987]
V  [jvm.dll+0x3706fc]
V  [jvm.dll+0x36ef48]
V  [jvm.dll+0x32c0c1]
V  [jvm.dll+0x36e5ba]
V  [jvm.dll+0x8b6cbf]
V  [jvm.dll+0x8b8044]
V  [jvm.dll+0x8b8580]
V  [jvm.dll+0x8b8823]
V  [jvm.dll+0x857e6b]
V  [jvm.dll+0x6d0b0d]
C  [ucrtbase.dll+0x21bb2]
C  [KERNEL32.DLL+0x17374]
C  [ntdll.dll+0x4cc91]

VM_Operation (0x00000024d3bfde80): G1CollectForAllocation, mode: safepoint, requested by thread 0x00000187ffa47a40


---------------  P R O C E S S  ---------------

Threads class SMR info:
_java_thread_list=0x00000187ce6d0fe0, length=46, elements={
0x00000187ea1e6350, 0x00000187ff93d5e0, 0x00000187ff93ea90, 0x00000187ff944e00,
0x00000187ff945bb0, 0x00000187ff946600, 0x00000187ff947050, 0x00000187ff947dd0,
0x00000187ff9bc6e0, 0x00000187ff9154f0, 0x00000187ffc62320, 0x00000187ce39ba00,
0x00000187ce32b8b0, 0x00000187ffa83890, 0x00000187ce2db6c0, 0x00000187ce550e00,
0x00000187ce363000, 0x00000187ffa46690, 0x00000187ffa48760, 0x00000187ffa46d20,
0x00000187ffa473b0, 0x00000187ffa49480, 0x00000187ffa49b10, 0x00000187ffa47a40,
0x00000187ffa48df0, 0x00000187ffa480d0, 0x00000187cff2e270, 0x00000187cff293b0,
0x00000187cff2c1a0, 0x00000187cff2bb10, 0x00000187cff2d550, 0x00000187cff28000,
0x00000187cff27970, 0x00000187cff28690, 0x00000187cff2dbe0, 0x00000187cff272e0,
0x00000187cff2b480, 0x00000187cff28d20, 0x00000187cff2a0d0, 0x00000187cff2c830,
0x00000187cff2adf0, 0x00000187ce6d8130, 0x00000187ce6d6060, 0x00000187ce6d66f0,
0x00000187ce6d6d80, 0x00000187ce6d7410
}

Java Threads: ( => current thread )
  0x00000187ea1e6350 JavaThread "main"                              [_thread_blocked, id=7192, stack(0x00000024d3d00000,0x00000024d3e00000) (1024K)]
  0x00000187ff93d5e0 JavaThread "Reference Handler"          daemon [_thread_blocked, id=11508, stack(0x00000024d4500000,0x00000024d4600000) (1024K)]
  0x00000187ff93ea90 JavaThread "Finalizer"                  daemon [_thread_blocked, id=13556, stack(0x00000024d4600000,0x00000024d4700000) (1024K)]
  0x00000187ff944e00 JavaThread "Signal Dispatcher"          daemon [_thread_blocked, id=15064, stack(0x00000024d4700000,0x00000024d4800000) (1024K)]
  0x00000187ff945bb0 JavaThread "Attach Listener"            daemon [_thread_blocked, id=1528, stack(0x00000024d4800000,0x00000024d4900000) (1024K)]
  0x00000187ff946600 JavaThread "Service Thread"             daemon [_thread_blocked, id=12784, stack(0x00000024d4900000,0x00000024d4a00000) (1024K)]
  0x00000187ff947050 JavaThread "Monitor Deflation Thread"   daemon [_thread_blocked, id=9680, stack(0x00000024d4a00000,0x00000024d4b00000) (1024K)]
  0x00000187ff947dd0 JavaThread "C2 CompilerThread0"         daemon [_thread_blocked, id=2464, stack(0x00000024d4b00000,0x00000024d4c00000) (1024K)]
  0x00000187ff9bc6e0 JavaThread "C1 CompilerThread0"         daemon [_thread_blocked, id=8496, stack(0x00000024d4c00000,0x00000024d4d00000) (1024K)]
  0x00000187ff9154f0 JavaThread "Common-Cleaner"             daemon [_thread_blocked, id=10920, stack(0x00000024d4d00000,0x00000024d4e00000) (1024K)]
  0x00000187ffc62320 JavaThread "Notification Thread"        daemon [_thread_blocked, id=13684, stack(0x00000024d4e00000,0x00000024d4f00000) (1024K)]
  0x00000187ce39ba00 JavaThread "Active Thread: Equinox Container: 3dfee577-5093-46c9-b61d-41bcf920170c"        [_thread_blocked, id=15408, stack(0x00000024d5200000,0x00000024d5300000) (1024K)]
  0x00000187ce32b8b0 JavaThread "Refresh Thread: Equinox Container: 3dfee577-5093-46c9-b61d-41bcf920170c" daemon [_thread_blocked, id=9456, stack(0x00000024d5300000,0x00000024d5400000) (1024K)]
  0x00000187ffa83890 JavaThread "Framework Event Dispatcher: Equinox Container: 3dfee577-5093-46c9-b61d-41bcf920170c" daemon [_thread_blocked, id=12252, stack(0x00000024d5400000,0x00000024d5500000) (1024K)]
  0x00000187ce2db6c0 JavaThread "Start Level: Equinox Container: 3dfee577-5093-46c9-b61d-41bcf920170c" daemon [_thread_blocked, id=13992, stack(0x00000024d5500000,0x00000024d5600000) (1024K)]
  0x00000187ce550e00 JavaThread "Bundle File Closer"         daemon [_thread_blocked, id=2908, stack(0x00000024d5600000,0x00000024d5700000) (1024K)]
  0x00000187ce363000 JavaThread "SCR Component Actor"        daemon [_thread_blocked, id=15956, stack(0x00000024d5700000,0x00000024d5800000) (1024K)]
  0x00000187ffa46690 JavaThread "Worker-JM"                         [_thread_blocked, id=15308, stack(0x00000024d5900000,0x00000024d5a00000) (1024K)]
  0x00000187ffa48760 JavaThread "JNA Cleaner"                daemon [_thread_blocked, id=14356, stack(0x00000024d5a00000,0x00000024d5b00000) (1024K)]
  0x00000187ffa46d20 JavaThread "Worker-0: Publish Diagnostics"        [_thread_blocked, id=11592, stack(0x00000024d5b00000,0x00000024d5c00000) (1024K)]
  0x00000187ffa473b0 JavaThread "Worker-1: Initialize workspace"        [_thread_blocked, id=2108, stack(0x00000024d5c00000,0x00000024d5d00000) (1024K)]
  0x00000187ffa49480 JavaThread "Worker-2"                          [_thread_blocked, id=16524, stack(0x00000024d5d00000,0x00000024d5e00000) (1024K)]
  0x00000187ffa49b10 JavaThread "Worker-3: Building"                [_thread_blocked, id=15228, stack(0x00000024d5e00000,0x00000024d5f00000) (1024K)]
  0x00000187ffa47a40 JavaThread "Java indexing"              daemon [_thread_blocked, id=10816, stack(0x00000024d3b00000,0x00000024d3c00000) (1024K)]
  0x00000187ffa48df0 JavaThread "Worker-4"                          [_thread_blocked, id=5116, stack(0x00000024d5f00000,0x00000024d6000000) (1024K)]
  0x00000187ffa480d0 JavaThread "Worker-5: Java indexing... "        [_thread_blocked, id=17136, stack(0x00000024d6100000,0x00000024d6200000) (1024K)]
  0x00000187cff2e270 JavaThread "Worker-6"                          [_thread_blocked, id=15876, stack(0x00000024d6200000,0x00000024d6300000) (1024K)]
  0x00000187cff293b0 JavaThread "Worker-7"                          [_thread_blocked, id=12044, stack(0x00000024d6300000,0x00000024d6400000) (1024K)]
  0x00000187cff2c1a0 JavaThread "Thread-2"                   daemon [_thread_in_native, id=7076, stack(0x00000024d5800000,0x00000024d5900000) (1024K)]
  0x00000187cff2bb10 JavaThread "Thread-3"                   daemon [_thread_in_native, id=16016, stack(0x00000024d6400000,0x00000024d6500000) (1024K)]
  0x00000187cff2d550 JavaThread "Thread-4"                   daemon [_thread_in_native, id=8380, stack(0x00000024d6500000,0x00000024d6600000) (1024K)]
  0x00000187cff28000 JavaThread "Thread-5"                   daemon [_thread_in_native, id=14448, stack(0x00000024d6600000,0x00000024d6700000) (1024K)]
  0x00000187cff27970 JavaThread "Thread-6"                   daemon [_thread_in_native, id=8060, stack(0x00000024d6700000,0x00000024d6800000) (1024K)]
  0x00000187cff28690 JavaThread "pool-2-thread-1"                   [_thread_blocked, id=708, stack(0x00000024d6800000,0x00000024d6900000) (1024K)]
  0x00000187cff2dbe0 JavaThread "WorkspaceEventsHandler"            [_thread_blocked, id=15716, stack(0x00000024d6900000,0x00000024d6a00000) (1024K)]
  0x00000187cff272e0 JavaThread "pool-1-thread-1"                   [_thread_blocked, id=14572, stack(0x00000024d6a00000,0x00000024d6b00000) (1024K)]
  0x00000187cff2b480 JavaThread "Worker-8"                          [_thread_blocked, id=1348, stack(0x00000024d6b00000,0x00000024d6c00000) (1024K)]
  0x00000187cff28d20 JavaThread "LocalFile Deleter"          daemon [_thread_blocked, id=10656, stack(0x00000024d6c00000,0x00000024d6d00000) (1024K)]
  0x00000187cff2a0d0 JavaThread "LocalFile Deleter"          daemon [_thread_blocked, id=10068, stack(0x00000024d6d00000,0x00000024d6e00000) (1024K)]
  0x00000187cff2c830 JavaThread "LocalFile Deleter"          daemon [_thread_blocked, id=16552, stack(0x00000024d6e00000,0x00000024d6f00000) (1024K)]
  0x00000187cff2adf0 JavaThread "LocalFile Deleter"          daemon [_thread_blocked, id=9196, stack(0x00000024d6f00000,0x00000024d7000000) (1024K)]
  0x00000187ce6d8130 JavaThread "Compiler Source File Reader" daemon [_thread_blocked, id=11996, stack(0x00000024d7000000,0x00000024d7100000) (1024K)]
  0x00000187ce6d6060 JavaThread "Compiler Source File Reader" daemon [_thread_blocked, id=2088, stack(0x00000024d7100000,0x00000024d7200000) (1024K)]
  0x00000187ce6d66f0 JavaThread "ForkJoinPool.commonPool-worker-1" daemon [_thread_blocked, id=4060, stack(0x00000024d7200000,0x00000024d7300000) (1024K)]
  0x00000187ce6d6d80 JavaThread "ForkJoinPool.commonPool-worker-2" daemon [_thread_blocked, id=13092, stack(0x00000024d7300000,0x00000024d7400000) (1024K)]
  0x00000187ce6d7410 JavaThread "ForkJoinPool.commonPool-worker-3" daemon [_thread_blocked, id=10000, stack(0x00000024d7400000,0x00000024d7500000) (1024K)]
Total: 46

Other Threads:
=>0x00000187ff926450 VMThread "VM Thread"                           [id=10968, stack(0x00000024d4400000,0x00000024d4500000) (1024K)]
  0x00000187ff912dc0 WatcherThread "VM Periodic Task Thread"        [id=6500, stack(0x00000024d4300000,0x00000024d4400000) (1024K)]
  0x00000187ea251a60 WorkerThread "GC Thread#0"                     [id=13968, stack(0x00000024d3e00000,0x00000024d3f00000) (1024K)]
  0x00000187ce211390 WorkerThread "GC Thread#1"                     [id=13644, stack(0x00000024d4f00000,0x00000024d5000000) (1024K)]
  0x00000187ce211730 WorkerThread "GC Thread#2"                     [id=11772, stack(0x00000024d5000000,0x00000024d5100000) (1024K)]
  0x00000187ce3c7a80 WorkerThread "GC Thread#3"                     [id=804, stack(0x00000024d5100000,0x00000024d5200000) (1024K)]
  0x00000187e80bdf80 ConcurrentGCThread "G1 Main Marker"            [id=5880, stack(0x00000024d3f00000,0x00000024d4000000) (1024K)]
  0x00000187e80be890 WorkerThread "G1 Conc#0"                       [id=4436, stack(0x00000024d4000000,0x00000024d4100000) (1024K)]
  0x00000187ff7dfa70 ConcurrentGCThread "G1 Refine#0"               [id=8008, stack(0x00000024d4100000,0x00000024d4200000) (1024K)]
  0x00000187ff7e03f0 ConcurrentGCThread "G1 Service"                [id=9540, stack(0x00000024d4200000,0x00000024d4300000) (1024K)]
Total: 10

Threads with active compile tasks:
C2 CompilerThread0  89153 10493   !   4       org.eclipse.jdt.internal.compiler.classfmt.ClassFileReader::<init> (1968 bytes)
C1 CompilerThread0  89154 10582   !   2       org.eclipse.jdt.internal.compiler.lookup.BinaryTypeBinding::superInterfaces (286 bytes)
Total: 2

VM state: at safepoint (normal execution)

VM Mutex/Monitor currently owned by a thread:  ([mutex/lock_event])
[0x00007ffbcdb65458] Threads_lock - owner thread: 0x00000187ff926450
[0x00007ffbcdb65558] Heap_lock - owner thread: 0x00000187ffa47a40

Heap address: 0x0000000700000000, size: 4096 MB, Compressed Oops mode: Zero based, Oop shift amount: 3

CDS archive(s) mapped at: [0x0000018784000000-0x0000018784ba0000-0x0000018789dc0000), size 98304000, SharedBaseAddress: 0x0000018784000000, ArchiveRelocationMode: 1.
Compressed class space mapped at: 0x000001878a000000-0x00000187ca000000, reserved size: 1073741824
Narrow klass base: 0x0000018784000000, Narrow klass shift: 0, Narrow klass range: 0x100000000

GC Precious Log:
 CardTable entry size: 512
 Card Set container configuration: InlinePtr #cards 4 size 8 Array Of Cards #cards 16 size 48 Howl #buckets 8 coarsen threshold 3686 Howl Bitmap #cards 512 size 80 coarsen threshold 460 Card regions per heap region 1 cards per card region 4096
 CPUs: 4 total, 4 available
 Memory: 3997M
 Large Page Support: Disabled
 NUMA Support: Disabled
 Compressed Oops: Enabled (Zero based)
 Heap Region Size: 2M
 Heap Min Capacity: 512M
 Heap Initial Capacity: 512M
 Heap Max Capacity: 4G
 Pre-touch: Disabled
 Parallel Workers: 4
 Concurrent Workers: 1
 Concurrent Refinement Workers: 4
 Periodic GC: Disabled

Heap:
 garbage-first heap   total 524288K, used 75918K [0x0000000700000000, 0x0000000800000000)
  region size 2048K, 13 young (26624K), 13 survivors (26624K)
 Metaspace       used 22448K, committed 23424K, reserved 1114112K
  class space    used 1967K, committed 2368K, reserved 1048576K

Heap Regions: E=young(eden), S=young(survivor), O=old, HS=humongous(starts), HC=humongous(continues), CS=collection set, F=free, TAMS=top-at-mark-start, PB=parsable bottom
|   0|0x0000000700000000, 0x0000000700200000, 0x0000000700200000|100%| O|  |TAMS 0x0000000700000000| PB 0x0000000700000000| Untracked 
|   1|0x0000000700200000, 0x0000000700400000, 0x0000000700400000|100%| O|  |TAMS 0x0000000700200000| PB 0x0000000700200000| Untracked 
|   2|0x0000000700400000, 0x0000000700600000, 0x0000000700600000|100%| O|  |TAMS 0x0000000700400000| PB 0x0000000700400000| Untracked 
|   3|0x0000000700600000, 0x0000000700800000, 0x0000000700800000|100%| O|  |TAMS 0x0000000700600000| PB 0x0000000700600000| Untracked 
|   4|0x0000000700800000, 0x0000000700a00000, 0x0000000700a00000|100%| O|  |TAMS 0x0000000700800000| PB 0x0000000700800000| Untracked 
|   5|0x0000000700a00000, 0x0000000700c00000, 0x0000000700c00000|100%| O|  |TAMS 0x0000000700a00000| PB 0x0000000700a00000| Untracked 
|   6|0x0000000700c00000, 0x0000000700e00000, 0x0000000700e00000|100%| O|  |TAMS 0x0000000700c00000| PB 0x0000000700c00000| Untracked 
|   7|0x0000000700e00000, 0x0000000701000000, 0x0000000701000000|100%| O|  |TAMS 0x0000000700e00000| PB 0x0000000700e00000| Untracked 
|   8|0x0000000701000000, 0x0000000701200000, 0x0000000701200000|100%| O|  |TAMS 0x0000000701000000| PB 0x0000000701000000| Untracked 
|   9|0x0000000701200000, 0x0000000701400000, 0x0000000701400000|100%| O|  |TAMS 0x0000000701200000| PB 0x0000000701200000| Untracked 
|  10|0x0000000701400000, 0x0000000701600000, 0x0000000701600000|100%| O|  |TAMS 0x0000000701400000| PB 0x0000000701400000| Untracked 
|  11|0x0000000701600000, 0x0000000701800000, 0x0000000701800000|100%| O|  |TAMS 0x0000000701600000| PB 0x0000000701600000| Untracked 
|  12|0x0000000701800000, 0x0000000701a00000, 0x0000000701a00000|100%| O|  |TAMS 0x0000000701800000| PB 0x0000000701800000| Untracked 
|  13|0x0000000701a00000, 0x0000000701c00000, 0x0000000701c00000|100%| O|  |TAMS 0x0000000701a00000| PB 0x0000000701a00000| Untracked 
|  14|0x0000000701c00000, 0x0000000701e00000, 0x0000000701e00000|100%| O|  |TAMS 0x0000000701c00000| PB 0x0000000701c00000| Untracked 
|  15|0x0000000701e00000, 0x0000000702000000, 0x0000000702000000|100%| O|  |TAMS 0x0000000701e00000| PB 0x0000000701e00000| Untracked 
|  16|0x0000000702000000, 0x0000000702200000, 0x0000000702200000|100%| O|  |TAMS 0x0000000702000000| PB 0x0000000702000000| Untracked 
|  17|0x0000000702200000, 0x0000000702400000, 0x0000000702400000|100%| O|  |TAMS 0x0000000702200000| PB 0x0000000702200000| Untracked 
|  18|0x0000000702400000, 0x0000000702600000, 0x0000000702600000|100%| O|  |TAMS 0x0000000702400000| PB 0x0000000702400000| Untracked 
|  19|0x0000000702600000, 0x0000000702800000, 0x0000000702800000|100%| O|Cm|TAMS 0x0000000702600000| PB 0x0000000702600000| Complete 
|  20|0x0000000702800000, 0x0000000702a00000, 0x0000000702a00000|100%| O|  |TAMS 0x0000000702800000| PB 0x0000000702800000| Untracked 
|  21|0x0000000702a00000, 0x0000000702c00000, 0x0000000702c00000|100%| O|  |TAMS 0x0000000702a00000| PB 0x0000000702a00000| Untracked 
|  22|0x0000000702c00000, 0x0000000702e00000, 0x0000000702e00000|100%| O|  |TAMS 0x0000000702c00000| PB 0x0000000702c00000| Untracked 
|  23|0x0000000702e00000, 0x0000000703000000, 0x0000000703000000|100%| O|  |TAMS 0x0000000702e00000| PB 0x0000000702e00000| Untracked 
|  24|0x0000000703000000, 0x0000000703114f80, 0x0000000703200000| 54%| O|  |TAMS 0x0000000703000000| PB 0x0000000703000000| Untracked 
|  25|0x0000000703200000, 0x0000000703200000, 0x0000000703400000|  0%| F|  |TAMS 0x0000000703200000| PB 0x0000000703200000| Untracked 
|  26|0x0000000703400000, 0x0000000703400000, 0x0000000703600000|  0%| F|  |TAMS 0x0000000703400000| PB 0x0000000703400000| Untracked 
|  27|0x0000000703600000, 0x0000000703600000, 0x0000000703800000|  0%| F|  |TAMS 0x0000000703600000| PB 0x0000000703600000| Untracked 
|  28|0x0000000703800000, 0x0000000703800000, 0x0000000703a00000|  0%| F|  |TAMS 0x0000000703800000| PB 0x0000000703800000| Untracked 
|  29|0x0000000703a00000, 0x0000000703a00000, 0x0000000703c00000|  0%| F|  |TAMS 0x0000000703a00000| PB 0x0000000703a00000| Untracked 
|  30|0x0000000703c00000, 0x0000000703c00000, 0x0000000703e00000|  0%| F|  |TAMS 0x0000000703c00000| PB 0x0000000703c00000| Untracked 
|  31|0x0000000703e00000, 0x0000000703e00000, 0x0000000704000000|  0%| F|  |TAMS 0x0000000703e00000| PB 0x0000000703e00000| Untracked 
|  32|0x0000000704000000, 0x0000000704000000, 0x0000000704200000|  0%| F|  |TAMS 0x0000000704000000| PB 0x0000000704000000| Untracked 
|  33|0x0000000704200000, 0x0000000704200000, 0x0000000704400000|  0%| F|  |TAMS 0x0000000704200000| PB 0x0000000704200000| Untracked 
|  34|0x0000000704400000, 0x0000000704400000, 0x0000000704600000|  0%| F|  |TAMS 0x0000000704400000| PB 0x0000000704400000| Untracked 
|  35|0x0000000704600000, 0x0000000704600000, 0x0000000704800000|  0%| F|  |TAMS 0x0000000704600000| PB 0x0000000704600000| Untracked 
|  36|0x0000000704800000, 0x0000000704800000, 0x0000000704a00000|  0%| F|  |TAMS 0x0000000704800000| PB 0x0000000704800000| Untracked 
|  37|0x0000000704a00000, 0x0000000704a00000, 0x0000000704c00000|  0%| F|  |TAMS 0x0000000704a00000| PB 0x0000000704a00000| Untracked 
|  38|0x0000000704c00000, 0x0000000704c00000, 0x0000000704e00000|  0%| F|  |TAMS 0x0000000704c00000| PB 0x0000000704c00000| Untracked 
|  39|0x0000000704e00000, 0x0000000704e00000, 0x0000000705000000|  0%| F|  |TAMS 0x0000000704e00000| PB 0x0000000704e00000| Untracked 
|  40|0x0000000705000000, 0x0000000705000000, 0x0000000705200000|  0%| F|  |TAMS 0x0000000705000000| PB 0x0000000705000000| Untracked 
|  41|0x0000000705200000, 0x0000000705200000, 0x0000000705400000|  0%| F|  |TAMS 0x0000000705200000| PB 0x0000000705200000| Untracked 
|  42|0x0000000705400000, 0x0000000705400000, 0x0000000705600000|  0%| F|  |TAMS 0x0000000705400000| PB 0x0000000705400000| Untracked 
|  43|0x0000000705600000, 0x0000000705600000, 0x0000000705800000|  0%| F|  |TAMS 0x0000000705600000| PB 0x0000000705600000| Untracked 
|  44|0x0000000705800000, 0x0000000705800000, 0x0000000705a00000|  0%| F|  |TAMS 0x0000000705800000| PB 0x0000000705800000| Untracked 
|  45|0x0000000705a00000, 0x0000000705a00000, 0x0000000705c00000|  0%| F|  |TAMS 0x0000000705a00000| PB 0x0000000705a00000| Untracked 
|  46|0x0000000705c00000, 0x0000000705c00000, 0x0000000705e00000|  0%| F|  |TAMS 0x0000000705c00000| PB 0x0000000705c00000| Untracked 
|  47|0x0000000705e00000, 0x0000000705e00000, 0x0000000706000000|  0%| F|  |TAMS 0x0000000705e00000| PB 0x0000000705e00000| Untracked 
|  48|0x0000000706000000, 0x0000000706000000, 0x0000000706200000|  0%| F|  |TAMS 0x0000000706000000| PB 0x0000000706000000| Untracked 
|  49|0x0000000706200000, 0x0000000706200000, 0x0000000706400000|  0%| F|  |TAMS 0x0000000706200000| PB 0x0000000706200000| Untracked 
|  50|0x0000000706400000, 0x0000000706400000, 0x0000000706600000|  0%| F|  |TAMS 0x0000000706400000| PB 0x0000000706400000| Untracked 
|  51|0x0000000706600000, 0x0000000706600000, 0x0000000706800000|  0%| F|  |TAMS 0x0000000706600000| PB 0x0000000706600000| Untracked 
|  52|0x0000000706800000, 0x0000000706800000, 0x0000000706a00000|  0%| F|  |TAMS 0x0000000706800000| PB 0x0000000706800000| Untracked 
|  53|0x0000000706a00000, 0x0000000706a00000, 0x0000000706c00000|  0%| F|  |TAMS 0x0000000706a00000| PB 0x0000000706a00000| Untracked 
|  54|0x0000000706c00000, 0x0000000706c00000, 0x0000000706e00000|  0%| F|  |TAMS 0x0000000706c00000| PB 0x0000000706c00000| Untracked 
|  55|0x0000000706e00000, 0x0000000706e00000, 0x0000000707000000|  0%| F|  |TAMS 0x0000000706e00000| PB 0x0000000706e00000| Untracked 
|  56|0x0000000707000000, 0x0000000707000000, 0x0000000707200000|  0%| F|  |TAMS 0x0000000707000000| PB 0x0000000707000000| Untracked 
|  57|0x0000000707200000, 0x0000000707200000, 0x0000000707400000|  0%| F|  |TAMS 0x0000000707200000| PB 0x0000000707200000| Untracked 
|  58|0x0000000707400000, 0x0000000707400000, 0x0000000707600000|  0%| F|  |TAMS 0x0000000707400000| PB 0x0000000707400000| Untracked 
|  59|0x0000000707600000, 0x0000000707600000, 0x0000000707800000|  0%| F|  |TAMS 0x0000000707600000| PB 0x0000000707600000| Untracked 
|  60|0x0000000707800000, 0x0000000707800000, 0x0000000707a00000|  0%| F|  |TAMS 0x0000000707800000| PB 0x0000000707800000| Untracked 
|  61|0x0000000707a00000, 0x0000000707a00000, 0x0000000707c00000|  0%| F|  |TAMS 0x0000000707a00000| PB 0x0000000707a00000| Untracked 
|  62|0x0000000707c00000, 0x0000000707c00000, 0x0000000707e00000|  0%| F|  |TAMS 0x0000000707c00000| PB 0x0000000707c00000| Untracked 
|  63|0x0000000707e00000, 0x0000000707e00000, 0x0000000708000000|  0%| F|  |TAMS 0x0000000707e00000| PB 0x0000000707e00000| Untracked 
|  64|0x0000000708000000, 0x0000000708000000, 0x0000000708200000|  0%| F|  |TAMS 0x0000000708000000| PB 0x0000000708000000| Untracked 
|  65|0x0000000708200000, 0x0000000708200000, 0x0000000708400000|  0%| F|  |TAMS 0x0000000708200000| PB 0x0000000708200000| Untracked 
|  66|0x0000000708400000, 0x0000000708400000, 0x0000000708600000|  0%| F|  |TAMS 0x0000000708400000| PB 0x0000000708400000| Untracked 
|  67|0x0000000708600000, 0x0000000708600000, 0x0000000708800000|  0%| F|  |TAMS 0x0000000708600000| PB 0x0000000708600000| Untracked 
|  68|0x0000000708800000, 0x0000000708800000, 0x0000000708a00000|  0%| F|  |TAMS 0x0000000708800000| PB 0x0000000708800000| Untracked 
|  69|0x0000000708a00000, 0x0000000708a00000, 0x0000000708c00000|  0%| F|  |TAMS 0x0000000708a00000| PB 0x0000000708a00000| Untracked 
|  70|0x0000000708c00000, 0x0000000708c00000, 0x0000000708e00000|  0%| F|  |TAMS 0x0000000708c00000| PB 0x0000000708c00000| Untracked 
|  71|0x0000000708e00000, 0x0000000708e00000, 0x0000000709000000|  0%| F|  |TAMS 0x0000000708e00000| PB 0x0000000708e00000| Untracked 
|  72|0x0000000709000000, 0x0000000709000000, 0x0000000709200000|  0%| F|  |TAMS 0x0000000709000000| PB 0x0000000709000000| Untracked 
|  73|0x0000000709200000, 0x0000000709200000, 0x0000000709400000|  0%| F|  |TAMS 0x0000000709200000| PB 0x0000000709200000| Untracked 
|  74|0x0000000709400000, 0x0000000709400000, 0x0000000709600000|  0%| F|  |TAMS 0x0000000709400000| PB 0x0000000709400000| Untracked 
|  75|0x0000000709600000, 0x0000000709600000, 0x0000000709800000|  0%| F|  |TAMS 0x0000000709600000| PB 0x0000000709600000| Untracked 
|  76|0x0000000709800000, 0x0000000709800000, 0x0000000709a00000|  0%| F|  |TAMS 0x0000000709800000| PB 0x0000000709800000| Untracked 
|  77|0x0000000709a00000, 0x0000000709a00000, 0x0000000709c00000|  0%| F|  |TAMS 0x0000000709a00000| PB 0x0000000709a00000| Untracked 
|  78|0x0000000709c00000, 0x0000000709c00000, 0x0000000709e00000|  0%| F|  |TAMS 0x0000000709c00000| PB 0x0000000709c00000| Untracked 
|  79|0x0000000709e00000, 0x0000000709e00000, 0x000000070a000000|  0%| F|  |TAMS 0x0000000709e00000| PB 0x0000000709e00000| Untracked 
|  80|0x000000070a000000, 0x000000070a000000, 0x000000070a200000|  0%| F|  |TAMS 0x000000070a000000| PB 0x000000070a000000| Untracked 
|  81|0x000000070a200000, 0x000000070a200000, 0x000000070a400000|  0%| F|  |TAMS 0x000000070a200000| PB 0x000000070a200000| Untracked 
|  82|0x000000070a400000, 0x000000070a400000, 0x000000070a600000|  0%| F|  |TAMS 0x000000070a400000| PB 0x000000070a400000| Untracked 
|  83|0x000000070a600000, 0x000000070a600000, 0x000000070a800000|  0%| F|  |TAMS 0x000000070a600000| PB 0x000000070a600000| Untracked 
|  84|0x000000070a800000, 0x000000070a800000, 0x000000070aa00000|  0%| F|  |TAMS 0x000000070a800000| PB 0x000000070a800000| Untracked 
|  85|0x000000070aa00000, 0x000000070aa00000, 0x000000070ac00000|  0%| F|  |TAMS 0x000000070aa00000| PB 0x000000070aa00000| Untracked 
|  86|0x000000070ac00000, 0x000000070ac00000, 0x000000070ae00000|  0%| F|  |TAMS 0x000000070ac00000| PB 0x000000070ac00000| Untracked 
|  87|0x000000070ae00000, 0x000000070ae00000, 0x000000070b000000|  0%| F|  |TAMS 0x000000070ae00000| PB 0x000000070ae00000| Untracked 
|  88|0x000000070b000000, 0x000000070b000000, 0x000000070b200000|  0%| F|  |TAMS 0x000000070b000000| PB 0x000000070b000000| Untracked 
|  89|0x000000070b200000, 0x000000070b200000, 0x000000070b400000|  0%| F|  |TAMS 0x000000070b200000| PB 0x000000070b200000| Untracked 
|  90|0x000000070b400000, 0x000000070b400000, 0x000000070b600000|  0%| F|  |TAMS 0x000000070b400000| PB 0x000000070b400000| Untracked 
|  91|0x000000070b600000, 0x000000070b600000, 0x000000070b800000|  0%| F|  |TAMS 0x000000070b600000| PB 0x000000070b600000| Untracked 
|  92|0x000000070b800000, 0x000000070b800000, 0x000000070ba00000|  0%| F|  |TAMS 0x000000070b800000| PB 0x000000070b800000| Untracked 
|  93|0x000000070ba00000, 0x000000070ba00000, 0x000000070bc00000|  0%| F|  |TAMS 0x000000070ba00000| PB 0x000000070ba00000| Untracked 
|  94|0x000000070bc00000, 0x000000070bc00000, 0x000000070be00000|  0%| F|  |TAMS 0x000000070bc00000| PB 0x000000070bc00000| Untracked 
|  95|0x000000070be00000, 0x000000070be00000, 0x000000070c000000|  0%| F|  |TAMS 0x000000070be00000| PB 0x000000070be00000| Untracked 
|  96|0x000000070c000000, 0x000000070c000000, 0x000000070c200000|  0%| F|  |TAMS 0x000000070c000000| PB 0x000000070c000000| Untracked 
|  97|0x000000070c200000, 0x000000070c200000, 0x000000070c400000|  0%| F|  |TAMS 0x000000070c200000| PB 0x000000070c200000| Untracked 
|  98|0x000000070c400000, 0x000000070c400000, 0x000000070c600000|  0%| F|  |TAMS 0x000000070c400000| PB 0x000000070c400000| Untracked 
|  99|0x000000070c600000, 0x000000070c600000, 0x000000070c800000|  0%| F|  |TAMS 0x000000070c600000| PB 0x000000070c600000| Untracked 
| 100|0x000000070c800000, 0x000000070c800000, 0x000000070ca00000|  0%| F|  |TAMS 0x000000070c800000| PB 0x000000070c800000| Untracked 
| 101|0x000000070ca00000, 0x000000070ca00000, 0x000000070cc00000|  0%| F|  |TAMS 0x000000070ca00000| PB 0x000000070ca00000| Untracked 
| 102|0x000000070cc00000, 0x000000070cc00000, 0x000000070ce00000|  0%| F|  |TAMS 0x000000070cc00000| PB 0x000000070cc00000| Untracked 
| 103|0x000000070ce00000, 0x000000070ce00000, 0x000000070d000000|  0%| F|  |TAMS 0x000000070ce00000| PB 0x000000070ce00000| Untracked 
| 104|0x000000070d000000, 0x000000070d000000, 0x000000070d200000|  0%| F|  |TAMS 0x000000070d000000| PB 0x000000070d000000| Untracked 
| 105|0x000000070d200000, 0x000000070d200000, 0x000000070d400000|  0%| F|  |TAMS 0x000000070d200000| PB 0x000000070d200000| Untracked 
| 106|0x000000070d400000, 0x000000070d400000, 0x000000070d600000|  0%| F|  |TAMS 0x000000070d400000| PB 0x000000070d400000| Untracked 
| 107|0x000000070d600000, 0x000000070d600000, 0x000000070d800000|  0%| F|  |TAMS 0x000000070d600000| PB 0x000000070d600000| Untracked 
| 108|0x000000070d800000, 0x000000070d800000, 0x000000070da00000|  0%| F|  |TAMS 0x000000070d800000| PB 0x000000070d800000| Untracked 
| 109|0x000000070da00000, 0x000000070db0ec60, 0x000000070dc00000| 52%| S|CS|TAMS 0x000000070da00000| PB 0x000000070da00000| Complete 
| 110|0x000000070dc00000, 0x000000070de00000, 0x000000070de00000|100%| S|CS|TAMS 0x000000070dc00000| PB 0x000000070dc00000| Complete 
| 111|0x000000070de00000, 0x000000070e000000, 0x000000070e000000|100%| S|CS|TAMS 0x000000070de00000| PB 0x000000070de00000| Complete 
| 112|0x000000070e000000, 0x000000070e200000, 0x000000070e200000|100%| S|CS|TAMS 0x000000070e000000| PB 0x000000070e000000| Complete 
| 113|0x000000070e200000, 0x000000070e400000, 0x000000070e400000|100%| S|CS|TAMS 0x000000070e200000| PB 0x000000070e200000| Complete 
| 114|0x000000070e400000, 0x000000070e600000, 0x000000070e600000|100%| S|CS|TAMS 0x000000070e400000| PB 0x000000070e400000| Complete 
| 115|0x000000070e600000, 0x000000070e800000, 0x000000070e800000|100%| S|CS|TAMS 0x000000070e600000| PB 0x000000070e600000| Complete 
| 116|0x000000070e800000, 0x000000070ea00000, 0x000000070ea00000|100%| S|CS|TAMS 0x000000070e800000| PB 0x000000070e800000| Complete 
| 117|0x000000070ea00000, 0x000000070ec00000, 0x000000070ec00000|100%| S|CS|TAMS 0x000000070ea00000| PB 0x000000070ea00000| Complete 
| 118|0x000000070ec00000, 0x000000070ee00000, 0x000000070ee00000|100%| S|CS|TAMS 0x000000070ec00000| PB 0x000000070ec00000| Complete 
| 119|0x000000070ee00000, 0x000000070f000000, 0x000000070f000000|100%| S|CS|TAMS 0x000000070ee00000| PB 0x000000070ee00000| Complete 
| 120|0x000000070f000000, 0x000000070f200000, 0x000000070f200000|100%| S|CS|TAMS 0x000000070f000000| PB 0x000000070f000000| Complete 
| 121|0x000000070f200000, 0x000000070f400000, 0x000000070f400000|100%| S|CS|TAMS 0x000000070f200000| PB 0x000000070f200000| Complete 
| 122|0x000000070f400000, 0x000000070f400000, 0x000000070f600000|  0%| F|  |TAMS 0x000000070f400000| PB 0x000000070f400000| Untracked 
| 123|0x000000070f600000, 0x000000070f600000, 0x000000070f800000|  0%| F|  |TAMS 0x000000070f600000| PB 0x000000070f600000| Untracked 
| 124|0x000000070f800000, 0x000000070f800000, 0x000000070fa00000|  0%| F|  |TAMS 0x000000070f800000| PB 0x000000070f800000| Untracked 
| 125|0x000000070fa00000, 0x000000070fa00000, 0x000000070fc00000|  0%| F|  |TAMS 0x000000070fa00000| PB 0x000000070fa00000| Untracked 
| 126|0x000000070fc00000, 0x000000070fc00000, 0x000000070fe00000|  0%| F|  |TAMS 0x000000070fc00000| PB 0x000000070fc00000| Untracked 
| 127|0x000000070fe00000, 0x000000070fe00000, 0x0000000710000000|  0%| F|  |TAMS 0x000000070fe00000| PB 0x000000070fe00000| Untracked 
| 128|0x0000000710000000, 0x0000000710000000, 0x0000000710200000|  0%| F|  |TAMS 0x0000000710000000| PB 0x0000000710000000| Untracked 
| 129|0x0000000710200000, 0x0000000710200000, 0x0000000710400000|  0%| F|  |TAMS 0x0000000710200000| PB 0x0000000710200000| Untracked 
| 130|0x0000000710400000, 0x0000000710400000, 0x0000000710600000|  0%| F|  |TAMS 0x0000000710400000| PB 0x0000000710400000| Untracked 
| 131|0x0000000710600000, 0x0000000710600000, 0x0000000710800000|  0%| F|  |TAMS 0x0000000710600000| PB 0x0000000710600000| Untracked 
| 132|0x0000000710800000, 0x0000000710800000, 0x0000000710a00000|  0%| F|  |TAMS 0x0000000710800000| PB 0x0000000710800000| Untracked 
| 133|0x0000000710a00000, 0x0000000710a00000, 0x0000000710c00000|  0%| F|  |TAMS 0x0000000710a00000| PB 0x0000000710a00000| Untracked 
| 134|0x0000000710c00000, 0x0000000710c00000, 0x0000000710e00000|  0%| F|  |TAMS 0x0000000710c00000| PB 0x0000000710c00000| Untracked 
| 135|0x0000000710e00000, 0x0000000710e00000, 0x0000000711000000|  0%| F|  |TAMS 0x0000000710e00000| PB 0x0000000710e00000| Untracked 
| 136|0x0000000711000000, 0x0000000711000000, 0x0000000711200000|  0%| F|  |TAMS 0x0000000711000000| PB 0x0000000711000000| Untracked 
| 137|0x0000000711200000, 0x0000000711200000, 0x0000000711400000|  0%| F|  |TAMS 0x0000000711200000| PB 0x0000000711200000| Untracked 
| 138|0x0000000711400000, 0x0000000711400000, 0x0000000711600000|  0%| F|  |TAMS 0x0000000711400000| PB 0x0000000711400000| Untracked 
| 139|0x0000000711600000, 0x0000000711600000, 0x0000000711800000|  0%| F|  |TAMS 0x0000000711600000| PB 0x0000000711600000| Untracked 
| 140|0x0000000711800000, 0x0000000711800000, 0x0000000711a00000|  0%| F|  |TAMS 0x0000000711800000| PB 0x0000000711800000| Untracked 
| 141|0x0000000711a00000, 0x0000000711a00000, 0x0000000711c00000|  0%| F|  |TAMS 0x0000000711a00000| PB 0x0000000711a00000| Untracked 
| 142|0x0000000711c00000, 0x0000000711c00000, 0x0000000711e00000|  0%| F|  |TAMS 0x0000000711c00000| PB 0x0000000711c00000| Untracked 
| 143|0x0000000711e00000, 0x0000000711e00000, 0x0000000712000000|  0%| F|  |TAMS 0x0000000711e00000| PB 0x0000000711e00000| Untracked 
| 144|0x0000000712000000, 0x0000000712000000, 0x0000000712200000|  0%| F|  |TAMS 0x0000000712000000| PB 0x0000000712000000| Untracked 
| 145|0x0000000712200000, 0x0000000712200000, 0x0000000712400000|  0%| F|  |TAMS 0x0000000712200000| PB 0x0000000712200000| Untracked 
| 146|0x0000000712400000, 0x0000000712400000, 0x0000000712600000|  0%| F|  |TAMS 0x0000000712400000| PB 0x0000000712400000| Untracked 
| 147|0x0000000712600000, 0x0000000712600000, 0x0000000712800000|  0%| F|  |TAMS 0x0000000712600000| PB 0x0000000712600000| Untracked 
| 148|0x0000000712800000, 0x0000000712800000, 0x0000000712a00000|  0%| F|  |TAMS 0x0000000712800000| PB 0x0000000712800000| Untracked 
| 149|0x0000000712a00000, 0x0000000712a00000, 0x0000000712c00000|  0%| F|  |TAMS 0x0000000712a00000| PB 0x0000000712a00000| Untracked 
| 150|0x0000000712c00000, 0x0000000712c00000, 0x0000000712e00000|  0%| F|  |TAMS 0x0000000712c00000| PB 0x0000000712c00000| Untracked 
| 151|0x0000000712e00000, 0x0000000712e00000, 0x0000000713000000|  0%| F|  |TAMS 0x0000000712e00000| PB 0x0000000712e00000| Untracked 
| 152|0x0000000713000000, 0x0000000713000000, 0x0000000713200000|  0%| F|  |TAMS 0x0000000713000000| PB 0x0000000713000000| Untracked 
| 153|0x0000000713200000, 0x0000000713200000, 0x0000000713400000|  0%| F|  |TAMS 0x0000000713200000| PB 0x0000000713200000| Untracked 
| 154|0x0000000713400000, 0x0000000713400000, 0x0000000713600000|  0%| F|  |TAMS 0x0000000713400000| PB 0x0000000713400000| Untracked 
| 155|0x0000000713600000, 0x0000000713600000, 0x0000000713800000|  0%| F|  |TAMS 0x0000000713600000| PB 0x0000000713600000| Untracked 
| 156|0x0000000713800000, 0x0000000713800000, 0x0000000713a00000|  0%| F|  |TAMS 0x0000000713800000| PB 0x0000000713800000| Untracked 
| 157|0x0000000713a00000, 0x0000000713a00000, 0x0000000713c00000|  0%| F|  |TAMS 0x0000000713a00000| PB 0x0000000713a00000| Untracked 
| 158|0x0000000713c00000, 0x0000000713c00000, 0x0000000713e00000|  0%| F|  |TAMS 0x0000000713c00000| PB 0x0000000713c00000| Untracked 
| 159|0x0000000713e00000, 0x0000000713e00000, 0x0000000714000000|  0%| F|  |TAMS 0x0000000713e00000| PB 0x0000000713e00000| Untracked 
| 160|0x0000000714000000, 0x0000000714000000, 0x0000000714200000|  0%| F|  |TAMS 0x0000000714000000| PB 0x0000000714000000| Untracked 
| 161|0x0000000714200000, 0x0000000714200000, 0x0000000714400000|  0%| F|  |TAMS 0x0000000714200000| PB 0x0000000714200000| Untracked 
| 162|0x0000000714400000, 0x0000000714400000, 0x0000000714600000|  0%| F|  |TAMS 0x0000000714400000| PB 0x0000000714400000| Untracked 
| 163|0x0000000714600000, 0x0000000714600000, 0x0000000714800000|  0%| F|  |TAMS 0x0000000714600000| PB 0x0000000714600000| Untracked 
| 164|0x0000000714800000, 0x0000000714800000, 0x0000000714a00000|  0%| F|  |TAMS 0x0000000714800000| PB 0x0000000714800000| Untracked 
| 165|0x0000000714a00000, 0x0000000714a00000, 0x0000000714c00000|  0%| F|  |TAMS 0x0000000714a00000| PB 0x0000000714a00000| Untracked 
| 166|0x0000000714c00000, 0x0000000714c00000, 0x0000000714e00000|  0%| F|  |TAMS 0x0000000714c00000| PB 0x0000000714c00000| Untracked 
| 167|0x0000000714e00000, 0x0000000714e00000, 0x0000000715000000|  0%| F|  |TAMS 0x0000000714e00000| PB 0x0000000714e00000| Untracked 
| 168|0x0000000715000000, 0x0000000715000000, 0x0000000715200000|  0%| F|  |TAMS 0x0000000715000000| PB 0x0000000715000000| Untracked 
| 169|0x0000000715200000, 0x0000000715200000, 0x0000000715400000|  0%| F|  |TAMS 0x0000000715200000| PB 0x0000000715200000| Untracked 
| 170|0x0000000715400000, 0x0000000715400000, 0x0000000715600000|  0%| F|  |TAMS 0x0000000715400000| PB 0x0000000715400000| Untracked 
| 171|0x0000000715600000, 0x0000000715600000, 0x0000000715800000|  0%| F|  |TAMS 0x0000000715600000| PB 0x0000000715600000| Untracked 
| 172|0x0000000715800000, 0x0000000715800000, 0x0000000715a00000|  0%| F|  |TAMS 0x0000000715800000| PB 0x0000000715800000| Untracked 
| 173|0x0000000715a00000, 0x0000000715a00000, 0x0000000715c00000|  0%| F|  |TAMS 0x0000000715a00000| PB 0x0000000715a00000| Untracked 
| 174|0x0000000715c00000, 0x0000000715c00000, 0x0000000715e00000|  0%| F|  |TAMS 0x0000000715c00000| PB 0x0000000715c00000| Untracked 
| 175|0x0000000715e00000, 0x0000000715e00000, 0x0000000716000000|  0%| F|  |TAMS 0x0000000715e00000| PB 0x0000000715e00000| Untracked 
| 176|0x0000000716000000, 0x0000000716000000, 0x0000000716200000|  0%| F|  |TAMS 0x0000000716000000| PB 0x0000000716000000| Untracked 
| 177|0x0000000716200000, 0x0000000716200000, 0x0000000716400000|  0%| F|  |TAMS 0x0000000716200000| PB 0x0000000716200000| Untracked 
| 178|0x0000000716400000, 0x0000000716400000, 0x0000000716600000|  0%| F|  |TAMS 0x0000000716400000| PB 0x0000000716400000| Untracked 
| 179|0x0000000716600000, 0x0000000716600000, 0x0000000716800000|  0%| F|  |TAMS 0x0000000716600000| PB 0x0000000716600000| Untracked 
| 180|0x0000000716800000, 0x0000000716800000, 0x0000000716a00000|  0%| F|  |TAMS 0x0000000716800000| PB 0x0000000716800000| Untracked 
| 181|0x0000000716a00000, 0x0000000716a00000, 0x0000000716c00000|  0%| F|  |TAMS 0x0000000716a00000| PB 0x0000000716a00000| Untracked 
| 182|0x0000000716c00000, 0x0000000716c00000, 0x0000000716e00000|  0%| F|  |TAMS 0x0000000716c00000| PB 0x0000000716c00000| Untracked 
| 183|0x0000000716e00000, 0x0000000716e00000, 0x0000000717000000|  0%| F|  |TAMS 0x0000000716e00000| PB 0x0000000716e00000| Untracked 
| 184|0x0000000717000000, 0x0000000717000000, 0x0000000717200000|  0%| F|  |TAMS 0x0000000717000000| PB 0x0000000717000000| Untracked 
| 185|0x0000000717200000, 0x0000000717200000, 0x0000000717400000|  0%| F|  |TAMS 0x0000000717200000| PB 0x0000000717200000| Untracked 
| 186|0x0000000717400000, 0x0000000717400000, 0x0000000717600000|  0%| F|  |TAMS 0x0000000717400000| PB 0x0000000717400000| Untracked 
| 187|0x0000000717600000, 0x0000000717600000, 0x0000000717800000|  0%| F|  |TAMS 0x0000000717600000| PB 0x0000000717600000| Untracked 
| 188|0x0000000717800000, 0x0000000717800000, 0x0000000717a00000|  0%| F|  |TAMS 0x0000000717800000| PB 0x0000000717800000| Untracked 
| 189|0x0000000717a00000, 0x0000000717a00000, 0x0000000717c00000|  0%| F|  |TAMS 0x0000000717a00000| PB 0x0000000717a00000| Untracked 
| 190|0x0000000717c00000, 0x0000000717c00000, 0x0000000717e00000|  0%| F|  |TAMS 0x0000000717c00000| PB 0x0000000717c00000| Untracked 
| 191|0x0000000717e00000, 0x0000000717e00000, 0x0000000718000000|  0%| F|  |TAMS 0x0000000717e00000| PB 0x0000000717e00000| Untracked 
| 192|0x0000000718000000, 0x0000000718000000, 0x0000000718200000|  0%| F|  |TAMS 0x0000000718000000| PB 0x0000000718000000| Untracked 
| 193|0x0000000718200000, 0x0000000718200000, 0x0000000718400000|  0%| F|  |TAMS 0x0000000718200000| PB 0x0000000718200000| Untracked 
| 194|0x0000000718400000, 0x0000000718400000, 0x0000000718600000|  0%| F|  |TAMS 0x0000000718400000| PB 0x0000000718400000| Untracked 
| 195|0x0000000718600000, 0x0000000718600000, 0x0000000718800000|  0%| F|  |TAMS 0x0000000718600000| PB 0x0000000718600000| Untracked 
| 196|0x0000000718800000, 0x0000000718800000, 0x0000000718a00000|  0%| F|  |TAMS 0x0000000718800000| PB 0x0000000718800000| Untracked 
| 197|0x0000000718a00000, 0x0000000718a00000, 0x0000000718c00000|  0%| F|  |TAMS 0x0000000718a00000| PB 0x0000000718a00000| Untracked 
| 198|0x0000000718c00000, 0x0000000718c00000, 0x0000000718e00000|  0%| F|  |TAMS 0x0000000718c00000| PB 0x0000000718c00000| Untracked 
| 199|0x0000000718e00000, 0x0000000718e00000, 0x0000000719000000|  0%| F|  |TAMS 0x0000000718e00000| PB 0x0000000718e00000| Untracked 
| 200|0x0000000719000000, 0x0000000719000000, 0x0000000719200000|  0%| F|  |TAMS 0x0000000719000000| PB 0x0000000719000000| Untracked 
| 201|0x0000000719200000, 0x0000000719200000, 0x0000000719400000|  0%| F|  |TAMS 0x0000000719200000| PB 0x0000000719200000| Untracked 
| 202|0x0000000719400000, 0x0000000719400000, 0x0000000719600000|  0%| F|  |TAMS 0x0000000719400000| PB 0x0000000719400000| Untracked 
| 203|0x0000000719600000, 0x0000000719600000, 0x0000000719800000|  0%| F|  |TAMS 0x0000000719600000| PB 0x0000000719600000| Untracked 
| 204|0x0000000719800000, 0x0000000719800000, 0x0000000719a00000|  0%| F|  |TAMS 0x0000000719800000| PB 0x0000000719800000| Untracked 
| 205|0x0000000719a00000, 0x0000000719a00000, 0x0000000719c00000|  0%| F|  |TAMS 0x0000000719a00000| PB 0x0000000719a00000| Untracked 
| 206|0x0000000719c00000, 0x0000000719c00000, 0x0000000719e00000|  0%| F|  |TAMS 0x0000000719c00000| PB 0x0000000719c00000| Untracked 
| 207|0x0000000719e00000, 0x0000000719e00000, 0x000000071a000000|  0%| F|  |TAMS 0x0000000719e00000| PB 0x0000000719e00000| Untracked 
| 208|0x000000071a000000, 0x000000071a000000, 0x000000071a200000|  0%| F|  |TAMS 0x000000071a000000| PB 0x000000071a000000| Untracked 
| 209|0x000000071a200000, 0x000000071a200000, 0x000000071a400000|  0%| F|  |TAMS 0x000000071a200000| PB 0x000000071a200000| Untracked 
| 210|0x000000071a400000, 0x000000071a400000, 0x000000071a600000|  0%| F|  |TAMS 0x000000071a400000| PB 0x000000071a400000| Untracked 
| 211|0x000000071a600000, 0x000000071a600000, 0x000000071a800000|  0%| F|  |TAMS 0x000000071a600000| PB 0x000000071a600000| Untracked 
| 212|0x000000071a800000, 0x000000071a800000, 0x000000071aa00000|  0%| F|  |TAMS 0x000000071a800000| PB 0x000000071a800000| Untracked 
| 213|0x000000071aa00000, 0x000000071aa00000, 0x000000071ac00000|  0%| F|  |TAMS 0x000000071aa00000| PB 0x000000071aa00000| Untracked 
| 214|0x000000071ac00000, 0x000000071ac00000, 0x000000071ae00000|  0%| F|  |TAMS 0x000000071ac00000| PB 0x000000071ac00000| Untracked 
| 215|0x000000071ae00000, 0x000000071ae00000, 0x000000071b000000|  0%| F|  |TAMS 0x000000071ae00000| PB 0x000000071ae00000| Untracked 
| 216|0x000000071b000000, 0x000000071b000000, 0x000000071b200000|  0%| F|  |TAMS 0x000000071b000000| PB 0x000000071b000000| Untracked 
| 217|0x000000071b200000, 0x000000071b200000, 0x000000071b400000|  0%| F|  |TAMS 0x000000071b200000| PB 0x000000071b200000| Untracked 
| 218|0x000000071b400000, 0x000000071b400000, 0x000000071b600000|  0%| F|  |TAMS 0x000000071b400000| PB 0x000000071b400000| Untracked 
| 219|0x000000071b600000, 0x000000071b600000, 0x000000071b800000|  0%| F|  |TAMS 0x000000071b600000| PB 0x000000071b600000| Untracked 
| 220|0x000000071b800000, 0x000000071b800000, 0x000000071ba00000|  0%| F|  |TAMS 0x000000071b800000| PB 0x000000071b800000| Untracked 
| 221|0x000000071ba00000, 0x000000071ba00000, 0x000000071bc00000|  0%| F|  |TAMS 0x000000071ba00000| PB 0x000000071ba00000| Untracked 
| 222|0x000000071bc00000, 0x000000071bc00000, 0x000000071be00000|  0%| F|  |TAMS 0x000000071bc00000| PB 0x000000071bc00000| Untracked 
| 223|0x000000071be00000, 0x000000071be00000, 0x000000071c000000|  0%| F|  |TAMS 0x000000071be00000| PB 0x000000071be00000| Untracked 
| 224|0x000000071c000000, 0x000000071c000000, 0x000000071c200000|  0%| F|  |TAMS 0x000000071c000000| PB 0x000000071c000000| Untracked 
| 225|0x000000071c200000, 0x000000071c200000, 0x000000071c400000|  0%| F|  |TAMS 0x000000071c200000| PB 0x000000071c200000| Untracked 
| 226|0x000000071c400000, 0x000000071c400000, 0x000000071c600000|  0%| F|  |TAMS 0x000000071c400000| PB 0x000000071c400000| Untracked 
| 227|0x000000071c600000, 0x000000071c600000, 0x000000071c800000|  0%| F|  |TAMS 0x000000071c600000| PB 0x000000071c600000| Untracked 
| 228|0x000000071c800000, 0x000000071c800000, 0x000000071ca00000|  0%| F|  |TAMS 0x000000071c800000| PB 0x000000071c800000| Untracked 
| 229|0x000000071ca00000, 0x000000071ca00000, 0x000000071cc00000|  0%| F|  |TAMS 0x000000071ca00000| PB 0x000000071ca00000| Untracked 
| 230|0x000000071cc00000, 0x000000071cc00000, 0x000000071ce00000|  0%| F|  |TAMS 0x000000071cc00000| PB 0x000000071cc00000| Untracked 
| 231|0x000000071ce00000, 0x000000071ce00000, 0x000000071d000000|  0%| F|  |TAMS 0x000000071ce00000| PB 0x000000071ce00000| Untracked 
| 232|0x000000071d000000, 0x000000071d000000, 0x000000071d200000|  0%| F|  |TAMS 0x000000071d000000| PB 0x000000071d000000| Untracked 
| 233|0x000000071d200000, 0x000000071d200000, 0x000000071d400000|  0%| F|  |TAMS 0x000000071d200000| PB 0x000000071d200000| Untracked 
| 234|0x000000071d400000, 0x000000071d400000, 0x000000071d600000|  0%| F|  |TAMS 0x000000071d400000| PB 0x000000071d400000| Untracked 
| 235|0x000000071d600000, 0x000000071d600000, 0x000000071d800000|  0%| F|  |TAMS 0x000000071d600000| PB 0x000000071d600000| Untracked 
| 236|0x000000071d800000, 0x000000071d800000, 0x000000071da00000|  0%| F|  |TAMS 0x000000071d800000| PB 0x000000071d800000| Untracked 
| 237|0x000000071da00000, 0x000000071da00000, 0x000000071dc00000|  0%| F|  |TAMS 0x000000071da00000| PB 0x000000071da00000| Untracked 
| 238|0x000000071dc00000, 0x000000071dc00000, 0x000000071de00000|  0%| F|  |TAMS 0x000000071dc00000| PB 0x000000071dc00000| Untracked 
| 239|0x000000071de00000, 0x000000071de00000, 0x000000071e000000|  0%| F|  |TAMS 0x000000071de00000| PB 0x000000071de00000| Untracked 
| 240|0x000000071e000000, 0x000000071e000000, 0x000000071e200000|  0%| F|  |TAMS 0x000000071e000000| PB 0x000000071e000000| Untracked 
| 241|0x000000071e200000, 0x000000071e200000, 0x000000071e400000|  0%| F|  |TAMS 0x000000071e200000| PB 0x000000071e200000| Untracked 
| 242|0x000000071e400000, 0x000000071e400000, 0x000000071e600000|  0%| F|  |TAMS 0x000000071e400000| PB 0x000000071e400000| Untracked 
| 243|0x000000071e600000, 0x000000071e600000, 0x000000071e800000|  0%| F|  |TAMS 0x000000071e600000| PB 0x000000071e600000| Untracked 
| 244|0x000000071e800000, 0x000000071e800000, 0x000000071ea00000|  0%| F|  |TAMS 0x000000071e800000| PB 0x000000071e800000| Untracked 
| 245|0x000000071ea00000, 0x000000071ea00000, 0x000000071ec00000|  0%| F|  |TAMS 0x000000071ea00000| PB 0x000000071ea00000| Untracked 
| 246|0x000000071ec00000, 0x000000071ec00000, 0x000000071ee00000|  0%| F|  |TAMS 0x000000071ec00000| PB 0x000000071ec00000| Untracked 
| 247|0x000000071ee00000, 0x000000071ee00000, 0x000000071f000000|  0%| F|  |TAMS 0x000000071ee00000| PB 0x000000071ee00000| Untracked 
| 248|0x000000071f000000, 0x000000071f000000, 0x000000071f200000|  0%| F|  |TAMS 0x000000071f000000| PB 0x000000071f000000| Untracked 
| 249|0x000000071f200000, 0x000000071f200000, 0x000000071f400000|  0%| F|  |TAMS 0x000000071f200000| PB 0x000000071f200000| Untracked 
| 250|0x000000071f400000, 0x000000071f400000, 0x000000071f600000|  0%| F|  |TAMS 0x000000071f400000| PB 0x000000071f400000| Untracked 
| 251|0x000000071f600000, 0x000000071f600000, 0x000000071f800000|  0%| F|  |TAMS 0x000000071f600000| PB 0x000000071f600000| Untracked 
| 252|0x000000071f800000, 0x000000071f800000, 0x000000071fa00000|  0%| F|  |TAMS 0x000000071f800000| PB 0x000000071f800000| Untracked 
| 253|0x000000071fa00000, 0x000000071fa00000, 0x000000071fc00000|  0%| F|  |TAMS 0x000000071fa00000| PB 0x000000071fa00000| Untracked 
| 254|0x000000071fc00000, 0x000000071fc00000, 0x000000071fe00000|  0%| F|  |TAMS 0x000000071fc00000| PB 0x000000071fc00000| Untracked 
| 255|0x000000071fe00000, 0x000000071fe00000, 0x0000000720000000|  0%| F|  |TAMS 0x000000071fe00000| PB 0x000000071fe00000| Untracked 

Card table byte_map: [0x00000187fcbe0000,0x00000187fd3e0000] _byte_map_base: 0x00000187f93e0000

Marking Bits: (CMBitMap*) 0x00000187ea251f70
 Bits: [0x0000018780000000, 0x0000018784000000)

Polling page: 0x00000187e7f50000

Metaspace:

Usage:
  Non-class:     20.00 MB used.
      Class:      1.92 MB used.
       Both:     21.92 MB used.

Virtual space:
  Non-class space:       64.00 MB reserved,      20.56 MB ( 32%) committed,  1 nodes.
      Class space:        1.00 GB reserved,       2.31 MB ( <1%) committed,  1 nodes.
             Both:        1.06 GB reserved,      22.88 MB (  2%) committed. 

Chunk freelists:
   Non-Class:  11.41 MB
       Class:  13.61 MB
        Both:  25.02 MB

MaxMetaspaceSize: unlimited
CompressedClassSpaceSize: 1.00 GB
Initial GC threshold: 21.00 MB
Current GC threshold: 35.62 MB
CDS: on
 - commit_granule_bytes: 65536.
 - commit_granule_words: 8192.
 - virtual_space_node_default_size: 8388608.
 - enlarge_chunks_in_place: 1.
 - use_allocation_guard: 0.


Internal statistics:

num_allocs_failed_limit: 6.
num_arena_births: 834.
num_arena_deaths: 12.
num_vsnodes_births: 2.
num_vsnodes_deaths: 0.
num_space_committed: 366.
num_space_uncommitted: 0.
num_chunks_returned_to_freelist: 18.
num_chunks_taken_from_freelist: 2018.
num_chunk_merges: 8.
num_chunk_splits: 1197.
num_chunks_enlarged: 628.
num_inconsistent_stats: 0.

CodeHeap 'non-profiled nmethods': size=120000Kb used=5244Kb max_used=5244Kb free=114755Kb
 bounds [0x00000187f4eb0000, 0x00000187f53d0000, 0x00000187fc3e0000]
CodeHeap 'profiled nmethods': size=120000Kb used=24202Kb max_used=24202Kb free=95797Kb
 bounds [0x00000187ed3e0000, 0x00000187eeb90000, 0x00000187f4910000]
CodeHeap 'non-nmethods': size=5760Kb used=1732Kb max_used=1791Kb free=4027Kb
 bounds [0x00000187f4910000, 0x00000187f4b80000, 0x00000187f4eb0000]
CodeCache: size=245760Kb, used=31178Kb, max_used=31237Kb, free=214579Kb
 total_blobs=11272, nmethods=10515, adapters=661, full_count=0
Compilation: enabled, stopped_count=0, restarted_count=0

Compilation events (20 events):
Event: 88.790 Thread 0x00000187ff9bc6e0 nmethod 10570 0x00000187eeb76190 code [0x00000187eeb76340, 0x00000187eeb76468]
Event: 88.790 Thread 0x00000187ff9bc6e0 10571       2       org.eclipse.jdt.internal.compiler.lookup.BinaryTypeBinding::typeVariables (81 bytes)
Event: 88.790 Thread 0x00000187ff9bc6e0 nmethod 10571 0x00000187eeb76510 code [0x00000187eeb766e0, 0x00000187eeb76a28]
Event: 88.790 Thread 0x00000187ff9bc6e0 10572       3       org.eclipse.jdt.internal.compiler.lookup.ReferenceBinding::hasEnclosingInstanceContext (42 bytes)
Event: 88.791 Thread 0x00000187ff9bc6e0 nmethod 10572 0x00000187eeb76c10 code [0x00000187eeb76de0, 0x00000187eeb77220]
Event: 88.791 Thread 0x00000187ff9bc6e0 10573       2       org.eclipse.jdt.internal.compiler.apt.model.TypesImpl::validateRealType (63 bytes)
Event: 88.792 Thread 0x00000187ff9bc6e0 nmethod 10573 0x00000187eeb77310 code [0x00000187eeb774e0, 0x00000187eeb77758]
Event: 88.792 Thread 0x00000187ff9bc6e0 10574       1       org.eclipse.jdt.internal.compiler.apt.model.TypeMirrorImpl::binding (5 bytes)
Event: 88.792 Thread 0x00000187ff9bc6e0 nmethod 10574 0x00000187f53ceb90 code [0x00000187f53ced20, 0x00000187f53cedf0]
Event: 88.792 Thread 0x00000187ff9bc6e0 10576       1       org.eclipse.jdt.internal.compiler.lookup.RawTypeBinding::enclosingType (5 bytes)
Event: 88.792 Thread 0x00000187ff9bc6e0 nmethod 10576 0x00000187f53cee90 code [0x00000187f53cf020, 0x00000187f53cf0f0]
Event: 88.792 Thread 0x00000187ff9bc6e0 10575       2       org.eclipse.jdt.internal.compiler.lookup.ReferenceBinding::isRecord (15 bytes)
Event: 88.793 Thread 0x00000187ff9bc6e0 nmethod 10575 0x00000187eeb77910 code [0x00000187eeb77ac0, 0x00000187eeb77c08]
Event: 88.802 Thread 0x00000187ff9bc6e0 10577   !   2       org.eclipse.jdt.internal.compiler.lookup.BinaryTypeBinding::cachePartsFrom2 (1933 bytes)
Event: 88.819 Thread 0x00000187ff9bc6e0 nmethod 10577 0x00000187eeb77c90 code [0x00000187eeb78380, 0x00000187eeb7c278]
Event: 88.820 Thread 0x00000187ff9bc6e0 10580       3       org.eclipse.jdt.internal.compiler.lookup.TypeSystem$HashedParameterizedTypes::get (249 bytes)
Event: 88.822 Thread 0x00000187ff9bc6e0 nmethod 10580 0x00000187eeb80690 code [0x00000187eeb80940, 0x00000187eeb81a88]
Event: 88.822 Thread 0x00000187ff9bc6e0 10581       3       org.eclipse.jdt.core.compiler.CharOperation::equals (103 bytes)
Event: 88.823 Thread 0x00000187ff9bc6e0 nmethod 10581 0x00000187eeb82090 code [0x00000187eeb822a0, 0x00000187eeb82860]
Event: 88.823 Thread 0x00000187ff9bc6e0 10582   !   2       org.eclipse.jdt.internal.compiler.lookup.BinaryTypeBinding::superInterfaces (286 bytes)

GC Heap History (19 events):
Event: 3.150 GC heap before
{Heap before GC invocations=0 (full 0):
 garbage-first heap   total 524288K, used 24576K [0x0000000700000000, 0x0000000800000000)
  region size 2048K, 12 young (24576K), 0 survivors (0K)
 Metaspace       used 1748K, committed 1920K, reserved 1114112K
  class space    used 150K, committed 256K, reserved 1048576K
}
Event: 3.166 GC heap after
{Heap after GC invocations=1 (full 0):
 garbage-first heap   total 524288K, used 4184K [0x0000000700000000, 0x0000000800000000)
  region size 2048K, 2 young (4096K), 2 survivors (4096K)
 Metaspace       used 1748K, committed 1920K, reserved 1114112K
  class space    used 150K, committed 256K, reserved 1048576K
}
Event: 4.778 GC heap before
{Heap before GC invocations=1 (full 0):
 garbage-first heap   total 524288K, used 24664K [0x0000000700000000, 0x0000000800000000)
  region size 2048K, 13 young (26624K), 2 survivors (4096K)
 Metaspace       used 4570K, committed 4800K, reserved 1114112K
  class space    used 391K, committed 512K, reserved 1048576K
}
Event: 4.789 GC heap after
{Heap after GC invocations=2 (full 0):
 garbage-first heap   total 524288K, used 6065K [0x0000000700000000, 0x0000000800000000)
  region size 2048K, 2 young (4096K), 2 survivors (4096K)
 Metaspace       used 4570K, committed 4800K, reserved 1114112K
  class space    used 391K, committed 512K, reserved 1048576K
}
Event: 51.745 GC heap before
{Heap before GC invocations=2 (full 0):
 garbage-first heap   total 524288K, used 49073K [0x0000000700000000, 0x0000000800000000)
  region size 2048K, 23 young (47104K), 2 survivors (4096K)
 Metaspace       used 6073K, committed 6400K, reserved 1114112K
  class space    used 537K, committed 704K, reserved 1048576K
}
Event: 51.770 GC heap after
{Heap after GC invocations=3 (full 0):
 garbage-first heap   total 524288K, used 10561K [0x0000000700000000, 0x0000000800000000)
  region size 2048K, 3 young (6144K), 3 survivors (6144K)
 Metaspace       used 6073K, committed 6400K, reserved 1114112K
  class space    used 537K, committed 704K, reserved 1048576K
}
Event: 59.939 GC heap before
{Heap before GC invocations=3 (full 0):
 garbage-first heap   total 524288K, used 176449K [0x0000000700000000, 0x0000000800000000)
  region size 2048K, 85 young (174080K), 3 survivors (6144K)
 Metaspace       used 11969K, committed 12672K, reserved 1114112K
  class space    used 1052K, committed 1344K, reserved 1048576K
}
Event: 60.009 GC heap after
{Heap after GC invocations=4 (full 0):
 garbage-first heap   total 524288K, used 18091K [0x0000000700000000, 0x0000000800000000)
  region size 2048K, 7 young (14336K), 7 survivors (14336K)
 Metaspace       used 11969K, committed 12672K, reserved 1114112K
  class space    used 1052K, committed 1344K, reserved 1048576K
}
Event: 64.961 GC heap before
{Heap before GC invocations=4 (full 0):
 garbage-first heap   total 524288K, used 163499K [0x0000000700000000, 0x0000000800000000)
  region size 2048K, 78 young (159744K), 7 survivors (14336K)
 Metaspace       used 14643K, committed 15424K, reserved 1114112K
  class space    used 1258K, committed 1536K, reserved 1048576K
}
Event: 65.017 GC heap after
{Heap after GC invocations=5 (full 0):
 garbage-first heap   total 524288K, used 27490K [0x0000000700000000, 0x0000000800000000)
  region size 2048K, 10 young (20480K), 10 survivors (20480K)
 Metaspace       used 14643K, committed 15424K, reserved 1114112K
  class space    used 1258K, committed 1536K, reserved 1048576K
}
Event: 66.674 GC heap before
{Heap before GC invocations=5 (full 0):
 garbage-first heap   total 524288K, used 121698K [0x0000000700000000, 0x0000000800000000)
  region size 2048K, 56 young (114688K), 10 survivors (20480K)
 Metaspace       used 15966K, committed 16832K, reserved 1114112K
  class space    used 1430K, committed 1728K, reserved 1048576K
}
Event: 66.794 GC heap after
{Heap after GC invocations=6 (full 0):
 garbage-first heap   total 524288K, used 33967K [0x0000000700000000, 0x0000000800000000)
  region size 2048K, 5 young (10240K), 5 survivors (10240K)
 Metaspace       used 15966K, committed 16832K, reserved 1114112K
  class space    used 1430K, committed 1728K, reserved 1048576K
}
Event: 79.609 GC heap before
{Heap before GC invocations=6 (full 0):
 garbage-first heap   total 524288K, used 275631K [0x0000000700000000, 0x0000000800000000)
  region size 2048K, 124 young (253952K), 5 survivors (10240K)
 Metaspace       used 19402K, committed 20288K, reserved 1114112K
  class space    used 1744K, committed 2112K, reserved 1048576K
}
Event: 79.954 GC heap after
{Heap after GC invocations=7 (full 0):
 garbage-first heap   total 524288K, used 52336K [0x0000000700000000, 0x0000000800000000)
  region size 2048K, 14 young (28672K), 14 survivors (28672K)
 Metaspace       used 19402K, committed 20288K, reserved 1114112K
  class space    used 1744K, committed 2112K, reserved 1048576K
}
Event: 80.024 GC heap before
{Heap before GC invocations=7 (full 0):
 garbage-first heap   total 524288K, used 56432K [0x0000000700000000, 0x0000000800000000)
  region size 2048K, 16 young (32768K), 14 survivors (28672K)
 Metaspace       used 19404K, committed 20288K, reserved 1114112K
  class space    used 1744K, committed 2112K, reserved 1048576K
}
Event: 80.304 GC heap after
{Heap after GC invocations=8 (full 0):
 garbage-first heap   total 524288K, used 53215K [0x0000000700000000, 0x0000000800000000)
  region size 2048K, 2 young (4096K), 2 survivors (4096K)
 Metaspace       used 19404K, committed 20288K, reserved 1114112K
  class space    used 1744K, committed 2112K, reserved 1048576K
}
Event: 82.265 GC heap before
{Heap before GC invocations=8 (full 0):
 garbage-first heap   total 524288K, used 67551K [0x0000000700000000, 0x0000000800000000)
  region size 2048K, 11 young (22528K), 2 survivors (4096K)
 Metaspace       used 20752K, committed 21504K, reserved 1114112K
  class space    used 1861K, committed 2176K, reserved 1048576K
}
Event: 82.277 GC heap after
{Heap after GC invocations=9 (full 0):
 garbage-first heap   total 524288K, used 52307K [0x0000000700000000, 0x0000000800000000)
  region size 2048K, 1 young (2048K), 1 survivors (2048K)
 Metaspace       used 20752K, committed 21504K, reserved 1114112K
  class space    used 1861K, committed 2176K, reserved 1048576K
}
Event: 88.825 GC heap before
{Heap before GC invocations=10 (full 0):
 garbage-first heap   total 524288K, used 322643K [0x0000000700000000, 0x0000000800000000)
  region size 2048K, 134 young (274432K), 1 survivors (2048K)
 Metaspace       used 22448K, committed 23424K, reserved 1114112K
  class space    used 1967K, committed 2368K, reserved 1048576K
}

Dll operation events (10 events):
Event: 0.154 Loaded shared library c:\Users\AGOUROU GUSTAVE\.vscode\extensions\redhat.java-1.45.2025082308-win32-x64\jre\21.0.8-win32-x86_64\bin\java.dll
Event: 0.978 Loaded shared library c:\Users\AGOUROU GUSTAVE\.vscode\extensions\redhat.java-1.45.2025082308-win32-x64\jre\21.0.8-win32-x86_64\bin\zip.dll
Event: 0.987 Loaded shared library C:\Users\AGOUROU GUSTAVE\.vscode\extensions\redhat.java-1.45.2025082308-win32-x64\jre\21.0.8-win32-x86_64\bin\instrument.dll
Event: 0.999 Loaded shared library C:\Users\AGOUROU GUSTAVE\.vscode\extensions\redhat.java-1.45.2025082308-win32-x64\jre\21.0.8-win32-x86_64\bin\net.dll
Event: 1.007 Loaded shared library C:\Users\AGOUROU GUSTAVE\.vscode\extensions\redhat.java-1.45.2025082308-win32-x64\jre\21.0.8-win32-x86_64\bin\nio.dll
Event: 1.034 Loaded shared library C:\Users\AGOUROU GUSTAVE\.vscode\extensions\redhat.java-1.45.2025082308-win32-x64\jre\21.0.8-win32-x86_64\bin\zip.dll
Event: 1.105 Loaded shared library C:\Users\AGOUROU GUSTAVE\.vscode\extensions\redhat.java-1.45.2025082308-win32-x64\jre\21.0.8-win32-x86_64\bin\jimage.dll
Event: 1.382 Loaded shared library c:\Users\AGOUROU GUSTAVE\.vscode\extensions\redhat.java-1.45.2025082308-win32-x64\jre\21.0.8-win32-x86_64\bin\verify.dll
Event: 24.593 Loaded shared library C:\Users\AGOUROU GUSTAVE\AppData\Roaming\Code\User\globalStorage\redhat.java\1.45.2025082308\config_win\org.eclipse.equinox.launcher\org.eclipse.equinox.launcher.win32.win32.x86_64_1.2.1400.v20250801-0854\eclipse_11916.dll
Event: 56.061 Loaded shared library C:\Users\AGOUROU GUSTAVE\AppData\Local\Temp\jna-705468941\jna16989150276841737881.dll

Deoptimization events (20 events):
Event: 88.467 Thread 0x00000187ffa47a40 DEOPT PACKING pc=0x00000187ee8ac82f sp=0x00000024d3bfe5d0
Event: 88.467 Thread 0x00000187ffa47a40 DEOPT UNPACKING pc=0x00000187f4964e42 sp=0x00000024d3bfdb48 mode 0
Event: 88.531 Thread 0x00000187ffa47a40 DEOPT PACKING pc=0x00000187ee8ac82f sp=0x00000024d3bfe5d0
Event: 88.531 Thread 0x00000187ffa47a40 DEOPT UNPACKING pc=0x00000187f4964e42 sp=0x00000024d3bfdb48 mode 0
Event: 88.573 Thread 0x00000187ffa47a40 DEOPT PACKING pc=0x00000187ee45e030 sp=0x00000024d3bfe670
Event: 88.573 Thread 0x00000187ffa47a40 DEOPT UNPACKING pc=0x00000187f4964e42 sp=0x00000024d3bfdab8 mode 0
Event: 88.574 Thread 0x00000187ffa47a40 DEOPT PACKING pc=0x00000187ee8ac82f sp=0x00000024d3bfe5d0
Event: 88.574 Thread 0x00000187ffa47a40 DEOPT UNPACKING pc=0x00000187f4964e42 sp=0x00000024d3bfdb48 mode 0
Event: 88.579 Thread 0x00000187ffa47a40 Uncommon trap: trap_request=0xffffff45 fr.pc=0x00000187f5392a38 relative=0x0000000000003bf8
Event: 88.579 Thread 0x00000187ffa47a40 Uncommon trap: reason=unstable_if action=reinterpret pc=0x00000187f5392a38 method=org.eclipse.jdt.internal.core.search.indexing.BinaryIndexer.addTypeReference([C)V @ 23 c2
Event: 88.579 Thread 0x00000187ffa47a40 DEOPT PACKING pc=0x00000187f5392a38 sp=0x00000024d3bfe6a0
Event: 88.579 Thread 0x00000187ffa47a40 DEOPT UNPACKING pc=0x00000187f49646a2 sp=0x00000024d3bfe610 mode 2
Event: 88.596 Thread 0x00000187ffa47a40 DEOPT PACKING pc=0x00000187eeb57a83 sp=0x00000024d3bfe600
Event: 88.596 Thread 0x00000187ffa47a40 DEOPT UNPACKING pc=0x00000187f4964e42 sp=0x00000024d3bfdb68 mode 0
Event: 88.659 Thread 0x00000187ffa47a40 DEOPT PACKING pc=0x00000187ee8ac82f sp=0x00000024d3bfe5d0
Event: 88.659 Thread 0x00000187ffa47a40 DEOPT UNPACKING pc=0x00000187f4964e42 sp=0x00000024d3bfdb48 mode 0
Event: 88.731 Thread 0x00000187ffa47a40 DEOPT PACKING pc=0x00000187eeb57a83 sp=0x00000024d3bfe600
Event: 88.731 Thread 0x00000187ffa47a40 DEOPT UNPACKING pc=0x00000187f4964e42 sp=0x00000024d3bfdb68 mode 0
Event: 88.732 Thread 0x00000187ffa47a40 DEOPT PACKING pc=0x00000187ee8ac82f sp=0x00000024d3bfe5d0
Event: 88.732 Thread 0x00000187ffa47a40 DEOPT UNPACKING pc=0x00000187f4964e42 sp=0x00000024d3bfdb48 mode 0

Classes loaded (20 events):
Event: 61.386 Loading class com/sun/org/apache/xerces/internal/impl/msg/XMLMessages_fr_FR
Event: 61.386 Loading class com/sun/org/apache/xerces/internal/impl/msg/XMLMessages_fr_FR done
Event: 61.386 Loading class com/sun/org/apache/xerces/internal/impl/msg/XMLMessages_fr_FR
Event: 61.386 Loading class com/sun/org/apache/xerces/internal/impl/msg/XMLMessages_fr_FR done
Event: 62.709 Loading class com/sun/org/apache/xml/internal/serializer/XMLEntities
Event: 62.709 Loading class com/sun/org/apache/xml/internal/serializer/XMLEntities done
Event: 62.709 Loading class com/sun/org/apache/xml/internal/serializer/XMLEntities
Event: 62.709 Loading class com/sun/org/apache/xml/internal/serializer/XMLEntities done
Event: 62.710 Loading class com/sun/org/apache/xml/internal/serializer/XMLEntities_fr
Event: 62.710 Loading class com/sun/org/apache/xml/internal/serializer/XMLEntities_fr done
Event: 62.710 Loading class com/sun/org/apache/xml/internal/serializer/XMLEntities_fr
Event: 62.710 Loading class com/sun/org/apache/xml/internal/serializer/XMLEntities_fr done
Event: 62.710 Loading class com/sun/org/apache/xml/internal/serializer/XMLEntities_fr_FR
Event: 62.710 Loading class com/sun/org/apache/xml/internal/serializer/XMLEntities_fr_FR done
Event: 62.710 Loading class com/sun/org/apache/xml/internal/serializer/XMLEntities_fr_FR
Event: 62.710 Loading class com/sun/org/apache/xml/internal/serializer/XMLEntities_fr_FR done
Event: 64.334 Loading class jdk/internal/event/ThreadSleepEvent
Event: 64.336 Loading class jdk/internal/event/ThreadSleepEvent done
Event: 88.038 Loading class jdk/internal/module/IllegalAccessLogger
Event: 88.038 Loading class jdk/internal/module/IllegalAccessLogger done

Classes unloaded (6 events):
Event: 82.656 Thread 0x00000187ff926450 Unloading class 0x000001878a219400 'java/lang/invoke/LambdaForm$MH+0x000001878a219400'
Event: 82.657 Thread 0x00000187ff926450 Unloading class 0x000001878a218800 'java/lang/invoke/LambdaForm$MH+0x000001878a218800'
Event: 82.657 Thread 0x00000187ff926450 Unloading class 0x000001878a0ef800 'java/lang/invoke/LambdaForm$MH+0x000001878a0ef800'
Event: 82.657 Thread 0x00000187ff926450 Unloading class 0x000001878a0ef400 'java/lang/invoke/LambdaForm$MH+0x000001878a0ef400'
Event: 82.657 Thread 0x00000187ff926450 Unloading class 0x000001878a0ef000 'java/lang/invoke/LambdaForm$MH+0x000001878a0ef000'
Event: 82.657 Thread 0x00000187ff926450 Unloading class 0x000001878a0eec00 'java/lang/invoke/LambdaForm$MH+0x000001878a0eec00'

Classes redefined (0 events):
No events

Internal exceptions (20 events):
Event: 83.540 Thread 0x00000187cff272e0 Exception <a 'sun/nio/fs/WindowsException'{0x000000071e6e51b8}> (0x000000071e6e51b8) 
thrown [s\src\hotspot\share\prims\jni.cpp, line 520]
Event: 83.540 Thread 0x00000187cff272e0 Exception <a 'sun/nio/fs/WindowsException'{0x000000071e6e57e8}> (0x000000071e6e57e8) 
thrown [s\src\hotspot\share\prims\jni.cpp, line 520]
Event: 83.541 Thread 0x00000187cff272e0 Exception <a 'sun/nio/fs/WindowsException'{0x000000071e6e6780}> (0x000000071e6e6780) 
thrown [s\src\hotspot\share\prims\jni.cpp, line 520]
Event: 83.542 Thread 0x00000187cff272e0 Exception <a 'sun/nio/fs/WindowsException'{0x000000071e6e70a0}> (0x000000071e6e70a0) 
thrown [s\src\hotspot\share\prims\jni.cpp, line 520]
Event: 83.542 Thread 0x00000187cff272e0 Exception <a 'sun/nio/fs/WindowsException'{0x000000071e6e8368}> (0x000000071e6e8368) 
thrown [s\src\hotspot\share\prims\jni.cpp, line 520]
Event: 83.542 Thread 0x00000187cff272e0 Exception <a 'sun/nio/fs/WindowsException'{0x000000071e6e8c88}> (0x000000071e6e8c88) 
thrown [s\src\hotspot\share\prims\jni.cpp, line 520]
Event: 83.543 Thread 0x00000187cff272e0 Exception <a 'sun/nio/fs/WindowsException'{0x000000071e6e9f88}> (0x000000071e6e9f88) 
thrown [s\src\hotspot\share\prims\jni.cpp, line 520]
Event: 83.544 Thread 0x00000187cff272e0 Exception <a 'sun/nio/fs/WindowsException'{0x000000071e6ea8c8}> (0x000000071e6ea8c8) 
thrown [s\src\hotspot\share\prims\jni.cpp, line 520]
Event: 83.544 Thread 0x00000187cff272e0 Exception <a 'sun/nio/fs/WindowsException'{0x000000071e6ebbe8}> (0x000000071e6ebbe8) 
thrown [s\src\hotspot\share\prims\jni.cpp, line 520]
Event: 83.545 Thread 0x00000187cff272e0 Exception <a 'sun/nio/fs/WindowsException'{0x000000071e6ec528}> (0x000000071e6ec528) 
thrown [s\src\hotspot\share\prims\jni.cpp, line 520]
Event: 83.546 Thread 0x00000187cff272e0 Exception <a 'sun/nio/fs/WindowsException'{0x000000071e6ed830}> (0x000000071e6ed830) 
thrown [s\src\hotspot\share\prims\jni.cpp, line 520]
Event: 83.555 Thread 0x00000187cff272e0 Exception <a 'sun/nio/fs/WindowsException'{0x000000071e6ee150}> (0x000000071e6ee150) 
thrown [s\src\hotspot\share\prims\jni.cpp, line 520]
Event: 83.556 Thread 0x00000187cff272e0 Exception <a 'sun/nio/fs/WindowsException'{0x000000071e6ef418}> (0x000000071e6ef418) 
thrown [s\src\hotspot\share\prims\jni.cpp, line 520]
Event: 83.556 Thread 0x00000187cff272e0 Exception <a 'sun/nio/fs/WindowsException'{0x000000071e6efd38}> (0x000000071e6efd38) 
thrown [s\src\hotspot\share\prims\jni.cpp, line 520]
Event: 83.573 Thread 0x00000187cff272e0 Exception <a 'java/lang/IncompatibleClassChangeError'{0x000000071e58b3c8}: Found class java.lang.Object, but interface was expected> (0x000000071e58b3c8) 
thrown [s\src\hotspot\share\interpreter\linkResolver.cpp, line 840]
Event: 83.591 Thread 0x00000187cff272e0 Exception <a 'java/lang/IncompatibleClassChangeError'{0x000000071e5d4668}: Found class java.lang.Object, but interface was expected> (0x000000071e5d4668) 
thrown [s\src\hotspot\share\interpreter\linkResolver.cpp, line 840]
Event: 83.626 Thread 0x00000187cff272e0 Exception <a 'java/lang/IncompatibleClassChangeError'{0x000000071e37a988}: Found class java.lang.Object, but interface was expected> (0x000000071e37a988) 
thrown [s\src\hotspot\share\interpreter\linkResolver.cpp, line 840]
Event: 83.702 Thread 0x00000187cff272e0 Exception <a 'java/lang/IncompatibleClassChangeError'{0x000000071dc07ab0}: Found class java.lang.Object, but interface was expected> (0x000000071dc07ab0) 
thrown [s\src\hotspot\share\interpreter\linkResolver.cpp, line 840]
Event: 83.928 Thread 0x00000187ffa47a40 Implicit null exception at 0x00000187f524acdd to 0x00000187f524ae04
Event: 85.603 Thread 0x00000187ffa49b10 Implicit null exception at 0x00000187f52090d5 to 0x00000187f52092f0

ZGC Phase Switch (0 events):
No events

VM Operations (20 events):
Event: 83.827 Executing VM operation: HandshakeAllThreads (Deoptimize) done
Event: 83.973 Executing VM operation: ICBufferFull
Event: 83.974 Executing VM operation: ICBufferFull done
Event: 84.036 Executing VM operation: HandshakeAllThreads (Deoptimize)
Event: 84.037 Executing VM operation: HandshakeAllThreads (Deoptimize) done
Event: 84.181 Executing VM operation: HandshakeAllThreads (Deoptimize)
Event: 84.186 Executing VM operation: HandshakeAllThreads (Deoptimize) done
Event: 84.285 Executing VM operation: HandshakeAllThreads (Deoptimize)
Event: 84.286 Executing VM operation: HandshakeAllThreads (Deoptimize) done
Event: 84.974 Executing VM operation: ICBufferFull
Event: 84.991 Executing VM operation: ICBufferFull done
Event: 85.273 Executing VM operation: HandshakeAllThreads (Deoptimize)
Event: 85.292 Executing VM operation: HandshakeAllThreads (Deoptimize) done
Event: 85.852 Executing VM operation: ICBufferFull
Event: 85.909 Executing VM operation: ICBufferFull done
Event: 86.915 Executing VM operation: Cleanup
Event: 86.931 Executing VM operation: Cleanup done
Event: 87.942 Executing VM operation: Cleanup
Event: 87.958 Executing VM operation: Cleanup done
Event: 88.825 Executing VM operation: G1CollectForAllocation (G1 Evacuation Pause)

Memory protections (0 events):
No events

Nmethod flushes (0 events):
No events

Events (20 events):
Event: 63.053 Thread 0x00000187cff2e270 Thread added: 0x00000187cff293b0
Event: 63.080 Thread 0x00000187ce9b0730 Thread exited: 0x00000187ce9b0730
Event: 63.245 Thread 0x00000187ea1e6350 Thread added: 0x00000187cff2c1a0
Event: 63.245 Thread 0x00000187ea1e6350 Thread added: 0x00000187cff2bb10
Event: 63.246 Thread 0x00000187ea1e6350 Thread added: 0x00000187cff2d550
Event: 63.246 Thread 0x00000187ea1e6350 Thread added: 0x00000187cff28000
Event: 63.246 Thread 0x00000187ea1e6350 Thread added: 0x00000187cff27970
Event: 63.329 Thread 0x00000187ea1e6350 Thread added: 0x00000187cff28690
Event: 64.326 Thread 0x00000187ea1e6350 Thread added: 0x00000187cff2dbe0
Event: 64.327 Thread 0x00000187ea1e6350 Thread added: 0x00000187cff272e0
Event: 65.464 Thread 0x00000187cff2e270 Thread added: 0x00000187cff2b480
Event: 76.813 Thread 0x00000187ffa49b10 Thread added: 0x00000187cff28d20
Event: 76.886 Thread 0x00000187cff28d20 Thread added: 0x00000187cff2a0d0
Event: 76.889 Thread 0x00000187cff28d20 Thread added: 0x00000187cff2c830
Event: 76.978 Thread 0x00000187cff2c830 Thread added: 0x00000187cff2adf0
Event: 77.352 Thread 0x00000187ffa49b10 Thread added: 0x00000187ce6d8130
Event: 77.352 Thread 0x00000187ffa49b10 Thread added: 0x00000187ce6d6060
Event: 83.580 Thread 0x00000187cff272e0 Thread added: 0x00000187ce6d66f0
Event: 83.603 Thread 0x00000187ce6d66f0 Thread added: 0x00000187ce6d6d80
Event: 83.700 Thread 0x00000187cff272e0 Thread added: 0x00000187ce6d7410


Dynamic libraries:
0x00007ff6ceab0000 - 0x00007ff6ceabe000 	c:\Users\AGOUROU GUSTAVE\.vscode\extensions\redhat.java-1.45.2025082308-win32-x64\jre\21.0.8-win32-x86_64\bin\java.exe
0x00007ffc275b0000 - 0x00007ffc277a8000 	C:\WINDOWS\SYSTEM32\ntdll.dll
0x00007ffc262b0000 - 0x00007ffc26372000 	C:\WINDOWS\System32\KERNEL32.DLL
0x00007ffc24da0000 - 0x00007ffc25097000 	C:\WINDOWS\System32\KERNELBASE.dll
0x00007ffc252f0000 - 0x00007ffc253f0000 	C:\WINDOWS\System32\ucrtbase.dll
0x00007ffc09380000 - 0x00007ffc09398000 	c:\Users\AGOUROU GUSTAVE\.vscode\extensions\redhat.java-1.45.2025082308-win32-x64\jre\21.0.8-win32-x86_64\bin\jli.dll
0x00007ffc26590000 - 0x00007ffc2672d000 	C:\WINDOWS\System32\USER32.dll
0x00007ffc251a0000 - 0x00007ffc251c2000 	C:\WINDOWS\System32\win32u.dll
0x00007ffc26730000 - 0x00007ffc2675b000 	C:\WINDOWS\System32\GDI32.dll
0x00007ffc254b0000 - 0x00007ffc255c9000 	C:\WINDOWS\System32\gdi32full.dll
0x00007ffc251d0000 - 0x00007ffc2526d000 	C:\WINDOWS\System32\msvcp_win.dll
0x00007ffc096f0000 - 0x00007ffc0970e000 	c:\Users\AGOUROU GUSTAVE\.vscode\extensions\redhat.java-1.45.2025082308-win32-x64\jre\21.0.8-win32-x86_64\bin\VCRUNTIME140.dll
0x00007ffc16950000 - 0x00007ffc16bea000 	C:\WINDOWS\WinSxS\amd64_microsoft.windows.common-controls_6595b64144ccf1df_6.0.19041.5915_none_60b4b9d171f9c7c7\COMCTL32.dll
0x00007ffc274d0000 - 0x00007ffc2756e000 	C:\WINDOWS\System32\msvcrt.dll
0x00007ffc26cb0000 - 0x00007ffc26cdf000 	C:\WINDOWS\System32\IMM32.DLL
0x00007ffc1e270000 - 0x00007ffc1e27c000 	c:\Users\AGOUROU GUSTAVE\.vscode\extensions\redhat.java-1.45.2025082308-win32-x64\jre\21.0.8-win32-x86_64\bin\vcruntime140_1.dll
0x00007ffc08490000 - 0x00007ffc0851d000 	c:\Users\AGOUROU GUSTAVE\.vscode\extensions\redhat.java-1.45.2025082308-win32-x64\jre\21.0.8-win32-x86_64\bin\msvcp140.dll
0x00007ffbcceb0000 - 0x00007ffbcdc47000 	c:\Users\AGOUROU GUSTAVE\.vscode\extensions\redhat.java-1.45.2025082308-win32-x64\jre\21.0.8-win32-x86_64\bin\server\jvm.dll
0x00007ffc26040000 - 0x00007ffc260f1000 	C:\WINDOWS\System32\ADVAPI32.dll
0x00007ffc255d0000 - 0x00007ffc2566f000 	C:\WINDOWS\System32\sechost.dll
0x00007ffc263e0000 - 0x00007ffc26506000 	C:\WINDOWS\System32\RPCRT4.dll
0x00007ffc253f0000 - 0x00007ffc25417000 	C:\WINDOWS\System32\bcrypt.dll
0x00007ffc26b90000 - 0x00007ffc26bfb000 	C:\WINDOWS\System32\WS2_32.dll
0x00007ffc24aa0000 - 0x00007ffc24aeb000 	C:\WINDOWS\SYSTEM32\POWRPROF.dll
0x00007ffc170a0000 - 0x00007ffc170c7000 	C:\WINDOWS\SYSTEM32\WINMM.dll
0x00007ffc186e0000 - 0x00007ffc186ea000 	C:\WINDOWS\SYSTEM32\VERSION.dll
0x00007ffc249d0000 - 0x00007ffc249e2000 	C:\WINDOWS\SYSTEM32\UMPDC.dll
0x00007ffc23400000 - 0x00007ffc23412000 	C:\WINDOWS\SYSTEM32\kernel.appcore.dll
0x00007ffc1bd40000 - 0x00007ffc1bd4a000 	c:\Users\AGOUROU GUSTAVE\.vscode\extensions\redhat.java-1.45.2025082308-win32-x64\jre\21.0.8-win32-x86_64\bin\jimage.dll
0x00007ffc230c0000 - 0x00007ffc232c1000 	C:\WINDOWS\SYSTEM32\DBGHELP.DLL
0x00007ffc15410000 - 0x00007ffc15444000 	C:\WINDOWS\SYSTEM32\dbgcore.DLL
0x00007ffc25420000 - 0x00007ffc254a2000 	C:\WINDOWS\System32\bcryptPrimitives.dll
0x00007ffc1f860000 - 0x00007ffc1f86f000 	c:\Users\AGOUROU GUSTAVE\.vscode\extensions\redhat.java-1.45.2025082308-win32-x64\jre\21.0.8-win32-x86_64\bin\instrument.dll
0x00007ffc054c0000 - 0x00007ffc054df000 	c:\Users\AGOUROU GUSTAVE\.vscode\extensions\redhat.java-1.45.2025082308-win32-x64\jre\21.0.8-win32-x86_64\bin\java.dll
0x00007ffc257a0000 - 0x00007ffc25f0e000 	C:\WINDOWS\System32\SHELL32.dll
0x00007ffc22850000 - 0x00007ffc22ff4000 	C:\WINDOWS\SYSTEM32\windows.storage.dll
0x00007ffc26ce0000 - 0x00007ffc27033000 	C:\WINDOWS\System32\combase.dll
0x00007ffc245a0000 - 0x00007ffc245cb000 	C:\WINDOWS\SYSTEM32\Wldp.dll
0x00007ffc26180000 - 0x00007ffc2624d000 	C:\WINDOWS\System32\OLEAUT32.dll
0x00007ffc26c00000 - 0x00007ffc26cad000 	C:\WINDOWS\System32\SHCORE.dll
0x00007ffc26120000 - 0x00007ffc2617b000 	C:\WINDOWS\System32\shlwapi.dll
0x00007ffc24b70000 - 0x00007ffc24b94000 	C:\WINDOWS\SYSTEM32\profapi.dll
0x00007ffc08dc0000 - 0x00007ffc08dd8000 	c:\Users\AGOUROU GUSTAVE\.vscode\extensions\redhat.java-1.45.2025082308-win32-x64\jre\21.0.8-win32-x86_64\bin\zip.dll
0x00007ffc13f90000 - 0x00007ffc13fa0000 	C:\Users\AGOUROU GUSTAVE\.vscode\extensions\redhat.java-1.45.2025082308-win32-x64\jre\21.0.8-win32-x86_64\bin\net.dll
0x00007ffc19fd0000 - 0x00007ffc1a0da000 	C:\WINDOWS\SYSTEM32\WINHTTP.dll
0x00007ffc24300000 - 0x00007ffc2436a000 	C:\WINDOWS\system32\mswsock.dll
0x00007ffc02b70000 - 0x00007ffc02b86000 	C:\Users\AGOUROU GUSTAVE\.vscode\extensions\redhat.java-1.45.2025082308-win32-x64\jre\21.0.8-win32-x86_64\bin\nio.dll
0x00007ffc1f690000 - 0x00007ffc1f6a0000 	c:\Users\AGOUROU GUSTAVE\.vscode\extensions\redhat.java-1.45.2025082308-win32-x64\jre\21.0.8-win32-x86_64\bin\verify.dll
0x00007ffc097c0000 - 0x00007ffc09804000 	C:\Users\AGOUROU GUSTAVE\AppData\Roaming\Code\User\globalStorage\redhat.java\1.45.2025082308\config_win\org.eclipse.equinox.launcher\org.eclipse.equinox.launcher.win32.win32.x86_64_1.2.1400.v20250801-0854\eclipse_11916.dll
0x00007ffc25f10000 - 0x00007ffc2603b000 	C:\WINDOWS\System32\ole32.dll
0x00007ffc244f0000 - 0x00007ffc24508000 	C:\WINDOWS\SYSTEM32\CRYPTSP.dll
0x00007ffc23be0000 - 0x00007ffc23c18000 	C:\WINDOWS\system32\rsaenh.dll
0x00007ffc24b30000 - 0x00007ffc24b5e000 	C:\WINDOWS\SYSTEM32\USERENV.dll
0x00007ffc24510000 - 0x00007ffc2451c000 	C:\WINDOWS\SYSTEM32\CRYPTBASE.dll
0x00007ffc23fc0000 - 0x00007ffc23ffb000 	C:\WINDOWS\SYSTEM32\IPHLPAPI.DLL
0x00007ffc26110000 - 0x00007ffc26118000 	C:\WINDOWS\System32\NSI.dll
0x00007ffc086f0000 - 0x00007ffc08739000 	C:\Users\AGOUROU GUSTAVE\AppData\Local\Temp\jna-705468941\jna16989150276841737881.dll
0x00007ffc26100000 - 0x00007ffc26108000 	C:\WINDOWS\System32\PSAPI.DLL
0x00007ffc1d090000 - 0x00007ffc1d0a7000 	C:\WINDOWS\SYSTEM32\dhcpcsvc6.DLL
0x00007ffc1be50000 - 0x00007ffc1be6d000 	C:\WINDOWS\SYSTEM32\dhcpcsvc.DLL

JVMTI agents:
c:\Users\AGOUROU GUSTAVE\.vscode\extensions\redhat.java-1.45.2025082308-win32-x64\lombok\lombok-1.18.39-4050.jar path:c:\Users\AGOUROU GUSTAVE\.vscode\extensions\redhat.java-1.45.2025082308-win32-x64\jre\21.0.8-win32-x86_64\bin\instrument.dll, loaded, initialized, instrumentlib options:none

dbghelp: loaded successfully - version: 4.0.5 - missing functions: none
symbol engine: initialized successfully - sym options: 0x614 - pdb path: .;c:\Users\AGOUROU GUSTAVE\.vscode\extensions\redhat.java-1.45.2025082308-win32-x64\jre\21.0.8-win32-x86_64\bin;C:\WINDOWS\SYSTEM32;C:\WINDOWS\WinSxS\amd64_microsoft.windows.common-controls_6595b64144ccf1df_6.0.19041.5915_none_60b4b9d171f9c7c7;c:\Users\AGOUROU GUSTAVE\.vscode\extensions\redhat.java-1.45.2025082308-win32-x64\jre\21.0.8-win32-x86_64\bin\server;C:\Users\AGOUROU GUSTAVE\AppData\Roaming\Code\User\globalStorage\redhat.java\1.45.2025082308\config_win\org.eclipse.equinox.launcher\org.eclipse.equinox.launcher.win32.win32.x86_64_1.2.1400.v20250801-0854;C:\Users\AGOUROU GUSTAVE\AppData\Local\Temp\jna-705468941

VM Arguments:
jvm_args: --add-modules=ALL-SYSTEM --add-opens=java.base/java.util=ALL-UNNAMED --add-opens=java.base/java.lang=ALL-UNNAMED --add-opens=java.base/sun.nio.fs=ALL-UNNAMED -Declipse.application=org.eclipse.jdt.ls.core.id1 -Dosgi.bundles.defaultStartLevel=4 -Declipse.product=org.eclipse.jdt.ls.core.product -Djava.import.generatesMetadataFilesAtProjectRoot=false -DDetectVMInstallationsJob.disabled=true -Dfile.encoding=utf8 -Xlog:disable -Xmx4G -Xms512M -javaagent:c:\Users\AGOUROU GUSTAVE\.vscode\extensions\redhat.java-1.45.2025082308-win32-x64\lombok\lombok-1.18.39-4050.jar -XX:+HeapDumpOnOutOfMemoryError -XX:HeapDumpPath=c:\Users\AGOUROU GUSTAVE\AppData\Roaming\Code\User\workspaceStorage\e5e3aa9fae37178fce0e33db35cfc533\redhat.java -Daether.dependencyCollector.impl=bf -XX:+UnlockDiagnosticVMOptions -XX:+AllowArchivingWithJavaAgent -XX:+AutoCreateSharedArchive -XX:SharedArchiveFile=c:\Users\AGOUROU GUSTAVE\AppData\Roaming\Code\User\globalStorage\redhat.java\1.45.2025082308\jdtls.jsa 
java_command: c:\Users\AGOUROU GUSTAVE\.vscode\extensions\redhat.java-1.45.2025082308-win32-x64\server\plugins\org.eclipse.equinox.launcher_1.7.0.v20250519-0528.jar -configuration c:\Users\AGOUROU GUSTAVE\AppData\Roaming\Code\User\globalStorage\redhat.java\1.45.2025082308\config_win -data c:\Users\AGOUROU GUSTAVE\AppData\Roaming\Code\User\workspaceStorage\e5e3aa9fae37178fce0e33db35cfc533\redhat.java\jdt_ws --pipe=\\.\pipe\lsp-6e25226b1c06abd33835a9a4b7d45f68-sock
java_class_path (initial): c:\Users\AGOUROU GUSTAVE\.vscode\extensions\redhat.java-1.45.2025082308-win32-x64\server\plugins\org.eclipse.equinox.launcher_1.7.0.v20250519-0528.jar
Launcher Type: SUN_STANDARD

[Global flags]
     bool AllowArchivingWithJavaAgent              = true                             {JVMCI diagnostic} {command line}
     bool AutoCreateSharedArchive                  = false                               {JVMCI product} {command line}
     intx CICompilerCount                          = 3                                         {product} {ergonomic}
     uint ConcGCThreads                            = 1                                         {product} {ergonomic}
     uint G1ConcRefinementThreads                  = 4                                         {product} {ergonomic}
   size_t G1HeapRegionSize                         = 2097152                                   {product} {ergonomic}
    uintx GCDrainStackTargetSize                   = 64                                        {product} {ergonomic}
     bool HeapDumpOnOutOfMemoryError               = true                                   {manageable} {command line}
    ccstr HeapDumpPath                             = c:\Users\AGOUROU GUSTAVE\AppData\Roaming\Code\User\workspaceStorage\e5e3aa9fae37178fce0e33db35cfc533\redhat.java         {manageable} {command line}
   size_t InitialHeapSize                          = 536870912                                 {product} {command line}
   size_t MarkStackSize                            = 4194304                                   {product} {ergonomic}
   size_t MaxHeapSize                              = 4294967296                                {product} {command line}
   size_t MaxNewSize                               = 2575302656                                {product} {ergonomic}
   size_t MinHeapDeltaBytes                        = 2097152                                   {product} {ergonomic}
   size_t MinHeapSize                              = 536870912                                 {product} {command line}
    uintx NonNMethodCodeHeapSize                   = 5832780                                {pd product} {ergonomic}
    uintx NonProfiledCodeHeapSize                  = 122912730                              {pd product} {ergonomic}
    uintx ProfiledCodeHeapSize                     = 122912730                              {pd product} {ergonomic}
    uintx ReservedCodeCacheSize                    = 251658240                              {pd product} {ergonomic}
     bool SegmentedCodeCache                       = true                                      {product} {ergonomic}
    ccstr SharedArchiveFile                        = c:\Users\AGOUROU GUSTAVE\AppData\Roaming\Code\User\globalStorage\redhat.java\1.45.2025082308\jdtls.jsa      {JVMCI product} {command line}
   size_t SoftMaxHeapSize                          = 4294967296                             {manageable} {ergonomic}
     bool UnlockDiagnosticVMOptions                = true                                   {diagnostic} {command line}
     bool UseCompressedOops                        = true                           {product lp64_product} {ergonomic}
     bool UseG1GC                                  = true                                      {product} {ergonomic}
     bool UseLargePagesIndividualAllocation        = false                                  {pd product} {ergonomic}

Logging:
Log output configuration:
 #0: stdout all=off uptime,level,tags foldmultilines=false
 #1: stderr all=off uptime,level,tags foldmultilines=false

Environment Variables:
JAVA_HOME=C:\Program Files\Eclipse Adoptium\jdk-17.0.15+6
PATH=C:\Users\AGOUROU GUSTAVE\Downloads\apache-maven-3.9.9-bin\apache-maven-3.9.9\bin;C:\Program Files\Eclipse Adoptium\jdk-17.0.15+6\bin;C:\Program Files\Common Files\Oracle\Java\javapath;C:\Program Files (x86)\Intel\iCLS Client\;C:\Program Files\Intel\iCLS Client\;C:\WINDOWS\system32;C:\WINDOWS;C:\WINDOWS\System32\Wbem;C:\WINDOWS\System32\WindowsPowerShell\v1.0\;C:\WINDOWS\System32\OpenSSH\;C:\Program Files (x86)\Intel\Intel(R) Management Engine Components\DAL;C:\Program Files\Intel\Intel(R) Management Engine Components\DAL;C:\Program Files (x86)\Intel\Intel(R) Management Engine Components\IPT;C:\Program Files\Intel\Intel(R) Management Engine Components\IPT;C:\Users\AGOUROU GUSTAVE\Downloads\platform-tools_r34.0.3-windows\platform-tools;C:\Program Files\mingw64\bin;C:\Program Files\Git\cmd;C:\Program Files\apache-maven-3.9.9\bin;C:\Program Files\JavaUSBComplete\bin;C:\Windows\Installer\{5D847F4E-C86E-4EEC-8E84-E13E00C48891};C:\Program Files\MySQL\MySQL Server 8.0\bin;C:\Program Files\OpenSSL-Win64\bin;C:\railway\;C:\Users\AGOUROU GUSTAVE\Desktop\Microsoft VS Code\bin;C:\railway\;C:\Program Files\MongoDB\Server\8.0\bin;C:\Program Files\nodejs\;C:\Users\AGOUROU GUSTAVE\AppData\Roaming\npm;C:\Program Files\Docker\Docker\resources\bin;C:\Users\AGOUROU GUSTAVE\AppData\Local\Microsoft\WindowsApps;;C:\Users\AGOUROU GUSTAVE\Desktop\Microsoft VS Code\bin;C:\Users\AGOUROU GUSTAVE\AppData\Roaming\npm
USERNAME=AGOUROU GUSTAVE
OS=Windows_NT
PROCESSOR_IDENTIFIER=Intel64 Family 6 Model 61 Stepping 4, GenuineIntel
TMP=C:\Users\AGOURO~1\AppData\Local\Temp
TEMP=C:\Users\AGOURO~1\AppData\Local\Temp




Periodic native trim disabled

---------------  S Y S T E M  ---------------

OS:
 Windows 10 , 64 bit Build 19041 (10.0.19041.5915)
OS uptime: 1 days 0:33 hours
Hyper-V role detected

CPU: total 4 (initial active 4) (2 cores per cpu, 2 threads per core) family 6 model 61 stepping 4 microcode 0x2d, cx8, cmov, fxsr, ht, mmx, 3dnowpref, sse, sse2, sse3, ssse3, sse4.1, sse4.2, popcnt, lzcnt, tsc, tscinvbit, avx, avx2, aes, erms, clmul, bmi1, bmi2, adx, fma, vzeroupper, clflush, hv, rdtscp, f16c
Processor Information for the first 4 processors :
  Max Mhz: 1995, Current Mhz: 1995, Mhz Limit: 1995

Memory: 4k page, system-wide physical 3997M (123M free)
TotalPageFile size 16285M (AvailPageFile size 793M)
current process WorkingSet (physical memory assigned to process): 348M, peak: 398M
current process commit charge ("private bytes"): 778M, peak: 1602M

vm_info: OpenJDK 64-Bit Server VM (21.0.8+9-LTS) for windows-amd64 JRE (21.0.8+9-LTS), built on 2025-07-15T00:00:00Z by "admin" with MS VC++ 17.7 (VS2022)

END.
