#
# There is insufficient memory for the Java Runtime Environment to continue.
# Native memory allocation (mmap) failed to map 870318080 bytes. Error detail: G1 virtual space
# Possible reasons:
#   The system is out of physical RAM or swap space
#   This process is running with CompressedOops enabled, and the Java Heap may be blocking the growth of the native heap
# Possible solutions:
#   Reduce memory load on the system
#   Increase physical memory or swap space
#   Check if swap backing store is full
#   Decrease Java heap size (-Xmx/-Xms)
#   Decrease number of Java threads
#   Decrease Java thread stack sizes (-Xss)
#   Set larger code cache with -XX:ReservedCodeCacheSize=
#   JVM is running with Zero Based Compressed Oops mode in which the Java heap is
#     placed in the first 32GB address space. The Java Heap base address is the
#     maximum limit for the native heap growth. Please use -XX:HeapBaseMinAddress
#     to set the Java Heap base and to place the Java Heap above 32GB virtual address.
# This output file may be truncated or incomplete.
#
#  Out of Memory Error (os_windows.cpp:3713), pid=23196, tid=13096
#
# JRE version: OpenJDK Runtime Environment Temurin-21.0.8+9 (21.0.8+9) (build 21.0.8+9-LTS)
# Java VM: OpenJDK 64-Bit Server VM Temurin-21.0.8+9 (21.0.8+9-LTS, mixed mode, sharing, tiered, compressed oops, compressed class ptrs, g1 gc, windows-amd64)
# No core dump will be written. Minidumps are not enabled by default on client versions of Windows
#

---------------  S U M M A R Y ------------

Command Line: --add-modules=ALL-SYSTEM --add-opens=java.base/java.util=ALL-UNNAMED --add-opens=java.base/java.lang=ALL-UNNAMED --add-opens=java.base/sun.nio.fs=ALL-UNNAMED -Declipse.application=org.eclipse.jdt.ls.core.id1 -Dosgi.bundles.defaultStartLevel=4 -Declipse.product=org.eclipse.jdt.ls.core.product -Djava.import.generatesMetadataFilesAtProjectRoot=false -DDetectVMInstallationsJob.disabled=true -Dfile.encoding=utf8 -Xlog:disable -Xmx4G -Xms512M -javaagent:c:\Users\AGOUROU GUSTAVE\.vscode\extensions\redhat.java-1.46.2025090608-win32-x64\lombok\lombok-1.18.39-4050.jar -XX:+HeapDumpOnOutOfMemoryError -XX:HeapDumpPath=c:\Users\AGOUROU GUSTAVE\AppData\Roaming\Code\User\workspaceStorage\e5e3aa9fae37178fce0e33db35cfc533\redhat.java -Daether.dependencyCollector.impl=bf -XX:+UnlockDiagnosticVMOptions -XX:+AllowArchivingWithJavaAgent -XX:+AutoCreateSharedArchive -XX:SharedArchiveFile=c:\Users\AGOUROU GUSTAVE\AppData\Roaming\Code\User\globalStorage\redhat.java\1.46.2025090608\jdtls.jsa c:\Users\AGOUROU GUSTAVE\.vscode\extensions\redhat.java-1.46.2025090608-win32-x64\server\plugins\org.eclipse.equinox.launcher_1.7.0.v20250519-0528.jar -configuration c:\Users\AGOUROU GUSTAVE\AppData\Roaming\Code\User\globalStorage\redhat.java\1.46.2025090608\config_win -data c:\Users\AGOUROU GUSTAVE\AppData\Roaming\Code\User\workspaceStorage\e5e3aa9fae37178fce0e33db35cfc533\redhat.java\jdt_ws --pipe=\\.\pipe\lsp-3e60cd94f50668da8d886a64440e456e-sock

Host: Intel(R) Core(TM) i3-5005U CPU @ 2.00GHz, 4 cores, 3G,  Windows 10 , 64 bit Build 19041 (10.0.19041.5915)
Time: Tue Sep  9 11:16:27 2025 elapsed time: 3544.191899 seconds (0d 0h 59m 4s)

---------------  T H R E A D  ---------------

Current thread (0x000001d0641ee8d0):  VMThread "VM Thread"          [id=13096, stack(0x0000009e5e500000,0x0000009e5e600000) (1024K)]

Stack: [0x0000009e5e500000,0x0000009e5e600000]
Native frames: (J=compiled Java code, j=interpreted, Vv=VM code, C=native code)
V  [jvm.dll+0x6d2449]
V  [jvm.dll+0x8ae341]
V  [jvm.dll+0x8b08be]
V  [jvm.dll+0x8b0fa3]
V  [jvm.dll+0x280c96]
V  [jvm.dll+0x6cec15]
V  [jvm.dll+0x6c2c3a]
V  [jvm.dll+0x35867a]
V  [jvm.dll+0x360246]
V  [jvm.dll+0x3b1f9e]
V  [jvm.dll+0x3b2248]
V  [jvm.dll+0x32c8fc]
V  [jvm.dll+0x32c987]
V  [jvm.dll+0x3706fc]
V  [jvm.dll+0x36ef48]
V  [jvm.dll+0x32c0c1]
V  [jvm.dll+0x36e978]
V  [jvm.dll+0x8b6cbf]
V  [jvm.dll+0x8b8044]
V  [jvm.dll+0x8b8580]
V  [jvm.dll+0x8b8823]
V  [jvm.dll+0x857e6b]
V  [jvm.dll+0x6d0b0d]
C  [ucrtbase.dll+0x21bb2]
C  [KERNEL32.DLL+0x17374]
C  [ntdll.dll+0x4cc91]

VM_Operation (0x0000009e5ecfcbc0): G1TryInitiateConcMark, mode: safepoint, requested by thread 0x000001d0642196b0


---------------  P R O C E S S  ---------------

Threads class SMR info:
_java_thread_list=0x000001d069a47ac0, length=35, elements={
0x000001d04aac1920, 0x000001d06420ec40, 0x000001d0642102a0, 0x000001d064216a40,
0x000001d064217490, 0x000001d064217ee0, 0x000001d064218930, 0x000001d0642196b0,
0x000001d06428c820, 0x000001d06432cdf0, 0x000001d064497310, 0x000001d064d58df0,
0x000001d064948100, 0x000001d064cae6f0, 0x000001d064901a10, 0x000001d0646ec6a0,
0x000001d069252760, 0x000001d06933ea80, 0x000001d0693404c0, 0x000001d06933f7a0,
0x000001d069340b50, 0x000001d06a172120, 0x000001d06a1734d0, 0x000001d06a170d70,
0x000001d06a1755a0, 0x000001d06a176950, 0x000001d06a1727b0, 0x000001d06a1762c0,
0x000001d06a1741f0, 0x000001d06a174f10, 0x000001d06a173b60, 0x000001d06a174880,
0x000001d069adf3e0, 0x000001d069ae3c10, 0x000001d069ae0790
}

Java Threads: ( => current thread )
  0x000001d04aac1920 JavaThread "main"                              [_thread_blocked, id=14972, stack(0x0000009e5de00000,0x0000009e5df00000) (1024K)]
  0x000001d06420ec40 JavaThread "Reference Handler"          daemon [_thread_blocked, id=20208, stack(0x0000009e5e600000,0x0000009e5e700000) (1024K)]
  0x000001d0642102a0 JavaThread "Finalizer"                  daemon [_thread_blocked, id=17080, stack(0x0000009e5e700000,0x0000009e5e800000) (1024K)]
  0x000001d064216a40 JavaThread "Signal Dispatcher"          daemon [_thread_blocked, id=15268, stack(0x0000009e5e800000,0x0000009e5e900000) (1024K)]
  0x000001d064217490 JavaThread "Attach Listener"            daemon [_thread_blocked, id=21324, stack(0x0000009e5e900000,0x0000009e5ea00000) (1024K)]
  0x000001d064217ee0 JavaThread "Service Thread"             daemon [_thread_blocked, id=3008, stack(0x0000009e5ea00000,0x0000009e5eb00000) (1024K)]
  0x000001d064218930 JavaThread "Monitor Deflation Thread"   daemon [_thread_blocked, id=4320, stack(0x0000009e5eb00000,0x0000009e5ec00000) (1024K)]
  0x000001d0642196b0 JavaThread "C2 CompilerThread0"         daemon [_thread_blocked, id=7684, stack(0x0000009e5ec00000,0x0000009e5ed00000) (1024K)]
  0x000001d06428c820 JavaThread "C1 CompilerThread0"         daemon [_thread_blocked, id=17764, stack(0x0000009e5ed00000,0x0000009e5ee00000) (1024K)]
  0x000001d06432cdf0 JavaThread "Common-Cleaner"             daemon [_thread_blocked, id=4932, stack(0x0000009e5ee00000,0x0000009e5ef00000) (1024K)]
  0x000001d064497310 JavaThread "Notification Thread"        daemon [_thread_blocked, id=22052, stack(0x0000009e5ef00000,0x0000009e5f000000) (1024K)]
  0x000001d064d58df0 JavaThread "Active Thread: Equinox Container: fde44e83-03e1-4639-9c37-3b8c5707d3e6"        [_thread_blocked, id=10940, stack(0x0000009e5f300000,0x0000009e5f400000) (1024K)]
  0x000001d064948100 JavaThread "Refresh Thread: Equinox Container: fde44e83-03e1-4639-9c37-3b8c5707d3e6" daemon [_thread_blocked, id=13420, stack(0x0000009e5f400000,0x0000009e5f500000) (1024K)]
  0x000001d064cae6f0 JavaThread "Framework Event Dispatcher: Equinox Container: fde44e83-03e1-4639-9c37-3b8c5707d3e6" daemon [_thread_blocked, id=14868, stack(0x0000009e5f500000,0x0000009e5f600000) (1024K)]
  0x000001d064901a10 JavaThread "Start Level: Equinox Container: fde44e83-03e1-4639-9c37-3b8c5707d3e6" daemon [_thread_blocked, id=17732, stack(0x0000009e5f600000,0x0000009e5f700000) (1024K)]
  0x000001d0646ec6a0 JavaThread "Bundle File Closer"         daemon [_thread_blocked, id=19636, stack(0x0000009e5f700000,0x0000009e5f800000) (1024K)]
  0x000001d069252760 JavaThread "SCR Component Actor"        daemon [_thread_blocked, id=22460, stack(0x0000009e5f800000,0x0000009e5f900000) (1024K)]
  0x000001d06933ea80 JavaThread "Worker-JM"                         [_thread_blocked, id=14076, stack(0x0000009e5fa00000,0x0000009e5fb00000) (1024K)]
  0x000001d0693404c0 JavaThread "JNA Cleaner"                daemon [_thread_blocked, id=9304, stack(0x0000009e5fb00000,0x0000009e5fc00000) (1024K)]
  0x000001d06933f7a0 JavaThread "Java indexing"              daemon [_thread_blocked, id=9332, stack(0x0000009e5ff00000,0x0000009e60000000) (1024K)]
  0x000001d069340b50 JavaThread "Thread-2"                   daemon [_thread_in_native, id=18132, stack(0x0000009e5f900000,0x0000009e5fa00000) (1024K)]
  0x000001d06a172120 JavaThread "Thread-3"                   daemon [_thread_in_native, id=14260, stack(0x0000009e60200000,0x0000009e60300000) (1024K)]
  0x000001d06a1734d0 JavaThread "Thread-4"                   daemon [_thread_in_native, id=1380, stack(0x0000009e60300000,0x0000009e60400000) (1024K)]
  0x000001d06a170d70 JavaThread "Thread-5"                   daemon [_thread_in_native, id=7288, stack(0x0000009e60400000,0x0000009e60500000) (1024K)]
  0x000001d06a1755a0 JavaThread "Thread-6"                   daemon [_thread_in_native, id=15052, stack(0x0000009e60500000,0x0000009e60600000) (1024K)]
  0x000001d06a176950 JavaThread "pool-2-thread-1"                   [_thread_blocked, id=22004, stack(0x0000009e60600000,0x0000009e60700000) (1024K)]
  0x000001d06a1727b0 JavaThread "WorkspaceEventsHandler"            [_thread_blocked, id=19752, stack(0x0000009e60700000,0x0000009e60800000) (1024K)]
  0x000001d06a1762c0 JavaThread "pool-1-thread-1"                   [_thread_blocked, id=4696, stack(0x0000009e60800000,0x0000009e60900000) (1024K)]
  0x000001d06a1741f0 JavaThread "Cleaner-0"                  daemon [_thread_blocked, id=17260, stack(0x0000009e5fe00000,0x0000009e5ff00000) (1024K)]
  0x000001d06a174f10 JavaThread "Worker-13"                         [_thread_blocked, id=23072, stack(0x0000009e60f00000,0x0000009e61000000) (1024K)]
  0x000001d06a173b60 JavaThread "ForkJoinPool.commonPool-worker-19" daemon [_thread_blocked, id=15464, stack(0x0000009e5dc00000,0x0000009e5dd00000) (1024K)]
  0x000001d06a174880 JavaThread "ForkJoinPool.commonPool-worker-20" daemon [_thread_blocked, id=5496, stack(0x0000009e5dd00000,0x0000009e5de00000) (1024K)]
  0x000001d069adf3e0 JavaThread "Compiler Source File Reader" daemon [_thread_blocked, id=13376, stack(0x0000009e60900000,0x0000009e60a00000) (1024K)]
  0x000001d069ae3c10 JavaThread "Worker-19: Publish Diagnostics"        [_thread_blocked, id=12568, stack(0x0000009e60000000,0x0000009e60100000) (1024K)]
  0x000001d069ae0790 JavaThread "ForkJoinPool.commonPool-worker-23" daemon [_thread_blocked, id=13132, stack(0x0000009e5fc00000,0x0000009e5fd00000) (1024K)]
Total: 35

Other Threads:
=>0x000001d0641ee8d0 VMThread "VM Thread"                           [id=13096, stack(0x0000009e5e500000,0x0000009e5e600000) (1024K)]
  0x000001d0641e0ca0 WatcherThread "VM Periodic Task Thread"        [id=16732, stack(0x0000009e5e400000,0x0000009e5e500000) (1024K)]
  0x000001d04ab2f550 WorkerThread "GC Thread#0"                     [id=22408, stack(0x0000009e5df00000,0x0000009e5e000000) (1024K)]
  0x000001d06499de60 WorkerThread "GC Thread#1"                     [id=21744, stack(0x0000009e5f000000,0x0000009e5f100000) (1024K)]
  0x000001d06499e200 WorkerThread "GC Thread#2"                     [id=20300, stack(0x0000009e5f100000,0x0000009e5f200000) (1024K)]
  0x000001d06499e5a0 WorkerThread "GC Thread#3"                     [id=23004, stack(0x0000009e5f200000,0x0000009e5f300000) (1024K)]
  0x000001d04ab40340 ConcurrentGCThread "G1 Main Marker"            [id=19404, stack(0x0000009e5e000000,0x0000009e5e100000) (1024K)]
  0x000001d04ab40c50 WorkerThread "G1 Conc#0"                       [id=18876, stack(0x0000009e5e100000,0x0000009e5e200000) (1024K)]
  0x000001d0640b1e80 ConcurrentGCThread "G1 Refine#0"               [id=20656, stack(0x0000009e5e200000,0x0000009e5e300000) (1024K)]
  0x000001d0640b26a0 ConcurrentGCThread "G1 Service"                [id=21980, stack(0x0000009e5e300000,0x0000009e5e400000) (1024K)]
Total: 10

Threads with active compile tasks:
C2 CompilerThread0  3544315 21067       4       org.eclipse.jdt.internal.compiler.codegen.OperandStack::pop (41 bytes)
Total: 1

VM state: at safepoint (normal execution)

VM Mutex/Monitor currently owned by a thread:  ([mutex/lock_event])
[0x00007ffeb3a45458] Threads_lock - owner thread: 0x000001d0641ee8d0
[0x00007ffeb3a45558] Heap_lock - owner thread: 0x000001d0642196b0

Heap address: 0x0000000700000000, size: 4096 MB, Compressed Oops mode: Zero based, Oop shift amount: 3

CDS archive(s) mapped at: [0x000001d000000000-0x000001d000ba0000-0x000001d005420000), size 88211456, SharedBaseAddress: 0x000001d000000000, ArchiveRelocationMode: 1.
Compressed class space mapped at: 0x000001d006000000-0x000001d046000000, reserved size: 1073741824
Narrow klass base: 0x000001d000000000, Narrow klass shift: 0, Narrow klass range: 0x100000000

GC Precious Log:
 CardTable entry size: 512
 Card Set container configuration: InlinePtr #cards 4 size 8 Array Of Cards #cards 16 size 48 Howl #buckets 8 coarsen threshold 3686 Howl Bitmap #cards 512 size 80 coarsen threshold 460 Card regions per heap region 1 cards per card region 4096
 CPUs: 4 total, 4 available
 Memory: 3997M
 Large Page Support: Disabled
 NUMA Support: Disabled
 Compressed Oops: Enabled (Zero based)
 Heap Region Size: 2M
 Heap Min Capacity: 512M
 Heap Initial Capacity: 512M
 Heap Max Capacity: 4G
 Pre-touch: Disabled
 Parallel Workers: 4
 Concurrent Workers: 1
 Concurrent Refinement Workers: 4
 Periodic GC: Disabled

Heap:
 garbage-first heap   total 630784K, used 209137K [0x0000000700000000, 0x0000000800000000)
  region size 2048K, 6 young (12288K), 6 survivors (12288K)
 Metaspace       used 34882K, committed 36352K, reserved 1114112K
  class space    used 2872K, committed 3520K, reserved 1048576K

Heap Regions: E=young(eden), S=young(survivor), O=old, HS=humongous(starts), HC=humongous(continues), CS=collection set, F=free, TAMS=top-at-mark-start, PB=parsable bottom
|   0|0x0000000700000000, 0x0000000700200000, 0x0000000700200000|100%| O|  |TAMS 0x0000000700200000| PB 0x0000000700000000| Untracked 
|   1|0x0000000700200000, 0x0000000700400000, 0x0000000700400000|100%| O|  |TAMS 0x0000000700400000| PB 0x0000000700200000| Untracked 
|   2|0x0000000700400000, 0x0000000700600000, 0x0000000700600000|100%| O|  |TAMS 0x0000000700600000| PB 0x0000000700400000| Untracked 
|   3|0x0000000700600000, 0x0000000700800000, 0x0000000700800000|100%| O|  |TAMS 0x0000000700800000| PB 0x0000000700600000| Untracked 
|   4|0x0000000700800000, 0x0000000700a00000, 0x0000000700a00000|100%| O|  |TAMS 0x0000000700a00000| PB 0x0000000700800000| Untracked 
|   5|0x0000000700a00000, 0x0000000700c00000, 0x0000000700c00000|100%| O|  |TAMS 0x0000000700c00000| PB 0x0000000700a00000| Untracked 
|   6|0x0000000700c00000, 0x0000000700e00000, 0x0000000700e00000|100%| O|  |TAMS 0x0000000700e00000| PB 0x0000000700c00000| Untracked 
|   7|0x0000000700e00000, 0x0000000701000000, 0x0000000701000000|100%| O|  |TAMS 0x0000000701000000| PB 0x0000000700e00000| Untracked 
|   8|0x0000000701000000, 0x0000000701200000, 0x0000000701200000|100%| O|  |TAMS 0x0000000701200000| PB 0x0000000701000000| Untracked 
|   9|0x0000000701200000, 0x0000000701400000, 0x0000000701400000|100%| O|  |TAMS 0x0000000701400000| PB 0x0000000701200000| Untracked 
|  10|0x0000000701400000, 0x0000000701600000, 0x0000000701600000|100%| O|  |TAMS 0x0000000701600000| PB 0x0000000701400000| Untracked 
|  11|0x0000000701600000, 0x0000000701800000, 0x0000000701800000|100%| O|  |TAMS 0x0000000701800000| PB 0x0000000701600000| Untracked 
|  12|0x0000000701800000, 0x0000000701a00000, 0x0000000701a00000|100%| O|  |TAMS 0x0000000701a00000| PB 0x0000000701800000| Untracked 
|  13|0x0000000701a00000, 0x0000000701c00000, 0x0000000701c00000|100%| O|  |TAMS 0x0000000701c00000| PB 0x0000000701a00000| Untracked 
|  14|0x0000000701c00000, 0x0000000701e00000, 0x0000000701e00000|100%| O|  |TAMS 0x0000000701e00000| PB 0x0000000701c00000| Untracked 
|  15|0x0000000701e00000, 0x0000000702000000, 0x0000000702000000|100%| O|  |TAMS 0x0000000702000000| PB 0x0000000701e00000| Untracked 
|  16|0x0000000702000000, 0x0000000702200000, 0x0000000702200000|100%| O|  |TAMS 0x0000000702200000| PB 0x0000000702000000| Untracked 
|  17|0x0000000702200000, 0x0000000702400000, 0x0000000702400000|100%| O|  |TAMS 0x0000000702400000| PB 0x0000000702200000| Untracked 
|  18|0x0000000702400000, 0x0000000702600000, 0x0000000702600000|100%| O|  |TAMS 0x0000000702600000| PB 0x0000000702400000| Untracked 
|  19|0x0000000702600000, 0x0000000702800000, 0x0000000702800000|100%| O|  |TAMS 0x0000000702800000| PB 0x0000000702600000| Untracked 
|  20|0x0000000702800000, 0x0000000702a00000, 0x0000000702a00000|100%| O|  |TAMS 0x0000000702a00000| PB 0x0000000702800000| Untracked 
|  21|0x0000000702a00000, 0x0000000702c00000, 0x0000000702c00000|100%| O|  |TAMS 0x0000000702c00000| PB 0x0000000702a00000| Untracked 
|  22|0x0000000702c00000, 0x0000000702e00000, 0x0000000702e00000|100%| O|  |TAMS 0x0000000702e00000| PB 0x0000000702c00000| Untracked 
|  23|0x0000000702e00000, 0x0000000703000000, 0x0000000703000000|100%| O|  |TAMS 0x0000000703000000| PB 0x0000000702e00000| Untracked 
|  24|0x0000000703000000, 0x0000000703200000, 0x0000000703200000|100%| O|  |TAMS 0x0000000703200000| PB 0x0000000703000000| Untracked 
|  25|0x0000000703200000, 0x0000000703400000, 0x0000000703400000|100%| O|  |TAMS 0x0000000703400000| PB 0x0000000703200000| Untracked 
|  26|0x0000000703400000, 0x0000000703600000, 0x0000000703600000|100%| O|  |TAMS 0x0000000703600000| PB 0x0000000703400000| Untracked 
|  27|0x0000000703600000, 0x0000000703800000, 0x0000000703800000|100%| O|  |TAMS 0x0000000703800000| PB 0x0000000703600000| Untracked 
|  28|0x0000000703800000, 0x0000000703a00000, 0x0000000703a00000|100%| O|  |TAMS 0x0000000703a00000| PB 0x0000000703800000| Untracked 
|  29|0x0000000703a00000, 0x0000000703c00000, 0x0000000703c00000|100%| O|  |TAMS 0x0000000703c00000| PB 0x0000000703a00000| Untracked 
|  30|0x0000000703c00000, 0x0000000703e00000, 0x0000000703e00000|100%| O|  |TAMS 0x0000000703e00000| PB 0x0000000703c00000| Untracked 
|  31|0x0000000703e00000, 0x0000000704000000, 0x0000000704000000|100%| O|  |TAMS 0x0000000704000000| PB 0x0000000703e00000| Untracked 
|  32|0x0000000704000000, 0x0000000704200000, 0x0000000704200000|100%| O|  |TAMS 0x0000000704200000| PB 0x0000000704000000| Untracked 
|  33|0x0000000704200000, 0x0000000704400000, 0x0000000704400000|100%| O|  |TAMS 0x0000000704400000| PB 0x0000000704200000| Untracked 
|  34|0x0000000704400000, 0x0000000704600000, 0x0000000704600000|100%| O|  |TAMS 0x0000000704600000| PB 0x0000000704400000| Untracked 
|  35|0x0000000704600000, 0x0000000704800000, 0x0000000704800000|100%| O|  |TAMS 0x0000000704800000| PB 0x0000000704600000| Untracked 
|  36|0x0000000704800000, 0x0000000704a00000, 0x0000000704a00000|100%| O|  |TAMS 0x0000000704a00000| PB 0x0000000704800000| Untracked 
|  37|0x0000000704a00000, 0x0000000704c00000, 0x0000000704c00000|100%| O|  |TAMS 0x0000000704c00000| PB 0x0000000704a00000| Untracked 
|  38|0x0000000704c00000, 0x0000000704e00000, 0x0000000704e00000|100%| O|  |TAMS 0x0000000704e00000| PB 0x0000000704c00000| Untracked 
|  39|0x0000000704e00000, 0x0000000705000000, 0x0000000705000000|100%| O|  |TAMS 0x0000000705000000| PB 0x0000000704e00000| Untracked 
|  40|0x0000000705000000, 0x0000000705200000, 0x0000000705200000|100%| O|  |TAMS 0x0000000705200000| PB 0x0000000705000000| Untracked 
|  41|0x0000000705200000, 0x0000000705400000, 0x0000000705400000|100%| O|  |TAMS 0x0000000705400000| PB 0x0000000705200000| Untracked 
|  42|0x0000000705400000, 0x0000000705600000, 0x0000000705600000|100%| O|  |TAMS 0x0000000705600000| PB 0x0000000705400000| Untracked 
|  43|0x0000000705600000, 0x00000007057e8988, 0x0000000705800000| 95%| O|  |TAMS 0x00000007057e8988| PB 0x0000000705600000| Untracked 
|  44|0x0000000705800000, 0x0000000705a00000, 0x0000000705a00000|100%| O|  |TAMS 0x0000000705a00000| PB 0x0000000705800000| Untracked 
|  45|0x0000000705a00000, 0x0000000705c00000, 0x0000000705c00000|100%| O|  |TAMS 0x0000000705c00000| PB 0x0000000705a00000| Untracked 
|  46|0x0000000705c00000, 0x0000000705e00000, 0x0000000705e00000|100%| O|  |TAMS 0x0000000705e00000| PB 0x0000000705c00000| Untracked 
|  47|0x0000000705e00000, 0x0000000706000000, 0x0000000706000000|100%| O|  |TAMS 0x0000000706000000| PB 0x0000000705e00000| Untracked 
|  48|0x0000000706000000, 0x0000000706200000, 0x0000000706200000|100%| O|  |TAMS 0x0000000706200000| PB 0x0000000706000000| Untracked 
|  49|0x0000000706200000, 0x0000000706400000, 0x0000000706400000|100%| O|  |TAMS 0x0000000706400000| PB 0x0000000706200000| Untracked 
|  50|0x0000000706400000, 0x0000000706600000, 0x0000000706600000|100%| O|  |TAMS 0x0000000706600000| PB 0x0000000706400000| Untracked 
|  51|0x0000000706600000, 0x0000000706800000, 0x0000000706800000|100%| O|  |TAMS 0x0000000706800000| PB 0x0000000706600000| Untracked 
|  52|0x0000000706800000, 0x0000000706a00000, 0x0000000706a00000|100%| O|  |TAMS 0x0000000706a00000| PB 0x0000000706800000| Untracked 
|  53|0x0000000706a00000, 0x0000000706c00000, 0x0000000706c00000|100%| O|  |TAMS 0x0000000706c00000| PB 0x0000000706a00000| Untracked 
|  54|0x0000000706c00000, 0x0000000706e00000, 0x0000000706e00000|100%| O|  |TAMS 0x0000000706e00000| PB 0x0000000706c00000| Untracked 
|  55|0x0000000706e00000, 0x0000000707000000, 0x0000000707000000|100%| O|  |TAMS 0x0000000707000000| PB 0x0000000706e00000| Untracked 
|  56|0x0000000707000000, 0x0000000707200000, 0x0000000707200000|100%| O|  |TAMS 0x0000000707200000| PB 0x0000000707000000| Untracked 
|  57|0x0000000707200000, 0x0000000707400000, 0x0000000707400000|100%| O|  |TAMS 0x0000000707400000| PB 0x0000000707200000| Untracked 
|  58|0x0000000707400000, 0x0000000707600000, 0x0000000707600000|100%| O|  |TAMS 0x0000000707600000| PB 0x0000000707400000| Untracked 
|  59|0x0000000707600000, 0x0000000707800000, 0x0000000707800000|100%| O|  |TAMS 0x0000000707800000| PB 0x0000000707600000| Untracked 
|  60|0x0000000707800000, 0x0000000707a00000, 0x0000000707a00000|100%| O|  |TAMS 0x0000000707a00000| PB 0x0000000707800000| Untracked 
|  61|0x0000000707a00000, 0x0000000707c00000, 0x0000000707c00000|100%| O|  |TAMS 0x0000000707c00000| PB 0x0000000707a00000| Untracked 
|  62|0x0000000707c00000, 0x0000000707e00000, 0x0000000707e00000|100%| O|  |TAMS 0x0000000707e00000| PB 0x0000000707c00000| Untracked 
|  63|0x0000000707e00000, 0x0000000708000000, 0x0000000708000000|100%| O|  |TAMS 0x0000000708000000| PB 0x0000000707e00000| Untracked 
|  64|0x0000000708000000, 0x0000000708200000, 0x0000000708200000|100%| O|  |TAMS 0x0000000708200000| PB 0x0000000708000000| Untracked 
|  65|0x0000000708200000, 0x0000000708400000, 0x0000000708400000|100%| O|  |TAMS 0x0000000708400000| PB 0x0000000708200000| Untracked 
|  66|0x0000000708400000, 0x0000000708600000, 0x0000000708600000|100%| O|  |TAMS 0x0000000708600000| PB 0x0000000708400000| Untracked 
|  67|0x0000000708600000, 0x0000000708800000, 0x0000000708800000|100%| O|  |TAMS 0x0000000708800000| PB 0x0000000708600000| Untracked 
|  68|0x0000000708800000, 0x0000000708a00000, 0x0000000708a00000|100%| O|  |TAMS 0x0000000708a00000| PB 0x0000000708800000| Untracked 
|  69|0x0000000708a00000, 0x0000000708c00000, 0x0000000708c00000|100%| O|  |TAMS 0x0000000708c00000| PB 0x0000000708a00000| Untracked 
|  70|0x0000000708c00000, 0x0000000708e00000, 0x0000000708e00000|100%| O|  |TAMS 0x0000000708e00000| PB 0x0000000708c00000| Untracked 
|  71|0x0000000708e00000, 0x0000000709000000, 0x0000000709000000|100%| O|  |TAMS 0x0000000709000000| PB 0x0000000708e00000| Untracked 
|  72|0x0000000709000000, 0x0000000709200000, 0x0000000709200000|100%| O|  |TAMS 0x0000000709200000| PB 0x0000000709000000| Untracked 
|  73|0x0000000709200000, 0x0000000709400000, 0x0000000709400000|100%| O|  |TAMS 0x0000000709400000| PB 0x0000000709200000| Untracked 
|  74|0x0000000709400000, 0x0000000709600000, 0x0000000709600000|100%| O|  |TAMS 0x0000000709600000| PB 0x0000000709400000| Untracked 
|  75|0x0000000709600000, 0x0000000709800000, 0x0000000709800000|100%| O|  |TAMS 0x0000000709800000| PB 0x0000000709600000| Untracked 
|  76|0x0000000709800000, 0x0000000709a00000, 0x0000000709a00000|100%| O|  |TAMS 0x0000000709a00000| PB 0x0000000709800000| Untracked 
|  77|0x0000000709a00000, 0x0000000709c00000, 0x0000000709c00000|100%| O|  |TAMS 0x0000000709c00000| PB 0x0000000709a00000| Untracked 
|  78|0x0000000709c00000, 0x0000000709e00000, 0x0000000709e00000|100%| O|  |TAMS 0x0000000709e00000| PB 0x0000000709c00000| Untracked 
|  79|0x0000000709e00000, 0x000000070a000000, 0x000000070a000000|100%| O|  |TAMS 0x000000070a000000| PB 0x0000000709e00000| Untracked 
|  80|0x000000070a000000, 0x000000070a200000, 0x000000070a200000|100%| O|  |TAMS 0x000000070a200000| PB 0x000000070a000000| Untracked 
|  81|0x000000070a200000, 0x000000070a400000, 0x000000070a400000|100%| O|  |TAMS 0x000000070a400000| PB 0x000000070a200000| Untracked 
|  82|0x000000070a400000, 0x000000070a600000, 0x000000070a600000|100%| O|  |TAMS 0x000000070a600000| PB 0x000000070a400000| Untracked 
|  83|0x000000070a600000, 0x000000070a800000, 0x000000070a800000|100%| O|  |TAMS 0x000000070a800000| PB 0x000000070a600000| Untracked 
|  84|0x000000070a800000, 0x000000070aa00000, 0x000000070aa00000|100%| O|  |TAMS 0x000000070aa00000| PB 0x000000070a800000| Untracked 
|  85|0x000000070aa00000, 0x000000070aa00000, 0x000000070ac00000|  0%| F|  |TAMS 0x000000070aa00000| PB 0x000000070aa00000| Untracked 
|  86|0x000000070ac00000, 0x000000070ac00000, 0x000000070ae00000|  0%| F|  |TAMS 0x000000070ac00000| PB 0x000000070ac00000| Untracked 
|  87|0x000000070ae00000, 0x000000070ae00000, 0x000000070b000000|  0%| F|  |TAMS 0x000000070ae00000| PB 0x000000070ae00000| Untracked 
|  88|0x000000070b000000, 0x000000070b000000, 0x000000070b200000|  0%| F|  |TAMS 0x000000070b000000| PB 0x000000070b000000| Untracked 
|  89|0x000000070b200000, 0x000000070b400000, 0x000000070b400000|100%| O|  |TAMS 0x000000070b400000| PB 0x000000070b200000| Untracked 
|  90|0x000000070b400000, 0x000000070b400000, 0x000000070b600000|  0%| F|  |TAMS 0x000000070b400000| PB 0x000000070b400000| Untracked 
|  91|0x000000070b600000, 0x000000070b600000, 0x000000070b800000|  0%| F|  |TAMS 0x000000070b600000| PB 0x000000070b600000| Untracked 
|  92|0x000000070b800000, 0x000000070b800000, 0x000000070ba00000|  0%| F|  |TAMS 0x000000070b800000| PB 0x000000070b800000| Untracked 
|  93|0x000000070ba00000, 0x000000070ba00000, 0x000000070bc00000|  0%| F|  |TAMS 0x000000070ba00000| PB 0x000000070ba00000| Untracked 
|  94|0x000000070bc00000, 0x000000070bc00000, 0x000000070be00000|  0%| F|  |TAMS 0x000000070bc00000| PB 0x000000070bc00000| Untracked 
|  95|0x000000070be00000, 0x000000070be00000, 0x000000070c000000|  0%| F|  |TAMS 0x000000070be00000| PB 0x000000070be00000| Untracked 
|  96|0x000000070c000000, 0x000000070c200000, 0x000000070c200000|100%| O|  |TAMS 0x000000070c200000| PB 0x000000070c000000| Untracked 
|  97|0x000000070c200000, 0x000000070c400000, 0x000000070c400000|100%| O|  |TAMS 0x000000070c400000| PB 0x000000070c200000| Untracked 
|  98|0x000000070c400000, 0x000000070c5bc6c0, 0x000000070c600000| 86%| O|  |TAMS 0x000000070c5bc6c0| PB 0x000000070c400000| Untracked 
|  99|0x000000070c600000, 0x000000070c600000, 0x000000070c800000|  0%| F|  |TAMS 0x000000070c600000| PB 0x000000070c600000| Untracked 
| 100|0x000000070c800000, 0x000000070c800000, 0x000000070ca00000|  0%| F|  |TAMS 0x000000070c800000| PB 0x000000070c800000| Untracked 
| 101|0x000000070ca00000, 0x000000070ca00000, 0x000000070cc00000|  0%| F|  |TAMS 0x000000070ca00000| PB 0x000000070ca00000| Untracked 
| 102|0x000000070cc00000, 0x000000070cc00000, 0x000000070ce00000|  0%| F|  |TAMS 0x000000070cc00000| PB 0x000000070cc00000| Untracked 
| 103|0x000000070ce00000, 0x000000070ce00000, 0x000000070d000000|  0%| F|  |TAMS 0x000000070ce00000| PB 0x000000070ce00000| Untracked 
| 104|0x000000070d000000, 0x000000070d000000, 0x000000070d200000|  0%| F|  |TAMS 0x000000070d000000| PB 0x000000070d000000| Untracked 
| 105|0x000000070d200000, 0x000000070d200000, 0x000000070d400000|  0%| F|  |TAMS 0x000000070d200000| PB 0x000000070d200000| Untracked 
| 106|0x000000070d400000, 0x000000070d400000, 0x000000070d600000|  0%| F|  |TAMS 0x000000070d400000| PB 0x000000070d400000| Untracked 
| 107|0x000000070d600000, 0x000000070d600000, 0x000000070d800000|  0%| F|  |TAMS 0x000000070d600000| PB 0x000000070d600000| Untracked 
| 108|0x000000070d800000, 0x000000070d800000, 0x000000070da00000|  0%| F|  |TAMS 0x000000070d800000| PB 0x000000070d800000| Untracked 
| 109|0x000000070da00000, 0x000000070da00000, 0x000000070dc00000|  0%| F|  |TAMS 0x000000070da00000| PB 0x000000070da00000| Untracked 
| 110|0x000000070dc00000, 0x000000070dc00000, 0x000000070de00000|  0%| F|  |TAMS 0x000000070dc00000| PB 0x000000070dc00000| Untracked 
| 111|0x000000070de00000, 0x000000070e000000, 0x000000070e000000|100%| O|  |TAMS 0x000000070e000000| PB 0x000000070de00000| Untracked 
| 112|0x000000070e000000, 0x000000070e200000, 0x000000070e200000|100%| O|  |TAMS 0x000000070e200000| PB 0x000000070e000000| Untracked 
| 113|0x000000070e200000, 0x000000070e400000, 0x000000070e400000|100%| O|  |TAMS 0x000000070e400000| PB 0x000000070e200000| Untracked 
| 114|0x000000070e400000, 0x000000070e600000, 0x000000070e600000|100%| O|  |TAMS 0x000000070e600000| PB 0x000000070e400000| Untracked 
| 115|0x000000070e600000, 0x000000070e800000, 0x000000070e800000|100%| O|  |TAMS 0x000000070e800000| PB 0x000000070e600000| Untracked 
| 116|0x000000070e800000, 0x000000070ea00000, 0x000000070ea00000|100%| O|  |TAMS 0x000000070ea00000| PB 0x000000070e800000| Untracked 
| 117|0x000000070ea00000, 0x000000070ec00000, 0x000000070ec00000|100%| O|  |TAMS 0x000000070ec00000| PB 0x000000070ea00000| Untracked 
| 118|0x000000070ec00000, 0x000000070ee00000, 0x000000070ee00000|100%| O|  |TAMS 0x000000070ee00000| PB 0x000000070ec00000| Untracked 
| 119|0x000000070ee00000, 0x000000070ee00000, 0x000000070f000000|  0%| F|  |TAMS 0x000000070ee00000| PB 0x000000070ee00000| Untracked 
| 120|0x000000070f000000, 0x000000070f000000, 0x000000070f200000|  0%| F|  |TAMS 0x000000070f000000| PB 0x000000070f000000| Untracked 
| 121|0x000000070f200000, 0x000000070f200000, 0x000000070f400000|  0%| F|  |TAMS 0x000000070f200000| PB 0x000000070f200000| Untracked 
| 122|0x000000070f400000, 0x000000070f400000, 0x000000070f600000|  0%| F|  |TAMS 0x000000070f400000| PB 0x000000070f400000| Untracked 
| 123|0x000000070f600000, 0x000000070f600000, 0x000000070f800000|  0%| F|  |TAMS 0x000000070f600000| PB 0x000000070f600000| Untracked 
| 124|0x000000070f800000, 0x000000070f800000, 0x000000070fa00000|  0%| F|  |TAMS 0x000000070f800000| PB 0x000000070f800000| Untracked 
| 125|0x000000070fa00000, 0x000000070fa00000, 0x000000070fc00000|  0%| F|  |TAMS 0x000000070fa00000| PB 0x000000070fa00000| Untracked 
| 126|0x000000070fc00000, 0x000000070fc00000, 0x000000070fe00000|  0%| F|  |TAMS 0x000000070fc00000| PB 0x000000070fc00000| Untracked 
| 127|0x000000070fe00000, 0x000000070fe00000, 0x0000000710000000|  0%| F|  |TAMS 0x000000070fe00000| PB 0x000000070fe00000| Untracked 
| 128|0x0000000710000000, 0x0000000710000000, 0x0000000710200000|  0%| F|  |TAMS 0x0000000710000000| PB 0x0000000710000000| Untracked 
| 129|0x0000000710200000, 0x0000000710200000, 0x0000000710400000|  0%| F|  |TAMS 0x0000000710200000| PB 0x0000000710200000| Untracked 
| 130|0x0000000710400000, 0x0000000710400000, 0x0000000710600000|  0%| F|  |TAMS 0x0000000710400000| PB 0x0000000710400000| Untracked 
| 131|0x0000000710600000, 0x0000000710600000, 0x0000000710800000|  0%| F|  |TAMS 0x0000000710600000| PB 0x0000000710600000| Untracked 
| 132|0x0000000710800000, 0x0000000710800000, 0x0000000710a00000|  0%| F|  |TAMS 0x0000000710800000| PB 0x0000000710800000| Untracked 
| 133|0x0000000710a00000, 0x0000000710a00000, 0x0000000710c00000|  0%| F|  |TAMS 0x0000000710a00000| PB 0x0000000710a00000| Untracked 
| 134|0x0000000710c00000, 0x0000000710c00000, 0x0000000710e00000|  0%| F|  |TAMS 0x0000000710c00000| PB 0x0000000710c00000| Untracked 
| 135|0x0000000710e00000, 0x0000000710e00000, 0x0000000711000000|  0%| F|  |TAMS 0x0000000710e00000| PB 0x0000000710e00000| Untracked 
| 136|0x0000000711000000, 0x0000000711000000, 0x0000000711200000|  0%| F|  |TAMS 0x0000000711000000| PB 0x0000000711000000| Untracked 
| 137|0x0000000711200000, 0x0000000711200000, 0x0000000711400000|  0%| F|  |TAMS 0x0000000711200000| PB 0x0000000711200000| Untracked 
| 138|0x0000000711400000, 0x0000000711400000, 0x0000000711600000|  0%| F|  |TAMS 0x0000000711400000| PB 0x0000000711400000| Untracked 
| 139|0x0000000711600000, 0x0000000711600000, 0x0000000711800000|  0%| F|  |TAMS 0x0000000711600000| PB 0x0000000711600000| Untracked 
| 140|0x0000000711800000, 0x0000000711800000, 0x0000000711a00000|  0%| F|  |TAMS 0x0000000711800000| PB 0x0000000711800000| Untracked 
| 141|0x0000000711a00000, 0x0000000711a00000, 0x0000000711c00000|  0%| F|  |TAMS 0x0000000711a00000| PB 0x0000000711a00000| Untracked 
| 142|0x0000000711c00000, 0x0000000711c00000, 0x0000000711e00000|  0%| F|  |TAMS 0x0000000711c00000| PB 0x0000000711c00000| Untracked 
| 143|0x0000000711e00000, 0x0000000711e00000, 0x0000000712000000|  0%| F|  |TAMS 0x0000000711e00000| PB 0x0000000711e00000| Untracked 
| 144|0x0000000712000000, 0x0000000712000000, 0x0000000712200000|  0%| F|  |TAMS 0x0000000712000000| PB 0x0000000712000000| Untracked 
| 145|0x0000000712200000, 0x0000000712200000, 0x0000000712400000|  0%| F|  |TAMS 0x0000000712200000| PB 0x0000000712200000| Untracked 
| 146|0x0000000712400000, 0x0000000712400000, 0x0000000712600000|  0%| F|  |TAMS 0x0000000712400000| PB 0x0000000712400000| Untracked 
| 147|0x0000000712600000, 0x0000000712600000, 0x0000000712800000|  0%| F|  |TAMS 0x0000000712600000| PB 0x0000000712600000| Untracked 
| 148|0x0000000712800000, 0x0000000712800000, 0x0000000712a00000|  0%| F|  |TAMS 0x0000000712800000| PB 0x0000000712800000| Untracked 
| 149|0x0000000712a00000, 0x0000000712a00000, 0x0000000712c00000|  0%| F|  |TAMS 0x0000000712a00000| PB 0x0000000712a00000| Untracked 
| 150|0x0000000712c00000, 0x0000000712c00000, 0x0000000712e00000|  0%| F|  |TAMS 0x0000000712c00000| PB 0x0000000712c00000| Untracked 
| 151|0x0000000712e00000, 0x0000000712e00000, 0x0000000713000000|  0%| F|  |TAMS 0x0000000712e00000| PB 0x0000000712e00000| Untracked 
| 152|0x0000000713000000, 0x0000000713000000, 0x0000000713200000|  0%| F|  |TAMS 0x0000000713000000| PB 0x0000000713000000| Untracked 
| 153|0x0000000713200000, 0x0000000713200000, 0x0000000713400000|  0%| F|  |TAMS 0x0000000713200000| PB 0x0000000713200000| Untracked 
| 154|0x0000000713400000, 0x0000000713400000, 0x0000000713600000|  0%| F|  |TAMS 0x0000000713400000| PB 0x0000000713400000| Untracked 
| 155|0x0000000713600000, 0x0000000713600000, 0x0000000713800000|  0%| F|  |TAMS 0x0000000713600000| PB 0x0000000713600000| Untracked 
| 156|0x0000000713800000, 0x0000000713800000, 0x0000000713a00000|  0%| F|  |TAMS 0x0000000713800000| PB 0x0000000713800000| Untracked 
| 157|0x0000000713a00000, 0x0000000713a00000, 0x0000000713c00000|  0%| F|  |TAMS 0x0000000713a00000| PB 0x0000000713a00000| Untracked 
| 158|0x0000000713c00000, 0x0000000713c00000, 0x0000000713e00000|  0%| F|  |TAMS 0x0000000713c00000| PB 0x0000000713c00000| Untracked 
| 159|0x0000000713e00000, 0x0000000713e00000, 0x0000000714000000|  0%| F|  |TAMS 0x0000000713e00000| PB 0x0000000713e00000| Untracked 
| 160|0x0000000714000000, 0x0000000714000000, 0x0000000714200000|  0%| F|  |TAMS 0x0000000714000000| PB 0x0000000714000000| Untracked 
| 161|0x0000000714200000, 0x0000000714200000, 0x0000000714400000|  0%| F|  |TAMS 0x0000000714200000| PB 0x0000000714200000| Untracked 
| 162|0x0000000714400000, 0x0000000714400000, 0x0000000714600000|  0%| F|  |TAMS 0x0000000714400000| PB 0x0000000714400000| Untracked 
| 163|0x0000000714600000, 0x0000000714600000, 0x0000000714800000|  0%| F|  |TAMS 0x0000000714600000| PB 0x0000000714600000| Untracked 
| 164|0x0000000714800000, 0x0000000714800000, 0x0000000714a00000|  0%| F|  |TAMS 0x0000000714800000| PB 0x0000000714800000| Untracked 
| 165|0x0000000714a00000, 0x0000000714a00000, 0x0000000714c00000|  0%| F|  |TAMS 0x0000000714a00000| PB 0x0000000714a00000| Untracked 
| 166|0x0000000714c00000, 0x0000000714c00000, 0x0000000714e00000|  0%| F|  |TAMS 0x0000000714c00000| PB 0x0000000714c00000| Untracked 
| 167|0x0000000714e00000, 0x0000000714e00000, 0x0000000715000000|  0%| F|  |TAMS 0x0000000714e00000| PB 0x0000000714e00000| Untracked 
| 168|0x0000000715000000, 0x0000000715000000, 0x0000000715200000|  0%| F|  |TAMS 0x0000000715000000| PB 0x0000000715000000| Untracked 
| 169|0x0000000715200000, 0x0000000715200000, 0x0000000715400000|  0%| F|  |TAMS 0x0000000715200000| PB 0x0000000715200000| Untracked 
| 170|0x0000000715400000, 0x0000000715400000, 0x0000000715600000|  0%| F|  |TAMS 0x0000000715400000| PB 0x0000000715400000| Untracked 
| 171|0x0000000715600000, 0x0000000715600000, 0x0000000715800000|  0%| F|  |TAMS 0x0000000715600000| PB 0x0000000715600000| Untracked 
| 172|0x0000000715800000, 0x0000000715800000, 0x0000000715a00000|  0%| F|  |TAMS 0x0000000715800000| PB 0x0000000715800000| Untracked 
| 173|0x0000000715a00000, 0x0000000715a00000, 0x0000000715c00000|  0%| F|  |TAMS 0x0000000715a00000| PB 0x0000000715a00000| Untracked 
| 174|0x0000000715c00000, 0x0000000715c00000, 0x0000000715e00000|  0%| F|  |TAMS 0x0000000715c00000| PB 0x0000000715c00000| Untracked 
| 175|0x0000000715e00000, 0x0000000715e00000, 0x0000000716000000|  0%| F|  |TAMS 0x0000000715e00000| PB 0x0000000715e00000| Untracked 
| 176|0x0000000716000000, 0x0000000716000000, 0x0000000716200000|  0%| F|  |TAMS 0x0000000716000000| PB 0x0000000716000000| Untracked 
| 177|0x0000000716200000, 0x0000000716200000, 0x0000000716400000|  0%| F|  |TAMS 0x0000000716200000| PB 0x0000000716200000| Untracked 
| 178|0x0000000716400000, 0x0000000716400000, 0x0000000716600000|  0%| F|  |TAMS 0x0000000716400000| PB 0x0000000716400000| Untracked 
| 179|0x0000000716600000, 0x0000000716600000, 0x0000000716800000|  0%| F|  |TAMS 0x0000000716600000| PB 0x0000000716600000| Untracked 
| 180|0x0000000716800000, 0x0000000716800000, 0x0000000716a00000|  0%| F|  |TAMS 0x0000000716800000| PB 0x0000000716800000| Untracked 
| 181|0x0000000716a00000, 0x0000000716a00000, 0x0000000716c00000|  0%| F|  |TAMS 0x0000000716a00000| PB 0x0000000716a00000| Untracked 
| 182|0x0000000716c00000, 0x0000000716c00000, 0x0000000716e00000|  0%| F|  |TAMS 0x0000000716c00000| PB 0x0000000716c00000| Untracked 
| 183|0x0000000716e00000, 0x0000000716e00000, 0x0000000717000000|  0%| F|  |TAMS 0x0000000716e00000| PB 0x0000000716e00000| Untracked 
| 184|0x0000000717000000, 0x0000000717000000, 0x0000000717200000|  0%| F|  |TAMS 0x0000000717000000| PB 0x0000000717000000| Untracked 
| 185|0x0000000717200000, 0x0000000717200000, 0x0000000717400000|  0%| F|  |TAMS 0x0000000717200000| PB 0x0000000717200000| Untracked 
| 186|0x0000000717400000, 0x0000000717400000, 0x0000000717600000|  0%| F|  |TAMS 0x0000000717400000| PB 0x0000000717400000| Untracked 
| 187|0x0000000717600000, 0x0000000717600000, 0x0000000717800000|  0%| F|  |TAMS 0x0000000717600000| PB 0x0000000717600000| Untracked 
| 188|0x0000000717800000, 0x0000000717800000, 0x0000000717a00000|  0%| F|  |TAMS 0x0000000717800000| PB 0x0000000717800000| Untracked 
| 189|0x0000000717a00000, 0x0000000717a00000, 0x0000000717c00000|  0%| F|  |TAMS 0x0000000717a00000| PB 0x0000000717a00000| Untracked 
| 190|0x0000000717c00000, 0x0000000717c00000, 0x0000000717e00000|  0%| F|  |TAMS 0x0000000717c00000| PB 0x0000000717c00000| Untracked 
| 191|0x0000000717e00000, 0x0000000717e00000, 0x0000000718000000|  0%| F|  |TAMS 0x0000000717e00000| PB 0x0000000717e00000| Untracked 
| 192|0x0000000718000000, 0x0000000718000000, 0x0000000718200000|  0%| F|  |TAMS 0x0000000718000000| PB 0x0000000718000000| Untracked 
| 193|0x0000000718200000, 0x0000000718200000, 0x0000000718400000|  0%| F|  |TAMS 0x0000000718200000| PB 0x0000000718200000| Untracked 
| 194|0x0000000718400000, 0x0000000718400000, 0x0000000718600000|  0%| F|  |TAMS 0x0000000718400000| PB 0x0000000718400000| Untracked 
| 195|0x0000000718600000, 0x0000000718600000, 0x0000000718800000|  0%| F|  |TAMS 0x0000000718600000| PB 0x0000000718600000| Untracked 
| 196|0x0000000718800000, 0x0000000718800000, 0x0000000718a00000|  0%| F|  |TAMS 0x0000000718800000| PB 0x0000000718800000| Untracked 
| 197|0x0000000718a00000, 0x0000000718a00000, 0x0000000718c00000|  0%| F|  |TAMS 0x0000000718a00000| PB 0x0000000718a00000| Untracked 
| 198|0x0000000718c00000, 0x0000000718c00000, 0x0000000718e00000|  0%| F|  |TAMS 0x0000000718c00000| PB 0x0000000718c00000| Untracked 
| 199|0x0000000718e00000, 0x0000000718e00000, 0x0000000719000000|  0%| F|  |TAMS 0x0000000718e00000| PB 0x0000000718e00000| Untracked 
| 200|0x0000000719000000, 0x0000000719000000, 0x0000000719200000|  0%| F|  |TAMS 0x0000000719000000| PB 0x0000000719000000| Untracked 
| 201|0x0000000719200000, 0x0000000719200000, 0x0000000719400000|  0%| F|  |TAMS 0x0000000719200000| PB 0x0000000719200000| Untracked 
| 202|0x0000000719400000, 0x0000000719400000, 0x0000000719600000|  0%| F|  |TAMS 0x0000000719400000| PB 0x0000000719400000| Untracked 
| 203|0x0000000719600000, 0x0000000719600000, 0x0000000719800000|  0%| F|  |TAMS 0x0000000719600000| PB 0x0000000719600000| Untracked 
| 204|0x0000000719800000, 0x0000000719800000, 0x0000000719a00000|  0%| F|  |TAMS 0x0000000719800000| PB 0x0000000719800000| Untracked 
| 205|0x0000000719a00000, 0x0000000719a00000, 0x0000000719c00000|  0%| F|  |TAMS 0x0000000719a00000| PB 0x0000000719a00000| Untracked 
| 206|0x0000000719c00000, 0x0000000719c00000, 0x0000000719e00000|  0%| F|  |TAMS 0x0000000719c00000| PB 0x0000000719c00000| Untracked 
| 207|0x0000000719e00000, 0x0000000719e975d0, 0x000000071a000000| 29%| S|CS|TAMS 0x0000000719e00000| PB 0x0000000719e00000| Complete 
| 208|0x000000071a000000, 0x000000071a200000, 0x000000071a200000|100%| S|CS|TAMS 0x000000071a000000| PB 0x000000071a000000| Complete 
| 209|0x000000071a200000, 0x000000071a400000, 0x000000071a400000|100%| S|CS|TAMS 0x000000071a200000| PB 0x000000071a200000| Complete 
| 210|0x000000071a400000, 0x000000071a600000, 0x000000071a600000|100%| S|CS|TAMS 0x000000071a400000| PB 0x000000071a400000| Complete 
| 211|0x000000071a600000, 0x000000071a800000, 0x000000071a800000|100%| S|CS|TAMS 0x000000071a600000| PB 0x000000071a600000| Complete 
| 212|0x000000071a800000, 0x000000071aa00000, 0x000000071aa00000|100%| S|CS|TAMS 0x000000071a800000| PB 0x000000071a800000| Complete 
| 213|0x000000071aa00000, 0x000000071aa00000, 0x000000071ac00000|  0%| F|  |TAMS 0x000000071aa00000| PB 0x000000071aa00000| Untracked 
| 214|0x000000071ac00000, 0x000000071ac00000, 0x000000071ae00000|  0%| F|  |TAMS 0x000000071ac00000| PB 0x000000071ac00000| Untracked 
| 215|0x000000071ae00000, 0x000000071ae00000, 0x000000071b000000|  0%| F|  |TAMS 0x000000071ae00000| PB 0x000000071ae00000| Untracked 
| 216|0x000000071b000000, 0x000000071b000000, 0x000000071b200000|  0%| F|  |TAMS 0x000000071b000000| PB 0x000000071b000000| Untracked 
| 217|0x000000071b200000, 0x000000071b200000, 0x000000071b400000|  0%| F|  |TAMS 0x000000071b200000| PB 0x000000071b200000| Untracked 
| 218|0x000000071b400000, 0x000000071b400000, 0x000000071b600000|  0%| F|  |TAMS 0x000000071b400000| PB 0x000000071b400000| Untracked 
| 219|0x000000071b600000, 0x000000071b600000, 0x000000071b800000|  0%| F|  |TAMS 0x000000071b600000| PB 0x000000071b600000| Untracked 
| 220|0x000000071b800000, 0x000000071b800000, 0x000000071ba00000|  0%| F|  |TAMS 0x000000071b800000| PB 0x000000071b800000| Untracked 
| 221|0x000000071ba00000, 0x000000071ba00000, 0x000000071bc00000|  0%| F|  |TAMS 0x000000071ba00000| PB 0x000000071ba00000| Untracked 
| 222|0x000000071bc00000, 0x000000071bc00000, 0x000000071be00000|  0%| F|  |TAMS 0x000000071bc00000| PB 0x000000071bc00000| Untracked 
| 223|0x000000071be00000, 0x000000071be00000, 0x000000071c000000|  0%| F|  |TAMS 0x000000071be00000| PB 0x000000071be00000| Untracked 
| 224|0x000000071c000000, 0x000000071c000000, 0x000000071c200000|  0%| F|  |TAMS 0x000000071c000000| PB 0x000000071c000000| Untracked 
| 225|0x000000071c200000, 0x000000071c200000, 0x000000071c400000|  0%| F|  |TAMS 0x000000071c200000| PB 0x000000071c200000| Untracked 
| 226|0x000000071c400000, 0x000000071c400000, 0x000000071c600000|  0%| F|  |TAMS 0x000000071c400000| PB 0x000000071c400000| Untracked 
| 227|0x000000071c600000, 0x000000071c600000, 0x000000071c800000|  0%| F|  |TAMS 0x000000071c600000| PB 0x000000071c600000| Untracked 
| 228|0x000000071c800000, 0x000000071c800000, 0x000000071ca00000|  0%| F|  |TAMS 0x000000071c800000| PB 0x000000071c800000| Untracked 
| 229|0x000000071ca00000, 0x000000071ca00000, 0x000000071cc00000|  0%| F|  |TAMS 0x000000071ca00000| PB 0x000000071ca00000| Untracked 
| 230|0x000000071cc00000, 0x000000071cc00000, 0x000000071ce00000|  0%| F|  |TAMS 0x000000071cc00000| PB 0x000000071cc00000| Untracked 
| 231|0x000000071ce00000, 0x000000071ce00000, 0x000000071d000000|  0%| F|  |TAMS 0x000000071ce00000| PB 0x000000071ce00000| Untracked 
| 232|0x000000071d000000, 0x000000071d000000, 0x000000071d200000|  0%| F|  |TAMS 0x000000071d000000| PB 0x000000071d000000| Untracked 
| 233|0x000000071d200000, 0x000000071d200000, 0x000000071d400000|  0%| F|  |TAMS 0x000000071d200000| PB 0x000000071d200000| Untracked 
| 234|0x000000071d400000, 0x000000071d400000, 0x000000071d600000|  0%| F|  |TAMS 0x000000071d400000| PB 0x000000071d400000| Untracked 
| 235|0x000000071d600000, 0x000000071d600000, 0x000000071d800000|  0%| F|  |TAMS 0x000000071d600000| PB 0x000000071d600000| Untracked 
| 236|0x000000071d800000, 0x000000071d800000, 0x000000071da00000|  0%| F|  |TAMS 0x000000071d800000| PB 0x000000071d800000| Untracked 
| 237|0x000000071da00000, 0x000000071da00000, 0x000000071dc00000|  0%| F|  |TAMS 0x000000071da00000| PB 0x000000071da00000| Untracked 
| 238|0x000000071dc00000, 0x000000071dc00000, 0x000000071de00000|  0%| F|  |TAMS 0x000000071dc00000| PB 0x000000071dc00000| Untracked 
| 239|0x000000071de00000, 0x000000071de00000, 0x000000071e000000|  0%| F|  |TAMS 0x000000071de00000| PB 0x000000071de00000| Untracked 
| 240|0x000000071e000000, 0x000000071e000000, 0x000000071e200000|  0%| F|  |TAMS 0x000000071e000000| PB 0x000000071e000000| Untracked 
| 241|0x000000071e200000, 0x000000071e200000, 0x000000071e400000|  0%| F|  |TAMS 0x000000071e200000| PB 0x000000071e200000| Untracked 
| 242|0x000000071e400000, 0x000000071e400000, 0x000000071e600000|  0%| F|  |TAMS 0x000000071e400000| PB 0x000000071e400000| Untracked 
| 243|0x000000071e600000, 0x000000071e600000, 0x000000071e800000|  0%| F|  |TAMS 0x000000071e600000| PB 0x000000071e600000| Untracked 
| 244|0x000000071e800000, 0x000000071e800000, 0x000000071ea00000|  0%| F|  |TAMS 0x000000071e800000| PB 0x000000071e800000| Untracked 
| 245|0x000000071ea00000, 0x000000071ea00000, 0x000000071ec00000|  0%| F|  |TAMS 0x000000071ea00000| PB 0x000000071ea00000| Untracked 
| 246|0x000000071ec00000, 0x000000071ec00000, 0x000000071ee00000|  0%| F|  |TAMS 0x000000071ec00000| PB 0x000000071ec00000| Untracked 
| 247|0x000000071ee00000, 0x000000071ee00000, 0x000000071f000000|  0%| F|  |TAMS 0x000000071ee00000| PB 0x000000071ee00000| Untracked 
| 248|0x000000071f000000, 0x000000071f000000, 0x000000071f200000|  0%| F|  |TAMS 0x000000071f000000| PB 0x000000071f000000| Untracked 
| 249|0x000000071f200000, 0x000000071f200000, 0x000000071f400000|  0%| F|  |TAMS 0x000000071f200000| PB 0x000000071f200000| Untracked 
| 250|0x000000071f400000, 0x000000071f400000, 0x000000071f600000|  0%| F|  |TAMS 0x000000071f400000| PB 0x000000071f400000| Untracked 
| 251|0x000000071f600000, 0x000000071f600000, 0x000000071f800000|  0%| F|  |TAMS 0x000000071f600000| PB 0x000000071f600000| Untracked 
| 252|0x000000071f800000, 0x000000071f800000, 0x000000071fa00000|  0%| F|  |TAMS 0x000000071f800000| PB 0x000000071f800000| Untracked 
| 253|0x000000071fa00000, 0x000000071fa00000, 0x000000071fc00000|  0%| F|  |TAMS 0x000000071fa00000| PB 0x000000071fa00000| Untracked 
| 254|0x000000071fc00000, 0x000000071fc00000, 0x000000071fe00000|  0%| F|  |TAMS 0x000000071fc00000| PB 0x000000071fc00000| Untracked 
| 255|0x000000071fe00000, 0x000000071fe00000, 0x0000000720000000|  0%| F|  |TAMS 0x000000071fe00000| PB 0x000000071fe00000| Untracked 
| 256|0x0000000720000000, 0x0000000720000000, 0x0000000720200000|  0%| F|  |TAMS 0x0000000720000000| PB 0x0000000720000000| Untracked 
| 257|0x0000000720200000, 0x0000000720200000, 0x0000000720400000|  0%| F|  |TAMS 0x0000000720200000| PB 0x0000000720200000| Untracked 
| 258|0x0000000720400000, 0x0000000720400000, 0x0000000720600000|  0%| F|  |TAMS 0x0000000720400000| PB 0x0000000720400000| Untracked 
| 259|0x0000000720600000, 0x0000000720600000, 0x0000000720800000|  0%| F|  |TAMS 0x0000000720600000| PB 0x0000000720600000| Untracked 
| 260|0x0000000720800000, 0x0000000720800000, 0x0000000720a00000|  0%| F|  |TAMS 0x0000000720800000| PB 0x0000000720800000| Untracked 
| 261|0x0000000720a00000, 0x0000000720a00000, 0x0000000720c00000|  0%| F|  |TAMS 0x0000000720a00000| PB 0x0000000720a00000| Untracked 
| 262|0x0000000720c00000, 0x0000000720c00000, 0x0000000720e00000|  0%| F|  |TAMS 0x0000000720c00000| PB 0x0000000720c00000| Untracked 
| 263|0x0000000720e00000, 0x0000000720e00000, 0x0000000721000000|  0%| F|  |TAMS 0x0000000720e00000| PB 0x0000000720e00000| Untracked 
| 264|0x0000000721000000, 0x0000000721000000, 0x0000000721200000|  0%| F|  |TAMS 0x0000000721000000| PB 0x0000000721000000| Untracked 
| 265|0x0000000721200000, 0x0000000721200000, 0x0000000721400000|  0%| F|  |TAMS 0x0000000721200000| PB 0x0000000721200000| Untracked 
| 266|0x0000000721400000, 0x0000000721400000, 0x0000000721600000|  0%| F|  |TAMS 0x0000000721400000| PB 0x0000000721400000| Untracked 
| 267|0x0000000721600000, 0x0000000721600000, 0x0000000721800000|  0%| F|  |TAMS 0x0000000721600000| PB 0x0000000721600000| Untracked 
| 268|0x0000000721800000, 0x0000000721800000, 0x0000000721a00000|  0%| F|  |TAMS 0x0000000721800000| PB 0x0000000721800000| Untracked 
| 269|0x0000000721a00000, 0x0000000721a00000, 0x0000000721c00000|  0%| F|  |TAMS 0x0000000721a00000| PB 0x0000000721a00000| Untracked 
| 270|0x0000000721c00000, 0x0000000721c00000, 0x0000000721e00000|  0%| F|  |TAMS 0x0000000721c00000| PB 0x0000000721c00000| Untracked 
| 271|0x0000000721e00000, 0x0000000721e00000, 0x0000000722000000|  0%| F|  |TAMS 0x0000000721e00000| PB 0x0000000721e00000| Untracked 
| 272|0x0000000722000000, 0x0000000722000000, 0x0000000722200000|  0%| F|  |TAMS 0x0000000722000000| PB 0x0000000722000000| Untracked 
| 273|0x0000000722200000, 0x0000000722200000, 0x0000000722400000|  0%| F|  |TAMS 0x0000000722200000| PB 0x0000000722200000| Untracked 
| 274|0x0000000722400000, 0x0000000722400000, 0x0000000722600000|  0%| F|  |TAMS 0x0000000722400000| PB 0x0000000722400000| Untracked 
| 275|0x0000000722600000, 0x0000000722600000, 0x0000000722800000|  0%| F|  |TAMS 0x0000000722600000| PB 0x0000000722600000| Untracked 
| 276|0x0000000722800000, 0x0000000722800000, 0x0000000722a00000|  0%| F|  |TAMS 0x0000000722800000| PB 0x0000000722800000| Untracked 
| 277|0x0000000722a00000, 0x0000000722a00000, 0x0000000722c00000|  0%| F|  |TAMS 0x0000000722a00000| PB 0x0000000722a00000| Untracked 
| 278|0x0000000722c00000, 0x0000000722c00000, 0x0000000722e00000|  0%| F|  |TAMS 0x0000000722c00000| PB 0x0000000722c00000| Untracked 
| 279|0x0000000722e00000, 0x0000000722e00000, 0x0000000723000000|  0%| F|  |TAMS 0x0000000722e00000| PB 0x0000000722e00000| Untracked 
| 280|0x0000000723000000, 0x0000000723000000, 0x0000000723200000|  0%| F|  |TAMS 0x0000000723000000| PB 0x0000000723000000| Untracked 
| 281|0x0000000723200000, 0x0000000723200000, 0x0000000723400000|  0%| F|  |TAMS 0x0000000723200000| PB 0x0000000723200000| Untracked 
| 282|0x0000000723400000, 0x0000000723400000, 0x0000000723600000|  0%| F|  |TAMS 0x0000000723400000| PB 0x0000000723400000| Untracked 
| 283|0x0000000723600000, 0x0000000723600000, 0x0000000723800000|  0%| F|  |TAMS 0x0000000723600000| PB 0x0000000723600000| Untracked 
| 284|0x0000000723800000, 0x0000000723800000, 0x0000000723a00000|  0%| F|  |TAMS 0x0000000723800000| PB 0x0000000723800000| Untracked 
| 285|0x0000000723a00000, 0x0000000723a00000, 0x0000000723c00000|  0%| F|  |TAMS 0x0000000723a00000| PB 0x0000000723a00000| Untracked 
| 286|0x0000000723c00000, 0x0000000723c00000, 0x0000000723e00000|  0%| F|  |TAMS 0x0000000723c00000| PB 0x0000000723c00000| Untracked 
| 287|0x0000000723e00000, 0x0000000723e00000, 0x0000000724000000|  0%| F|  |TAMS 0x0000000723e00000| PB 0x0000000723e00000| Untracked 
| 288|0x0000000724000000, 0x0000000724000000, 0x0000000724200000|  0%| F|  |TAMS 0x0000000724000000| PB 0x0000000724000000| Untracked 
| 289|0x0000000724200000, 0x0000000724200000, 0x0000000724400000|  0%| F|  |TAMS 0x0000000724200000| PB 0x0000000724200000| Untracked 
| 290|0x0000000724400000, 0x0000000724400000, 0x0000000724600000|  0%| F|  |TAMS 0x0000000724400000| PB 0x0000000724400000| Untracked 
| 291|0x0000000724600000, 0x0000000724600000, 0x0000000724800000|  0%| F|  |TAMS 0x0000000724600000| PB 0x0000000724600000| Untracked 
| 292|0x0000000724800000, 0x0000000724800000, 0x0000000724a00000|  0%| F|  |TAMS 0x0000000724800000| PB 0x0000000724800000| Untracked 
| 293|0x0000000724a00000, 0x0000000724a00000, 0x0000000724c00000|  0%| F|  |TAMS 0x0000000724a00000| PB 0x0000000724a00000| Untracked 
| 294|0x0000000724c00000, 0x0000000724c00000, 0x0000000724e00000|  0%| F|  |TAMS 0x0000000724c00000| PB 0x0000000724c00000| Untracked 
| 295|0x0000000724e00000, 0x0000000724e00000, 0x0000000725000000|  0%| F|  |TAMS 0x0000000724e00000| PB 0x0000000724e00000| Untracked 
| 296|0x0000000725000000, 0x0000000725000000, 0x0000000725200000|  0%| F|  |TAMS 0x0000000725000000| PB 0x0000000725000000| Untracked 
| 297|0x0000000725200000, 0x0000000725200000, 0x0000000725400000|  0%| F|  |TAMS 0x0000000725200000| PB 0x0000000725200000| Untracked 
| 298|0x0000000725400000, 0x0000000725400000, 0x0000000725600000|  0%| F|  |TAMS 0x0000000725400000| PB 0x0000000725400000| Untracked 
| 299|0x0000000725600000, 0x0000000725600000, 0x0000000725800000|  0%| F|  |TAMS 0x0000000725600000| PB 0x0000000725600000| Untracked 
| 300|0x0000000725800000, 0x0000000725800000, 0x0000000725a00000|  0%| F|  |TAMS 0x0000000725800000| PB 0x0000000725800000| Untracked 
| 301|0x0000000725a00000, 0x0000000725a00000, 0x0000000725c00000|  0%| F|  |TAMS 0x0000000725a00000| PB 0x0000000725a00000| Untracked 
| 302|0x0000000725c00000, 0x0000000725c00000, 0x0000000725e00000|  0%| F|  |TAMS 0x0000000725c00000| PB 0x0000000725c00000| Untracked 
| 303|0x0000000725e00000, 0x0000000725e00000, 0x0000000726000000|  0%| F|  |TAMS 0x0000000725e00000| PB 0x0000000725e00000| Untracked 
| 304|0x0000000726000000, 0x0000000726000000, 0x0000000726200000|  0%| F|  |TAMS 0x0000000726000000| PB 0x0000000726000000| Untracked 
| 305|0x0000000726200000, 0x0000000726200000, 0x0000000726400000|  0%| F|  |TAMS 0x0000000726200000| PB 0x0000000726200000| Untracked 
| 306|0x0000000726400000, 0x0000000726400000, 0x0000000726600000|  0%| F|  |TAMS 0x0000000726400000| PB 0x0000000726400000| Untracked 
| 307|0x0000000726600000, 0x0000000726600000, 0x0000000726800000|  0%| F|  |TAMS 0x0000000726600000| PB 0x0000000726600000| Untracked 

Card table byte_map: [0x000001d05d4c0000,0x000001d05dcc0000] _byte_map_base: 0x000001d059cc0000

Marking Bits: (CMBitMap*) 0x000001d04ab2fa60
 Bits: [0x000001d05dcc0000, 0x000001d061cc0000)

Polling page: 0x000001d048830000

Metaspace:

Usage:
  Non-class:     31.26 MB used.
      Class:      2.80 MB used.
       Both:     34.06 MB used.

Virtual space:
  Non-class space:       64.00 MB reserved,      32.06 MB ( 50%) committed,  1 nodes.
      Class space:        1.00 GB reserved,       3.44 MB ( <1%) committed,  1 nodes.
             Both:        1.06 GB reserved,      35.50 MB (  3%) committed. 

Chunk freelists:
   Non-Class:  15.34 MB
       Class:  12.54 MB
        Both:  27.88 MB

MaxMetaspaceSize: unlimited
CompressedClassSpaceSize: 1.00 GB
Initial GC threshold: 21.00 MB
Current GC threshold: 49.81 MB
CDS: on
 - commit_granule_bytes: 65536.
 - commit_granule_words: 8192.
 - virtual_space_node_default_size: 8388608.
 - enlarge_chunks_in_place: 1.
 - use_allocation_guard: 0.


Internal statistics:

num_allocs_failed_limit: 3.
num_arena_births: 1408.
num_arena_deaths: 0.
num_vsnodes_births: 2.
num_vsnodes_deaths: 0.
num_space_committed: 568.
num_space_uncommitted: 0.
num_chunks_returned_to_freelist: 3.
num_chunks_taken_from_freelist: 3549.
num_chunk_merges: 3.
num_chunk_splits: 2013.
num_chunks_enlarged: 922.
num_inconsistent_stats: 0.

CodeHeap 'non-profiled nmethods': size=120000Kb used=21736Kb max_used=21736Kb free=98263Kb
 bounds [0x000001d055790000, 0x000001d056cd0000, 0x000001d05ccc0000]
CodeHeap 'profiled nmethods': size=120000Kb used=51688Kb max_used=51688Kb free=68311Kb
 bounds [0x000001d04dcc0000, 0x000001d050f40000, 0x000001d0551f0000]
CodeHeap 'non-nmethods': size=5760Kb used=1813Kb max_used=1875Kb free=3946Kb
 bounds [0x000001d0551f0000, 0x000001d055460000, 0x000001d055790000]
CodeCache: size=245760Kb, used=75237Kb, max_used=75299Kb, free=170520Kb
 total_blobs=20102, nmethods=19289, adapters=713, full_count=0
Compilation: enabled, stopped_count=0, restarted_count=0

Compilation events (20 events):
Event: 3543.851 Thread 0x000001d06428c820 21059       3       org.eclipse.jdt.internal.compiler.ast.UnlikelyArgumentCheck::determineCheckForStaticTwoArgumentMethod (89 bytes)
Event: 3543.865 Thread 0x000001d06428c820 nmethod 21059 0x000001d050f32a90 code [0x000001d050f32ca0, 0x000001d050f33200]
Event: 3543.887 Thread 0x000001d06428c820 21060       1       org.eclipse.jdt.internal.compiler.ASTVisitor::visit (2 bytes)
Event: 3543.889 Thread 0x000001d06428c820 nmethod 21060 0x000001d056cc7f10 code [0x000001d056cc80a0, 0x000001d056cc8168]
Event: 3543.891 Thread 0x000001d06428c820 21061       1       org.eclipse.jdt.internal.compiler.ASTVisitor::visit (2 bytes)
Event: 3543.893 Thread 0x000001d06428c820 nmethod 21061 0x000001d056cc8210 code [0x000001d056cc83a0, 0x000001d056cc8468]
Event: 3543.897 Thread 0x000001d06428c820 21062       3       org.eclipse.jdt.internal.compiler.ast.FakedTrackingVariable$IteratorForReporting::hasNext (318 bytes)
Event: 3543.916 Thread 0x000001d06428c820 nmethod 21062 0x000001d050f33490 code [0x000001d050f338e0, 0x000001d050f35cc0]
Event: 3543.942 Thread 0x000001d0642196b0 nmethod 21057 0x000001d056cc8510 code [0x000001d056cc8760, 0x000001d056cc93e8]
Event: 3543.943 Thread 0x000001d0642196b0 21058       4       org.eclipse.jdt.internal.compiler.lookup.TypeBinding::getErasureCompatibleType (331 bytes)
Event: 3543.950 Thread 0x000001d0642196b0 nmethod 21058 0x000001d056cc9a90 code [0x000001d056cc9c20, 0x000001d056cc9d38]
Event: 3543.986 Thread 0x000001d06428c820 21063       3       org.eclipse.jdt.internal.compiler.codegen.ConstantPool::literalIndexForLdc (698 bytes)
Event: 3543.992 Thread 0x000001d0642196b0 21064       4       org.eclipse.jdt.internal.compiler.codegen.CodeStream::load (13 bytes)
Event: 3543.997 Thread 0x000001d0642196b0 nmethod 21064 0x000001d056cc9e10 code [0x000001d056cc9fa0, 0x000001d056cca078]
Event: 3544.039 Thread 0x000001d06428c820 nmethod 21063 0x000001d050f36610 code [0x000001d050f36a20, 0x000001d050f388c0]
Event: 3544.039 Thread 0x000001d06428c820 21065       3       org.eclipse.jdt.internal.compiler.codegen.BranchLabel::forwardReferences (20 bytes)
Event: 3544.039 Thread 0x000001d0642196b0 21067       4       org.eclipse.jdt.internal.compiler.codegen.OperandStack::pop (41 bytes)
Event: 3544.040 Thread 0x000001d06428c820 nmethod 21065 0x000001d050f39690 code [0x000001d050f39860, 0x000001d050f39bd8]
Event: 3544.040 Thread 0x000001d06428c820 21066       3       org.eclipse.jdt.internal.compiler.codegen.BranchLabel::forwardReferenceCount (20 bytes)
Event: 3544.041 Thread 0x000001d06428c820 nmethod 21066 0x000001d050f39d10 code [0x000001d050f39ee0, 0x000001d050f3a250]

GC Heap History (20 events):
Event: 3107.997 GC heap after
{Heap after GC invocations=37 (full 0):
 garbage-first heap   total 524288K, used 170771K [0x0000000700000000, 0x0000000800000000)
  region size 2048K, 6 young (12288K), 6 survivors (12288K)
 Metaspace       used 33456K, committed 34880K, reserved 1114112K
  class space    used 2780K, committed 3392K, reserved 1048576K
}
Event: 3255.743 GC heap before
{Heap before GC invocations=37 (full 0):
 garbage-first heap   total 524288K, used 320275K [0x0000000700000000, 0x0000000800000000)
  region size 2048K, 80 young (163840K), 6 survivors (12288K)
 Metaspace       used 33796K, committed 35200K, reserved 1114112K
  class space    used 2829K, committed 3456K, reserved 1048576K
}
Event: 3255.934 GC heap after
{Heap after GC invocations=38 (full 0):
 garbage-first heap   total 524288K, used 178422K [0x0000000700000000, 0x0000000800000000)
  region size 2048K, 9 young (18432K), 9 survivors (18432K)
 Metaspace       used 33796K, committed 35200K, reserved 1114112K
  class space    used 2829K, committed 3456K, reserved 1048576K
}
Event: 3257.923 GC heap before
{Heap before GC invocations=38 (full 0):
 garbage-first heap   total 524288K, used 184566K [0x0000000700000000, 0x0000000800000000)
  region size 2048K, 12 young (24576K), 9 survivors (18432K)
 Metaspace       used 33799K, committed 35200K, reserved 1114112K
  class space    used 2829K, committed 3456K, reserved 1048576K
}
Event: 3257.976 GC heap after
{Heap after GC invocations=39 (full 0):
 garbage-first heap   total 524288K, used 180813K [0x0000000700000000, 0x0000000800000000)
  region size 2048K, 2 young (4096K), 2 survivors (4096K)
 Metaspace       used 33799K, committed 35200K, reserved 1114112K
  class space    used 2829K, committed 3456K, reserved 1048576K
}
Event: 3307.864 GC heap before
{Heap before GC invocations=39 (full 0):
 garbage-first heap   total 524288K, used 485965K [0x0000000700000000, 0x0000000800000000)
  region size 2048K, 152 young (311296K), 2 survivors (4096K)
 Metaspace       used 34286K, committed 35776K, reserved 1114112K
  class space    used 2848K, committed 3520K, reserved 1048576K
}
Event: 3308.056 GC heap after
{Heap after GC invocations=40 (full 0):
 garbage-first heap   total 524288K, used 198522K [0x0000000700000000, 0x0000000800000000)
  region size 2048K, 10 young (20480K), 10 survivors (20480K)
 Metaspace       used 34286K, committed 35776K, reserved 1114112K
  class space    used 2848K, committed 3520K, reserved 1048576K
}
Event: 3310.428 GC heap before
{Heap before GC invocations=40 (full 0):
 garbage-first heap   total 524288K, used 255866K [0x0000000700000000, 0x0000000800000000)
  region size 2048K, 38 young (77824K), 10 survivors (20480K)
 Metaspace       used 34327K, committed 35776K, reserved 1114112K
  class space    used 2849K, committed 3520K, reserved 1048576K
}
Event: 3310.513 GC heap after
{Heap after GC invocations=41 (full 0):
 garbage-first heap   total 524288K, used 201871K [0x0000000700000000, 0x0000000800000000)
  region size 2048K, 2 young (4096K), 2 survivors (4096K)
 Metaspace       used 34327K, committed 35776K, reserved 1114112K
  class space    used 2849K, committed 3520K, reserved 1048576K
}
Event: 3327.290 GC heap before
{Heap before GC invocations=41 (full 0):
 garbage-first heap   total 524288K, used 504975K [0x0000000700000000, 0x0000000800000000)
  region size 2048K, 136 young (278528K), 2 survivors (4096K)
 Metaspace       used 34687K, committed 36160K, reserved 1114112K
  class space    used 2868K, committed 3520K, reserved 1048576K
}
Event: 3327.405 GC heap after
{Heap after GC invocations=42 (full 0):
 garbage-first heap   total 524288K, used 207680K [0x0000000700000000, 0x0000000800000000)
  region size 2048K, 5 young (10240K), 5 survivors (10240K)
 Metaspace       used 34687K, committed 36160K, reserved 1114112K
  class space    used 2868K, committed 3520K, reserved 1048576K
}
Event: 3327.429 GC heap before
{Heap before GC invocations=42 (full 0):
 garbage-first heap   total 524288K, used 240448K [0x0000000700000000, 0x0000000800000000)
  region size 2048K, 6 young (12288K), 5 survivors (10240K)
 Metaspace       used 34687K, committed 36160K, reserved 1114112K
  class space    used 2868K, committed 3520K, reserved 1048576K
}
Event: 3327.443 GC heap after
{Heap after GC invocations=43 (full 0):
 garbage-first heap   total 524288K, used 208351K [0x0000000700000000, 0x0000000800000000)
  region size 2048K, 5 young (10240K), 5 survivors (10240K)
 Metaspace       used 34687K, committed 36160K, reserved 1114112K
  class space    used 2868K, committed 3520K, reserved 1048576K
}
Event: 3393.385 GC heap before
{Heap before GC invocations=43 (full 0):
 garbage-first heap   total 524288K, used 515551K [0x0000000700000000, 0x0000000800000000)
  region size 2048K, 139 young (284672K), 5 survivors (10240K)
 Metaspace       used 34822K, committed 36288K, reserved 1114112K
  class space    used 2869K, committed 3520K, reserved 1048576K
}
Event: 3393.521 GC heap after
{Heap after GC invocations=44 (full 0):
 garbage-first heap   total 524288K, used 206122K [0x0000000700000000, 0x0000000800000000)
  region size 2048K, 4 young (8192K), 4 survivors (8192K)
 Metaspace       used 34822K, committed 36288K, reserved 1114112K
  class space    used 2869K, committed 3520K, reserved 1048576K
}
Event: 3395.641 GC heap before
{Heap before GC invocations=44 (full 0):
 garbage-first heap   total 524288K, used 292138K [0x0000000700000000, 0x0000000800000000)
  region size 2048K, 31 young (63488K), 4 survivors (8192K)
 Metaspace       used 34859K, committed 36352K, reserved 1114112K
  class space    used 2870K, committed 3520K, reserved 1048576K
}
Event: 3395.736 GC heap after
{Heap after GC invocations=45 (full 0):
 garbage-first heap   total 524288K, used 204757K [0x0000000700000000, 0x0000000800000000)
  region size 2048K, 4 young (8192K), 4 survivors (8192K)
 Metaspace       used 34859K, committed 36352K, reserved 1114112K
  class space    used 2870K, committed 3520K, reserved 1048576K
}
Event: 3395.758 GC heap before
{Heap before GC invocations=45 (full 0):
 garbage-first heap   total 524288K, used 237525K [0x0000000700000000, 0x0000000800000000)
  region size 2048K, 5 young (10240K), 4 survivors (8192K)
 Metaspace       used 34859K, committed 36352K, reserved 1114112K
  class space    used 2870K, committed 3520K, reserved 1048576K
}
Event: 3395.793 GC heap after
{Heap after GC invocations=46 (full 0):
 garbage-first heap   total 524288K, used 204743K [0x0000000700000000, 0x0000000800000000)
  region size 2048K, 4 young (8192K), 4 survivors (8192K)
 Metaspace       used 34859K, committed 36352K, reserved 1114112K
  class space    used 2870K, committed 3520K, reserved 1048576K
}
Event: 3544.072 GC heap before
{Heap before GC invocations=46 (full 0):
 garbage-first heap   total 524288K, used 313287K [0x0000000700000000, 0x0000000800000000)
  region size 2048K, 43 young (88064K), 4 survivors (8192K)
 Metaspace       used 34882K, committed 36352K, reserved 1114112K
  class space    used 2872K, committed 3520K, reserved 1048576K
}

Dll operation events (11 events):
Event: 0.161 Loaded shared library c:\Users\AGOUROU GUSTAVE\.vscode\extensions\redhat.java-1.46.2025090608-win32-x64\jre\21.0.8-win32-x86_64\bin\java.dll
Event: 1.672 Loaded shared library c:\Users\AGOUROU GUSTAVE\.vscode\extensions\redhat.java-1.46.2025090608-win32-x64\jre\21.0.8-win32-x86_64\bin\zip.dll
Event: 1.680 Loaded shared library C:\Users\AGOUROU GUSTAVE\.vscode\extensions\redhat.java-1.46.2025090608-win32-x64\jre\21.0.8-win32-x86_64\bin\instrument.dll
Event: 1.695 Loaded shared library C:\Users\AGOUROU GUSTAVE\.vscode\extensions\redhat.java-1.46.2025090608-win32-x64\jre\21.0.8-win32-x86_64\bin\net.dll
Event: 1.701 Loaded shared library C:\Users\AGOUROU GUSTAVE\.vscode\extensions\redhat.java-1.46.2025090608-win32-x64\jre\21.0.8-win32-x86_64\bin\nio.dll
Event: 1.714 Loaded shared library C:\Users\AGOUROU GUSTAVE\.vscode\extensions\redhat.java-1.46.2025090608-win32-x64\jre\21.0.8-win32-x86_64\bin\zip.dll
Event: 1.882 Loaded shared library C:\Users\AGOUROU GUSTAVE\.vscode\extensions\redhat.java-1.46.2025090608-win32-x64\jre\21.0.8-win32-x86_64\bin\jimage.dll
Event: 2.473 Loaded shared library c:\Users\AGOUROU GUSTAVE\.vscode\extensions\redhat.java-1.46.2025090608-win32-x64\jre\21.0.8-win32-x86_64\bin\verify.dll
Event: 7.118 Loaded shared library C:\Users\AGOUROU GUSTAVE\AppData\Roaming\Code\User\globalStorage\redhat.java\1.46.2025090608\config_win\org.eclipse.equinox.launcher\org.eclipse.equinox.launcher.win32.win32.x86_64_1.2.1400.v20250801-0854\eclipse_11916.dll
Event: 13.673 Loaded shared library C:\Users\AGOUROU GUSTAVE\AppData\Local\Temp\jna-705468941\jna2148574923459611369.dll
Event: 146.783 Loaded shared library C:\Users\AGOUROU GUSTAVE\.vscode\extensions\redhat.java-1.46.2025090608-win32-x64\jre\21.0.8-win32-x86_64\bin\sunmscapi.dll

Deoptimization events (20 events):
Event: 3397.795 Thread 0x000001d06933f7a0 Uncommon trap: trap_request=0xffffff45 fr.pc=0x000001d056b84620 relative=0x0000000000000b80
Event: 3397.795 Thread 0x000001d06933f7a0 Uncommon trap: reason=unstable_if action=reinterpret pc=0x000001d056b84620 method=org.eclipse.jdt.internal.core.index.DiskIndex.readStreamChars(Ljava/io/InputStream;)[C @ 14 c2
Event: 3397.795 Thread 0x000001d06933f7a0 DEOPT PACKING pc=0x000001d056b84620 sp=0x0000009e5fffeb80
Event: 3397.796 Thread 0x000001d06933f7a0 DEOPT UNPACKING pc=0x000001d0552446a2 sp=0x0000009e5fffeae0 mode 2
Event: 3397.801 Thread 0x000001d06933f7a0 Uncommon trap: trap_request=0xffffff45 fr.pc=0x000001d056991f50 relative=0x0000000000005f90
Event: 3397.801 Thread 0x000001d06933f7a0 Uncommon trap: reason=unstable_if action=reinterpret pc=0x000001d056991f50 method=org.eclipse.jdt.internal.core.index.DiskIndex.readStreamDocumentArray(Ljava/io/InputStream;I)[I @ 60 c2
Event: 3397.801 Thread 0x000001d06933f7a0 DEOPT PACKING pc=0x000001d056991f50 sp=0x0000009e5fffebd0
Event: 3397.802 Thread 0x000001d06933f7a0 DEOPT UNPACKING pc=0x000001d0552446a2 sp=0x0000009e5fffeb20 mode 2
Event: 3398.121 Thread 0x000001d06933f7a0 DEOPT PACKING pc=0x000001d050e1af41 sp=0x0000009e5fffecf0
Event: 3398.122 Thread 0x000001d06933f7a0 DEOPT UNPACKING pc=0x000001d055244e42 sp=0x0000009e5fffe1c8 mode 0
Event: 3398.513 Thread 0x000001d06933f7a0 DEOPT PACKING pc=0x000001d050e1afb8 sp=0x0000009e5fffecf0
Event: 3398.513 Thread 0x000001d06933f7a0 DEOPT UNPACKING pc=0x000001d055244e42 sp=0x0000009e5fffe1c8 mode 0
Event: 3542.820 Thread 0x000001d06a174880 Uncommon trap: trap_request=0xffffffbe fr.pc=0x000001d05680b9b4 relative=0x00000000000011f4
Event: 3542.821 Thread 0x000001d06a174880 Uncommon trap: reason=profile_predicate action=maybe_recompile pc=0x000001d05680b9b4 method=java.util.TimSort.gallopLeft(Ljava/lang/Object;[Ljava/lang/Object;IIILjava/util/Comparator;)I @ 147 c2
Event: 3542.822 Thread 0x000001d06a174880 DEOPT PACKING pc=0x000001d05680b9b4 sp=0x0000009e5ddfd920
Event: 3542.825 Thread 0x000001d06a174880 DEOPT UNPACKING pc=0x000001d0552446a2 sp=0x0000009e5ddfd8b8 mode 2
Event: 3543.955 Thread 0x000001d069ae3c10 Uncommon trap: trap_request=0xffffff45 fr.pc=0x000001d056b93954 relative=0x0000000000001c94
Event: 3543.955 Thread 0x000001d069ae3c10 Uncommon trap: reason=unstable_if action=reinterpret pc=0x000001d056b93954 method=org.eclipse.jdt.internal.compiler.codegen.ConstantPool.literalIndexForLdc([C)I @ 90 c2
Event: 3543.955 Thread 0x000001d069ae3c10 DEOPT PACKING pc=0x000001d056b93954 sp=0x0000009e600fe580
Event: 3543.956 Thread 0x000001d069ae3c10 DEOPT UNPACKING pc=0x000001d0552446a2 sp=0x0000009e600fe510 mode 2

Classes loaded (20 events):
Event: 22.325 Loading class com/sun/org/apache/xml/internal/serializer/XMLEntities_fr_FR
Event: 22.325 Loading class com/sun/org/apache/xml/internal/serializer/XMLEntities_fr_FR done
Event: 22.719 Loading class sun/util/resources/cldr/TimeZoneNames_en_US
Event: 22.719 Loading class sun/util/resources/cldr/TimeZoneNames_en_US done
Event: 24.555 Loading class jdk/internal/event/ThreadSleepEvent
Event: 24.557 Loading class jdk/internal/event/ThreadSleepEvent done
Event: 146.518 Loading class jdk/internal/event/SecurityPropertyModificationEvent
Event: 146.520 Loading class jdk/internal/event/SecurityPropertyModificationEvent done
Event: 318.131 Loading class java/nio/BufferMismatch
Event: 318.133 Loading class java/nio/BufferMismatch done
Event: 411.986 Loading class jdk/internal/module/IllegalAccessLogger
Event: 411.986 Loading class jdk/internal/module/IllegalAccessLogger done
Event: 412.167 Loading class java/util/stream/ReduceOps$5
Event: 412.173 Loading class java/util/stream/ReduceOps$5 done
Event: 412.173 Loading class java/util/stream/ReduceOps$CountingSink$OfRef
Event: 412.175 Loading class java/util/stream/ReduceOps$CountingSink
Event: 412.176 Loading class java/util/stream/ReduceOps$CountingSink done
Event: 412.176 Loading class java/util/stream/ReduceOps$CountingSink$OfRef done
Event: 3324.207 Loading class jdk/internal/module/IllegalAccessLogger
Event: 3324.208 Loading class jdk/internal/module/IllegalAccessLogger done

Classes unloaded (0 events):
No events

Classes redefined (0 events):
No events

Internal exceptions (20 events):
Event: 2531.148 Thread 0x000001d06a176fe0 Exception <a 'sun/nio/fs/WindowsException'{0x000000072553dfb8}> (0x000000072553dfb8) 
thrown [s\src\hotspot\share\prims\jni.cpp, line 520]
Event: 2531.149 Thread 0x000001d06a176fe0 Exception <a 'sun/nio/fs/WindowsException'{0x000000072553eb88}> (0x000000072553eb88) 
thrown [s\src\hotspot\share\prims\jni.cpp, line 520]
Event: 2531.313 Thread 0x000001d06a176fe0 Exception <a 'sun/nio/fs/WindowsException'{0x000000071e07b550}> (0x000000071e07b550) 
thrown [s\src\hotspot\share\prims\jni.cpp, line 520]
Event: 2531.313 Thread 0x000001d06a176fe0 Exception <a 'sun/nio/fs/WindowsException'{0x000000071e07c120}> (0x000000071e07c120) 
thrown [s\src\hotspot\share\prims\jni.cpp, line 520]
Event: 2532.816 Thread 0x000001d06a176fe0 Exception <a 'sun/nio/fs/WindowsException'{0x000000071712a050}> (0x000000071712a050) 
thrown [s\src\hotspot\share\prims\jni.cpp, line 520]
Event: 2532.816 Thread 0x000001d06a176fe0 Exception <a 'sun/nio/fs/WindowsException'{0x000000071712ac08}> (0x000000071712ac08) 
thrown [s\src\hotspot\share\prims\jni.cpp, line 520]
Event: 2533.038 Thread 0x000001d06a176fe0 Exception <a 'sun/nio/fs/WindowsException'{0x0000000716236570}> (0x0000000716236570) 
thrown [s\src\hotspot\share\prims\jni.cpp, line 520]
Event: 2533.038 Thread 0x000001d06a176fe0 Exception <a 'sun/nio/fs/WindowsException'{0x0000000716237128}> (0x0000000716237128) 
thrown [s\src\hotspot\share\prims\jni.cpp, line 520]
Event: 2533.214 Thread 0x000001d06a176fe0 Exception <a 'sun/nio/fs/WindowsException'{0x0000000715bb8b40}> (0x0000000715bb8b40) 
thrown [s\src\hotspot\share\prims\jni.cpp, line 520]
Event: 2533.214 Thread 0x000001d06a176fe0 Exception <a 'sun/nio/fs/WindowsException'{0x0000000715bb96f8}> (0x0000000715bb96f8) 
thrown [s\src\hotspot\share\prims\jni.cpp, line 520]
Event: 2533.285 Thread 0x000001d06a176fe0 Exception <a 'sun/nio/fs/WindowsException'{0x0000000715751fc8}> (0x0000000715751fc8) 
thrown [s\src\hotspot\share\prims\jni.cpp, line 520]
Event: 2533.285 Thread 0x000001d06a176fe0 Exception <a 'sun/nio/fs/WindowsException'{0x0000000715752b80}> (0x0000000715752b80) 
thrown [s\src\hotspot\share\prims\jni.cpp, line 520]
Event: 3118.110 Thread 0x000001d06a176fe0 Exception <a 'java/lang/NoSuchMethodError'{0x000000071a707a00}: 'void java.lang.invoke.DirectMethodHandle$Holder.invokeVirtual(java.lang.Object, java.lang.Object, java.lang.Object, java.lang.Object, java.lang.Object)'> (0x000000071a707a00) 
thrown [s\src\hotspot\share\interpreter\linkResolver.cpp, line 773]
Event: 3316.199 Thread 0x000001d06a1762c0 Exception <a 'java/lang/IncompatibleClassChangeError'{0x00000007193cc8f0}: Found class java.lang.Object, but interface was expected> (0x00000007193cc8f0) 
thrown [s\src\hotspot\share\interpreter\linkResolver.cpp, line 840]
Event: 3316.204 Thread 0x000001d06a1762c0 Exception <a 'java/lang/IncompatibleClassChangeError'{0x00000007193d07a8}: Found class java.lang.Object, but interface was expected> (0x00000007193d07a8) 
thrown [s\src\hotspot\share\interpreter\linkResolver.cpp, line 840]
Event: 3323.397 Thread 0x000001d06933f7a0 Exception <a 'sun/nio/fs/WindowsException'{0x0000000715893918}> (0x0000000715893918) 
thrown [s\src\hotspot\share\prims\jni.cpp, line 520]
Event: 3326.723 Thread 0x000001d06933f7a0 Exception <a 'sun/nio/fs/WindowsException'{0x000000070fae6178}> (0x000000070fae6178) 
thrown [s\src\hotspot\share\prims\jni.cpp, line 520]
Event: 3389.384 Thread 0x000001d06a1762c0 Implicit null exception at 0x000001d056c13bb0 to 0x000001d056c13c2d
Event: 3397.442 Thread 0x000001d06933f7a0 Exception <a 'sun/nio/fs/WindowsException'{0x0000000725d4b388}> (0x0000000725d4b388) 
thrown [s\src\hotspot\share\prims\jni.cpp, line 520]
Event: 3398.687 Thread 0x000001d06933f7a0 Exception <a 'sun/nio/fs/WindowsException'{0x000000071d298ed0}> (0x000000071d298ed0) 
thrown [s\src\hotspot\share\prims\jni.cpp, line 520]

ZGC Phase Switch (0 events):
No events

VM Operations (20 events):
Event: 3396.806 Executing VM operation: Cleanup done
Event: 3397.810 Executing VM operation: Cleanup
Event: 3397.811 Executing VM operation: Cleanup done
Event: 3398.826 Executing VM operation: Cleanup
Event: 3398.826 Executing VM operation: Cleanup done
Event: 3427.663 Executing VM operation: HandshakeAllThreads (HandshakeForDeflation)
Event: 3427.667 Executing VM operation: HandshakeAllThreads (HandshakeForDeflation) done
Event: 3427.667 Executing VM operation: RendezvousGCThreads
Event: 3427.667 Executing VM operation: RendezvousGCThreads done
Event: 3487.705 Executing VM operation: HandshakeAllThreads (HandshakeForDeflation)
Event: 3487.706 Executing VM operation: HandshakeAllThreads (HandshakeForDeflation) done
Event: 3487.706 Executing VM operation: RendezvousGCThreads
Event: 3487.706 Executing VM operation: RendezvousGCThreads done
Event: 3541.149 Executing VM operation: Cleanup
Event: 3541.232 Executing VM operation: Cleanup done
Event: 3542.244 Executing VM operation: Cleanup
Event: 3542.276 Executing VM operation: Cleanup done
Event: 3543.277 Executing VM operation: Cleanup
Event: 3543.485 Executing VM operation: Cleanup done
Event: 3544.057 Executing VM operation: G1TryInitiateConcMark (CodeCache GC Threshold)

Memory protections (0 events):
No events

Nmethod flushes (20 events):
Event: 391.961 Thread 0x000001d0641ee8d0 flushing  nmethod 0x000001d04ed4ea90
Event: 391.961 Thread 0x000001d0641ee8d0 flushing  nmethod 0x000001d04ed50110
Event: 391.961 Thread 0x000001d0641ee8d0 flushing  nmethod 0x000001d04ed53690
Event: 391.961 Thread 0x000001d0641ee8d0 flushing  nmethod 0x000001d04ed53a90
Event: 391.961 Thread 0x000001d0641ee8d0 flushing  nmethod 0x000001d04ed56c10
Event: 391.961 Thread 0x000001d0641ee8d0 flushing  nmethod 0x000001d04ed57c10
Event: 391.961 Thread 0x000001d0641ee8d0 flushing  nmethod 0x000001d04ed58610
Event: 391.962 Thread 0x000001d0641ee8d0 flushing  nmethod 0x000001d04ed5a310
Event: 391.962 Thread 0x000001d0641ee8d0 flushing  nmethod 0x000001d04ed5b110
Event: 391.962 Thread 0x000001d0641ee8d0 flushing  nmethod 0x000001d04ed5b510
Event: 391.962 Thread 0x000001d0641ee8d0 flushing  nmethod 0x000001d04ed5b890
Event: 391.962 Thread 0x000001d0641ee8d0 flushing  nmethod 0x000001d04ed5ce10
Event: 391.962 Thread 0x000001d0641ee8d0 flushing  nmethod 0x000001d04ed5e790
Event: 391.962 Thread 0x000001d0641ee8d0 flushing  nmethod 0x000001d04ed7e110
Event: 391.962 Thread 0x000001d0641ee8d0 flushing  nmethod 0x000001d04ed7e510
Event: 391.962 Thread 0x000001d0641ee8d0 flushing  nmethod 0x000001d04ed7e910
Event: 391.962 Thread 0x000001d0641ee8d0 flushing  nmethod 0x000001d04ed7f290
Event: 391.962 Thread 0x000001d0641ee8d0 flushing  nmethod 0x000001d04ed80390
Event: 391.962 Thread 0x000001d0641ee8d0 flushing  nmethod 0x000001d04ed81310
Event: 391.963 Thread 0x000001d0641ee8d0 flushing  nmethod 0x000001d04eeda010

Events (20 events):
Event: 2532.501 Thread 0x000001d06a173b60 Thread exited: 0x000001d06a173b60
Event: 2593.301 Thread 0x000001d06a176fe0 Thread exited: 0x000001d06a176fe0
Event: 3096.059 Thread 0x000001d06a1762c0 Thread added: 0x000001d06a173b60
Event: 3096.418 Thread 0x000001d06a1762c0 Thread added: 0x000001d06a174880
Event: 3096.477 Thread 0x000001d06a1762c0 Thread added: 0x000001d06a176fe0
Event: 3186.735 Thread 0x000001d06a176fe0 Thread exited: 0x000001d06a176fe0
Event: 3255.715 Thread 0x000001d06a1762c0 Thread added: 0x000001d06933f110
Event: 3317.897 Thread 0x000001d06a174f10 Thread added: 0x000001d06a176fe0
Event: 3320.521 Thread 0x000001d06a1762c0 Thread added: 0x000001d069adfa70
Event: 3321.653 Thread 0x000001d06933fe30 Thread added: 0x000001d069adf3e0
Event: 3324.285 Thread 0x000001d06933fe30 Thread added: 0x000001d069ae5650
Event: 3327.232 Thread 0x000001d06a174f10 Thread added: 0x000001d069aded50
Event: 3385.214 Thread 0x000001d069ae5650 Thread exited: 0x000001d069ae5650
Event: 3390.302 Thread 0x000001d06a176fe0 Thread exited: 0x000001d06a176fe0
Event: 3395.882 Thread 0x000001d06a174f10 Thread added: 0x000001d069ae3c10
Event: 3458.035 Thread 0x000001d069adfa70 Thread exited: 0x000001d069adfa70
Event: 3458.041 Thread 0x000001d06933fe30 Thread exited: 0x000001d06933fe30
Event: 3458.053 Thread 0x000001d069aded50 Thread exited: 0x000001d069aded50
Event: 3498.558 Thread 0x000001d06933f110 Thread exited: 0x000001d06933f110
Event: 3539.266 Thread 0x000001d06a1762c0 Thread added: 0x000001d069ae0790


Dynamic libraries:
0x00007ff6e62f0000 - 0x00007ff6e62fe000 	c:\Users\AGOUROU GUSTAVE\.vscode\extensions\redhat.java-1.46.2025090608-win32-x64\jre\21.0.8-win32-x86_64\bin\java.exe
0x00007ffef7310000 - 0x00007ffef7508000 	C:\WINDOWS\SYSTEM32\ntdll.dll
0x00007ffef57b0000 - 0x00007ffef5872000 	C:\WINDOWS\System32\KERNEL32.DLL
0x00007ffef4ae0000 - 0x00007ffef4dd6000 	C:\WINDOWS\System32\KERNELBASE.dll
0x00007ffef4f90000 - 0x00007ffef5090000 	C:\WINDOWS\System32\ucrtbase.dll
0x00007ffef16c0000 - 0x00007ffef16d8000 	c:\Users\AGOUROU GUSTAVE\.vscode\extensions\redhat.java-1.46.2025090608-win32-x64\jre\21.0.8-win32-x86_64\bin\jli.dll
0x00007ffef5e10000 - 0x00007ffef5fad000 	C:\WINDOWS\System32\USER32.dll
0x00007ffef5130000 - 0x00007ffef5152000 	C:\WINDOWS\System32\win32u.dll
0x00007ffef67c0000 - 0x00007ffef67eb000 	C:\WINDOWS\System32\GDI32.dll
0x00007ffef5220000 - 0x00007ffef5339000 	C:\WINDOWS\System32\gdi32full.dll
0x00007ffef5090000 - 0x00007ffef512d000 	C:\WINDOWS\System32\msvcp_win.dll
0x00007ffeed400000 - 0x00007ffeed41e000 	c:\Users\AGOUROU GUSTAVE\.vscode\extensions\redhat.java-1.46.2025090608-win32-x64\jre\21.0.8-win32-x86_64\bin\VCRUNTIME140.dll
0x00007ffee5500000 - 0x00007ffee579b000 	C:\WINDOWS\WinSxS\amd64_microsoft.windows.common-controls_6595b64144ccf1df_6.0.19041.6280_none_60bc30a171f2f3f3\COMCTL32.dll
0x00007ffef6720000 - 0x00007ffef67be000 	C:\WINDOWS\System32\msvcrt.dll
0x00007ffef62d0000 - 0x00007ffef62ff000 	C:\WINDOWS\System32\IMM32.DLL
0x00007ffef16b0000 - 0x00007ffef16bc000 	c:\Users\AGOUROU GUSTAVE\.vscode\extensions\redhat.java-1.46.2025090608-win32-x64\jre\21.0.8-win32-x86_64\bin\vcruntime140_1.dll
0x00007ffed1ff0000 - 0x00007ffed207d000 	c:\Users\AGOUROU GUSTAVE\.vscode\extensions\redhat.java-1.46.2025090608-win32-x64\jre\21.0.8-win32-x86_64\bin\msvcp140.dll
0x00007ffeb2d90000 - 0x00007ffeb3b27000 	c:\Users\AGOUROU GUSTAVE\.vscode\extensions\redhat.java-1.46.2025090608-win32-x64\jre\21.0.8-win32-x86_64\bin\server\jvm.dll
0x00007ffef64b0000 - 0x00007ffef6561000 	C:\WINDOWS\System32\ADVAPI32.dll
0x00007ffef71d0000 - 0x00007ffef726f000 	C:\WINDOWS\System32\sechost.dll
0x00007ffef6010000 - 0x00007ffef6130000 	C:\WINDOWS\System32\RPCRT4.dll
0x00007ffef5160000 - 0x00007ffef5187000 	C:\WINDOWS\System32\bcrypt.dll
0x00007ffef6310000 - 0x00007ffef637b000 	C:\WINDOWS\System32\WS2_32.dll
0x00007ffef4810000 - 0x00007ffef485b000 	C:\WINDOWS\SYSTEM32\POWRPROF.dll
0x00007ffee6d20000 - 0x00007ffee6d47000 	C:\WINDOWS\SYSTEM32\WINMM.dll
0x00007ffee8a20000 - 0x00007ffee8a2a000 	C:\WINDOWS\SYSTEM32\VERSION.dll
0x00007ffef47f0000 - 0x00007ffef4802000 	C:\WINDOWS\SYSTEM32\UMPDC.dll
0x00007ffef3170000 - 0x00007ffef3182000 	C:\WINDOWS\SYSTEM32\kernel.appcore.dll
0x00007ffeeefa0000 - 0x00007ffeeefaa000 	c:\Users\AGOUROU GUSTAVE\.vscode\extensions\redhat.java-1.46.2025090608-win32-x64\jre\21.0.8-win32-x86_64\bin\jimage.dll
0x00007ffef2e30000 - 0x00007ffef3031000 	C:\WINDOWS\SYSTEM32\DBGHELP.DLL
0x00007ffee5bc0000 - 0x00007ffee5bf4000 	C:\WINDOWS\SYSTEM32\dbgcore.DLL
0x00007ffef5190000 - 0x00007ffef5212000 	C:\WINDOWS\System32\bcryptPrimitives.dll
0x00007ffeeef70000 - 0x00007ffeeef7f000 	c:\Users\AGOUROU GUSTAVE\.vscode\extensions\redhat.java-1.46.2025090608-win32-x64\jre\21.0.8-win32-x86_64\bin\instrument.dll
0x00007ffeed370000 - 0x00007ffeed38f000 	c:\Users\AGOUROU GUSTAVE\.vscode\extensions\redhat.java-1.46.2025090608-win32-x64\jre\21.0.8-win32-x86_64\bin\java.dll
0x00007ffef67f0000 - 0x00007ffef6f60000 	C:\WINDOWS\System32\SHELL32.dll
0x00007ffef25b0000 - 0x00007ffef2d54000 	C:\WINDOWS\SYSTEM32\windows.storage.dll
0x00007ffef5880000 - 0x00007ffef5bd3000 	C:\WINDOWS\System32\combase.dll
0x00007ffef4310000 - 0x00007ffef433b000 	C:\WINDOWS\SYSTEM32\Wldp.dll
0x00007ffef63e0000 - 0x00007ffef64ad000 	C:\WINDOWS\System32\OLEAUT32.dll
0x00007ffef5be0000 - 0x00007ffef5c8d000 	C:\WINDOWS\System32\SHCORE.dll
0x00007ffef5db0000 - 0x00007ffef5e0b000 	C:\WINDOWS\System32\shlwapi.dll
0x00007ffef48e0000 - 0x00007ffef4904000 	C:\WINDOWS\SYSTEM32\profapi.dll
0x00007ffeed180000 - 0x00007ffeed198000 	c:\Users\AGOUROU GUSTAVE\.vscode\extensions\redhat.java-1.46.2025090608-win32-x64\jre\21.0.8-win32-x86_64\bin\zip.dll
0x00007ffeeef40000 - 0x00007ffeeef50000 	C:\Users\AGOUROU GUSTAVE\.vscode\extensions\redhat.java-1.46.2025090608-win32-x64\jre\21.0.8-win32-x86_64\bin\net.dll
0x00007ffee9150000 - 0x00007ffee925a000 	C:\WINDOWS\SYSTEM32\WINHTTP.dll
0x00007ffef4050000 - 0x00007ffef40ba000 	C:\WINDOWS\system32\mswsock.dll
0x00007ffee0ec0000 - 0x00007ffee0ed6000 	C:\Users\AGOUROU GUSTAVE\.vscode\extensions\redhat.java-1.46.2025090608-win32-x64\jre\21.0.8-win32-x86_64\bin\nio.dll
0x00007ffeeed60000 - 0x00007ffeeed70000 	c:\Users\AGOUROU GUSTAVE\.vscode\extensions\redhat.java-1.46.2025090608-win32-x64\jre\21.0.8-win32-x86_64\bin\verify.dll
0x00007ffedc850000 - 0x00007ffedc894000 	C:\Users\AGOUROU GUSTAVE\AppData\Roaming\Code\User\globalStorage\redhat.java\1.46.2025090608\config_win\org.eclipse.equinox.launcher\org.eclipse.equinox.launcher.win32.win32.x86_64_1.2.1400.v20250801-0854\eclipse_11916.dll
0x00007ffef6fe0000 - 0x00007ffef710b000 	C:\WINDOWS\System32\ole32.dll
0x00007ffef4260000 - 0x00007ffef4278000 	C:\WINDOWS\SYSTEM32\CRYPTSP.dll
0x00007ffef3950000 - 0x00007ffef3988000 	C:\WINDOWS\system32\rsaenh.dll
0x00007ffef4860000 - 0x00007ffef488e000 	C:\WINDOWS\SYSTEM32\USERENV.dll
0x00007ffef4280000 - 0x00007ffef428c000 	C:\WINDOWS\SYSTEM32\CRYPTBASE.dll
0x00007ffef3d30000 - 0x00007ffef3d6b000 	C:\WINDOWS\SYSTEM32\IPHLPAPI.DLL
0x00007ffef71c0000 - 0x00007ffef71c8000 	C:\WINDOWS\System32\NSI.dll
0x00007ffed2420000 - 0x00007ffed2469000 	C:\Users\AGOUROU GUSTAVE\AppData\Local\Temp\jna-705468941\jna2148574923459611369.dll
0x00007ffef6300000 - 0x00007ffef6308000 	C:\WINDOWS\System32\PSAPI.DLL
0x00007ffeeb1a0000 - 0x00007ffeeb1b7000 	C:\WINDOWS\SYSTEM32\dhcpcsvc6.DLL
0x00007ffeeb180000 - 0x00007ffeeb19d000 	C:\WINDOWS\SYSTEM32\dhcpcsvc.DLL
0x00007ffeed580000 - 0x00007ffeed58e000 	C:\Users\AGOUROU GUSTAVE\.vscode\extensions\redhat.java-1.46.2025090608-win32-x64\jre\21.0.8-win32-x86_64\bin\sunmscapi.dll
0x00007ffef4de0000 - 0x00007ffef4f3d000 	C:\WINDOWS\System32\CRYPT32.dll
0x00007ffef4380000 - 0x00007ffef43a7000 	C:\WINDOWS\SYSTEM32\ncrypt.dll
0x00007ffef4340000 - 0x00007ffef437b000 	C:\WINDOWS\SYSTEM32\NTASN1.dll

JVMTI agents:
c:\Users\AGOUROU GUSTAVE\.vscode\extensions\redhat.java-1.46.2025090608-win32-x64\lombok\lombok-1.18.39-4050.jar path:c:\Users\AGOUROU GUSTAVE\.vscode\extensions\redhat.java-1.46.2025090608-win32-x64\jre\21.0.8-win32-x86_64\bin\instrument.dll, loaded, initialized, instrumentlib options:none

dbghelp: loaded successfully - version: 4.0.5 - missing functions: none
symbol engine: initialized successfully - sym options: 0x614 - pdb path: .;c:\Users\AGOUROU GUSTAVE\.vscode\extensions\redhat.java-1.46.2025090608-win32-x64\jre\21.0.8-win32-x86_64\bin;C:\WINDOWS\SYSTEM32;C:\WINDOWS\WinSxS\amd64_microsoft.windows.common-controls_6595b64144ccf1df_6.0.19041.6280_none_60bc30a171f2f3f3;c:\Users\AGOUROU GUSTAVE\.vscode\extensions\redhat.java-1.46.2025090608-win32-x64\jre\21.0.8-win32-x86_64\bin\server;C:\Users\AGOUROU GUSTAVE\AppData\Roaming\Code\User\globalStorage\redhat.java\1.46.2025090608\config_win\org.eclipse.equinox.launcher\org.eclipse.equinox.launcher.win32.win32.x86_64_1.2.1400.v20250801-0854;C:\Users\AGOUROU GUSTAVE\AppData\Local\Temp\jna-705468941

VM Arguments:
jvm_args: --add-modules=ALL-SYSTEM --add-opens=java.base/java.util=ALL-UNNAMED --add-opens=java.base/java.lang=ALL-UNNAMED --add-opens=java.base/sun.nio.fs=ALL-UNNAMED -Declipse.application=org.eclipse.jdt.ls.core.id1 -Dosgi.bundles.defaultStartLevel=4 -Declipse.product=org.eclipse.jdt.ls.core.product -Djava.import.generatesMetadataFilesAtProjectRoot=false -DDetectVMInstallationsJob.disabled=true -Dfile.encoding=utf8 -Xlog:disable -Xmx4G -Xms512M -javaagent:c:\Users\AGOUROU GUSTAVE\.vscode\extensions\redhat.java-1.46.2025090608-win32-x64\lombok\lombok-1.18.39-4050.jar -XX:+HeapDumpOnOutOfMemoryError -XX:HeapDumpPath=c:\Users\AGOUROU GUSTAVE\AppData\Roaming\Code\User\workspaceStorage\e5e3aa9fae37178fce0e33db35cfc533\redhat.java -Daether.dependencyCollector.impl=bf -XX:+UnlockDiagnosticVMOptions -XX:+AllowArchivingWithJavaAgent -XX:+AutoCreateSharedArchive -XX:SharedArchiveFile=c:\Users\AGOUROU GUSTAVE\AppData\Roaming\Code\User\globalStorage\redhat.java\1.46.2025090608\jdtls.jsa 
java_command: c:\Users\AGOUROU GUSTAVE\.vscode\extensions\redhat.java-1.46.2025090608-win32-x64\server\plugins\org.eclipse.equinox.launcher_1.7.0.v20250519-0528.jar -configuration c:\Users\AGOUROU GUSTAVE\AppData\Roaming\Code\User\globalStorage\redhat.java\1.46.2025090608\config_win -data c:\Users\AGOUROU GUSTAVE\AppData\Roaming\Code\User\workspaceStorage\e5e3aa9fae37178fce0e33db35cfc533\redhat.java\jdt_ws --pipe=\\.\pipe\lsp-3e60cd94f50668da8d886a64440e456e-sock
java_class_path (initial): c:\Users\AGOUROU GUSTAVE\.vscode\extensions\redhat.java-1.46.2025090608-win32-x64\server\plugins\org.eclipse.equinox.launcher_1.7.0.v20250519-0528.jar
Launcher Type: SUN_STANDARD

[Global flags]
     bool AllowArchivingWithJavaAgent              = true                             {JVMCI diagnostic} {command line}
     bool AutoCreateSharedArchive                  = false                               {JVMCI product} {command line}
     intx CICompilerCount                          = 3                                         {product} {ergonomic}
     uint ConcGCThreads                            = 1                                         {product} {ergonomic}
     uint G1ConcRefinementThreads                  = 4                                         {product} {ergonomic}
   size_t G1HeapRegionSize                         = 2097152                                   {product} {ergonomic}
    uintx GCDrainStackTargetSize                   = 64                                        {product} {ergonomic}
     bool HeapDumpOnOutOfMemoryError               = true                                   {manageable} {command line}
    ccstr HeapDumpPath                             = c:\Users\AGOUROU GUSTAVE\AppData\Roaming\Code\User\workspaceStorage\e5e3aa9fae37178fce0e33db35cfc533\redhat.java         {manageable} {command line}
   size_t InitialHeapSize                          = 536870912                                 {product} {command line}
   size_t MarkStackSize                            = 4194304                                   {product} {ergonomic}
   size_t MaxHeapSize                              = 4294967296                                {product} {command line}
   size_t MaxNewSize                               = 2575302656                                {product} {ergonomic}
   size_t MinHeapDeltaBytes                        = 2097152                                   {product} {ergonomic}
   size_t MinHeapSize                              = 536870912                                 {product} {command line}
    uintx NonNMethodCodeHeapSize                   = 5832780                                {pd product} {ergonomic}
    uintx NonProfiledCodeHeapSize                  = 122912730                              {pd product} {ergonomic}
    uintx ProfiledCodeHeapSize                     = 122912730                              {pd product} {ergonomic}
    uintx ReservedCodeCacheSize                    = 251658240                              {pd product} {ergonomic}
     bool SegmentedCodeCache                       = true                                      {product} {ergonomic}
    ccstr SharedArchiveFile                        = c:\Users\AGOUROU GUSTAVE\AppData\Roaming\Code\User\globalStorage\redhat.java\1.46.2025090608\jdtls.jsa      {JVMCI product} {command line}
   size_t SoftMaxHeapSize                          = 4294967296                             {manageable} {ergonomic}
     bool UnlockDiagnosticVMOptions                = true                                   {diagnostic} {command line}
     bool UseCompressedOops                        = true                           {product lp64_product} {ergonomic}
     bool UseG1GC                                  = true                                      {product} {ergonomic}
     bool UseLargePagesIndividualAllocation        = false                                  {pd product} {ergonomic}

Logging:
Log output configuration:
 #0: stdout all=off uptime,level,tags foldmultilines=false
 #1: stderr all=off uptime,level,tags foldmultilines=false

Environment Variables:
JAVA_HOME=C:\Program Files\Eclipse Adoptium\jdk-17.0.15+6
PATH=C:\Users\AGOUROU GUSTAVE\Downloads\apache-maven-3.9.9-bin\apache-maven-3.9.9\bin;C:\Program Files\Eclipse Adoptium\jdk-17.0.15+6\bin;C:\Program Files\Common Files\Oracle\Java\javapath;C:\Program Files (x86)\Intel\iCLS Client\;C:\Program Files\Intel\iCLS Client\;C:\WINDOWS\system32;C:\WINDOWS;C:\WINDOWS\System32\Wbem;C:\WINDOWS\System32\WindowsPowerShell\v1.0\;C:\WINDOWS\System32\OpenSSH\;C:\Program Files (x86)\Intel\Intel(R) Management Engine Components\DAL;C:\Program Files\Intel\Intel(R) Management Engine Components\DAL;C:\Program Files (x86)\Intel\Intel(R) Management Engine Components\IPT;C:\Program Files\Intel\Intel(R) Management Engine Components\IPT;C:\Users\AGOUROU GUSTAVE\Downloads\platform-tools_r34.0.3-windows\platform-tools;C:\Program Files\mingw64\bin;C:\Program Files\Git\cmd;C:\Program Files\apache-maven-3.9.9\bin;C:\Program Files\JavaUSBComplete\bin;C:\Windows\Installer\{5D847F4E-C86E-4EEC-8E84-E13E00C48891};C:\Program Files\MySQL\MySQL Server 8.0\bin;C:\Program Files\OpenSSL-Win64\bin;C:\railway\;C:\Users\AGOUROU GUSTAVE\Desktop\Microsoft VS Code\bin;C:\railway\;C:\Program Files\MongoDB\Server\8.0\bin;C:\Program Files\nodejs\;C:\Users\AGOUROU GUSTAVE\AppData\Roaming\npm;C:\Users\AGOUROU GUSTAVE\AppData\Local\Microsoft\WindowsApps;;C:\Program Files\Docker\Docker\resources\bin;;C:\Users\AGOUROU GUSTAVE\Desktop\Microsoft VS Code\bin;C:\Users\AGOUROU GUSTAVE\AppData\Roaming\npm
USERNAME=AGOUROU GUSTAVE
OS=Windows_NT
PROCESSOR_IDENTIFIER=Intel64 Family 6 Model 61 Stepping 4, GenuineIntel
TMP=C:\Users\AGOURO~1\AppData\Local\Temp
TEMP=C:\Users\AGOURO~1\AppData\Local\Temp




Periodic native trim disabled

---------------  S Y S T E M  ---------------

OS:
 Windows 10 , 64 bit Build 19041 (10.0.19041.5915)
OS uptime: 3 days 16:03 hours
Hyper-V role detected

CPU: total 4 (initial active 4) (2 cores per cpu, 2 threads per core) family 6 model 61 stepping 4 microcode 0x2d, cx8, cmov, fxsr, ht, mmx, 3dnowpref, sse, sse2, sse3, ssse3, sse4.1, sse4.2, popcnt, lzcnt, tsc, tscinvbit, avx, avx2, aes, erms, clmul, bmi1, bmi2, adx, fma, vzeroupper, clflush, hv, rdtscp, f16c
Processor Information for the first 4 processors :
  Max Mhz: 1995, Current Mhz: 1995, Mhz Limit: 1995

Memory: 4k page, system-wide physical 3997M (189M free)
TotalPageFile size 16274M (AvailPageFile size 793M)
current process WorkingSet (physical memory assigned to process): 142M, peak: 417M
current process commit charge ("private bytes"): 941M, peak: 1771M

vm_info: OpenJDK 64-Bit Server VM (21.0.8+9-LTS) for windows-amd64 JRE (21.0.8+9-LTS), built on 2025-07-15T00:00:00Z by "admin" with MS VC++ 17.7 (VS2022)

END.
