#
# There is insufficient memory for the Java Runtime Environment to continue.
# Native memory allocation (malloc) failed to allocate 1048576 bytes. Error detail: AllocateHeap
# Possible reasons:
#   The system is out of physical RAM or swap space
#   This process is running with CompressedOops enabled, and the Java Heap may be blocking the growth of the native heap
# Possible solutions:
#   Reduce memory load on the system
#   Increase physical memory or swap space
#   Check if swap backing store is full
#   Decrease Java heap size (-Xmx/-Xms)
#   Decrease number of Java threads
#   Decrease Java thread stack sizes (-Xss)
#   Set larger code cache with -XX:ReservedCodeCacheSize=
#   JVM is running with Unscaled Compressed Oops mode in which the Java heap is
#     placed in the first 4GB address space. The Java Heap base address is the
#     maximum limit for the native heap growth. Please use -XX:HeapBaseMinAddress
#     to set the Java Heap base and to place the Java Heap above 4GB virtual address.
# This output file may be truncated or incomplete.
#
#  Out of Memory Error (allocation.cpp:44), pid=12908, tid=2712
#
# JRE version:  (17.0.15+6) (build )
# Java VM: OpenJDK 64-Bit Server VM (17.0.15+6, mixed mode, sharing, tiered, compressed oops, compressed class ptrs, g1 gc, windows-amd64)
# No core dump will be written. Minidumps are not enabled by default on client versions of Windows
#

---------------  S U M M A R Y ------------

Command Line: -DwatchParentProcess=false -XX:+ExitOnOutOfMemoryError -XX:+HeapDumpOnOutOfMemoryError -XX:HeapDumpPath=c:\Users\AGOUROU GUSTAVE\AppData\Roaming\Code\User\globalStorage\redhat.vscode-xml -Xmx64M org.eclipse.lemminx.XMLServerLauncher

Host: Intel(R) Core(TM) i3-5005U CPU @ 2.00GHz, 4 cores, 3G,  Windows 10 , 64 bit Build 19041 (10.0.19041.5915)
Time: Wed Aug 13 14:05:53 2025 Paris, Madrid (heure duild 19041 (10.0.19041.5915) elapsed time: 0.133872 seconds (0d 0h 0m 0s)

---------------  T H R E A D  ---------------

Current thread (0x000001ab3a08d580):  JavaThread "Unknown thread" [_thread_in_vm, id=2712, stack(0x00000056d1300000,0x00000056d1400000)]

Stack: [0x00000056d1300000,0x00000056d1400000]
Native frames: (J=compiled Java code, j=interpreted, Vv=VM code, C=native code)
V  [jvm.dll+0x682fc9]
V  [jvm.dll+0x839878]
V  [jvm.dll+0x83b323]
V  [jvm.dll+0x83b993]
V  [jvm.dll+0x24725f]
V  [jvm.dll+0xa75a3]
V  [jvm.dll+0x2d7c87]
V  [jvm.dll+0x80b78f]
V  [jvm.dll+0x36b781]
V  [jvm.dll+0x7ea31f]
V  [jvm.dll+0x3f237e]
V  [jvm.dll+0x3f3eb1]
C  [jli.dll+0x5278]
C  [ucrtbase.dll+0x21bb2]
C  [KERNEL32.DLL+0x17374]
C  [ntdll.dll+0x4cc91]


---------------  P R O C E S S  ---------------

Threads class SMR info:
_java_thread_list=0x00007ffe5d737f58, length=0, elements={
}

Java Threads: ( => current thread )

Other Threads:

=>0x000001ab3a08d580 (exited) JavaThread "Unknown thread" [_thread_in_vm, id=2712, stack(0x00000056d1300000,0x00000056d1400000)]

Threads with active compile tasks:

VM state: not at safepoint (not fully initialized)

VM Mutex/Monitor currently owned by a thread: None

Heap address: 0x0000000000000000, size: 0 MB, Compressed Oops mode: 32-bit

CDS archive(s) mapped at: [0x0000000000000000-0x0000000000000000-0x0000000000000000), size 0, SharedBaseAddress: 0x0000000800000000, ArchiveRelocationMode: 1.
Narrow klass base: 0x0000000000000000, Narrow klass shift: 0, Narrow klass range: 0x0

GC Precious Log:
<Empty>

GC Heap History (0 events):
No events

Dll operation events (1 events):
Event: 0.032 Loaded shared library C:\Program Files\Eclipse Adoptium\jdk-17.0.15+6\bin\java.dll

Deoptimization events (0 events):
No events

Classes loaded (0 events):
No events

Classes unloaded (0 events):
No events

Classes redefined (0 events):
No events

Internal exceptions (0 events):
No events

VM Operations (0 events):
No events

Memory protections (0 events):
No events

Nmethod flushes (0 events):
No events

Events (0 events):
No events


Dynamic libraries:
0x00007ff6be6d0000 - 0x00007ff6be6de000 	C:\Program Files\Eclipse Adoptium\jdk-17.0.15+6\bin\java.exe
0x00007ffea8a30000 - 0x00007ffea8c28000 	C:\WINDOWS\SYSTEM32\ntdll.dll
0x00007ffea7690000 - 0x00007ffea7752000 	C:\WINDOWS\System32\KERNEL32.DLL
0x00007ffea6650000 - 0x00007ffea6947000 	C:\WINDOWS\System32\KERNELBASE.dll
0x00007ffea6950000 - 0x00007ffea6a50000 	C:\WINDOWS\System32\ucrtbase.dll
0x00007ffe97be0000 - 0x00007ffe97bfe000 	C:\Program Files\Eclipse Adoptium\jdk-17.0.15+6\bin\VCRUNTIME140.dll
0x00007ffe97fc0000 - 0x00007ffe97fd7000 	C:\Program Files\Eclipse Adoptium\jdk-17.0.15+6\bin\jli.dll
0x00007ffea7770000 - 0x00007ffea790d000 	C:\WINDOWS\System32\USER32.dll
0x00007ffea6620000 - 0x00007ffea6642000 	C:\WINDOWS\System32\win32u.dll
0x00007ffea7230000 - 0x00007ffea725b000 	C:\WINDOWS\System32\GDI32.dll
0x00007ffea62f0000 - 0x00007ffea6409000 	C:\WINDOWS\System32\gdi32full.dll
0x00007ffea61d0000 - 0x00007ffea626d000 	C:\WINDOWS\System32\msvcp_win.dll
0x00007ffe949a0000 - 0x00007ffe94c3a000 	C:\WINDOWS\WinSxS\amd64_microsoft.windows.common-controls_6595b64144ccf1df_6.0.19041.5915_none_60b4b9d171f9c7c7\COMCTL32.dll
0x00007ffea7190000 - 0x00007ffea722e000 	C:\WINDOWS\System32\msvcrt.dll
0x00007ffea86e0000 - 0x00007ffea870f000 	C:\WINDOWS\System32\IMM32.DLL
0x00007ffea0b10000 - 0x00007ffea0b1c000 	C:\Program Files\Eclipse Adoptium\jdk-17.0.15+6\bin\vcruntime140_1.dll
0x00007ffe7a100000 - 0x00007ffe7a18d000 	C:\Program Files\Eclipse Adoptium\jdk-17.0.15+6\bin\msvcp140.dll
0x00007ffe5cc00000 - 0x00007ffe5d86b000 	C:\Program Files\Eclipse Adoptium\jdk-17.0.15+6\bin\server\jvm.dll
0x00007ffea6b40000 - 0x00007ffea6bf1000 	C:\WINDOWS\System32\ADVAPI32.dll
0x00007ffea6d90000 - 0x00007ffea6e2f000 	C:\WINDOWS\System32\sechost.dll
0x00007ffea88c0000 - 0x00007ffea89e6000 	C:\WINDOWS\System32\RPCRT4.dll
0x00007ffea6110000 - 0x00007ffea6137000 	C:\WINDOWS\System32\bcrypt.dll
0x00007ffea7350000 - 0x00007ffea73bb000 	C:\WINDOWS\System32\WS2_32.dll
0x00007ffea5f20000 - 0x00007ffea5f6b000 	C:\WINDOWS\SYSTEM32\POWRPROF.dll
0x00007ffe94c50000 - 0x00007ffe94c77000 	C:\WINDOWS\SYSTEM32\WINMM.dll
0x00007ffe94c80000 - 0x00007ffe94c8a000 	C:\WINDOWS\SYSTEM32\VERSION.dll
0x00007ffea5f00000 - 0x00007ffea5f12000 	C:\WINDOWS\SYSTEM32\UMPDC.dll
0x00007ffea4880000 - 0x00007ffea4892000 	C:\WINDOWS\SYSTEM32\kernel.appcore.dll
0x00007ffea0320000 - 0x00007ffea032a000 	C:\Program Files\Eclipse Adoptium\jdk-17.0.15+6\bin\jimage.dll
0x00007ffea4540000 - 0x00007ffea4741000 	C:\WINDOWS\SYSTEM32\DBGHELP.DLL
0x00007ffe93e70000 - 0x00007ffe93ea4000 	C:\WINDOWS\SYSTEM32\dbgcore.DLL
0x00007ffea6140000 - 0x00007ffea61c2000 	C:\WINDOWS\System32\bcryptPrimitives.dll
0x00007ffe86870000 - 0x00007ffe86895000 	C:\Program Files\Eclipse Adoptium\jdk-17.0.15+6\bin\java.dll

dbghelp: loaded successfully - version: 4.0.5 - missing functions: none
symbol engine: initialized successfully - sym options: 0x614 - pdb path: .;C:\Program Files\Eclipse Adoptium\jdk-17.0.15+6\bin;C:\WINDOWS\SYSTEM32;C:\WINDOWS\WinSxS\amd64_microsoft.windows.common-controls_6595b64144ccf1df_6.0.19041.5915_none_60b4b9d171f9c7c7;C:\Program Files\Eclipse Adoptium\jdk-17.0.15+6\bin\server

VM Arguments:
jvm_args: -DwatchParentProcess=false -XX:+ExitOnOutOfMemoryError -XX:+HeapDumpOnOutOfMemoryError -XX:HeapDumpPath=c:\Users\AGOUROU GUSTAVE\AppData\Roaming\Code\User\globalStorage\redhat.vscode-xml -Xmx64M 
java_command: org.eclipse.lemminx.XMLServerLauncher
java_class_path (initial): c:\Users\AGOUROU GUSTAVE\.vscode\extensions\redhat.vscode-xml-0.29.0-win32-x64\server\org.eclipse.lemminx-0.31.0-uber.jar
Launcher Type: SUN_STANDARD

[Global flags]
     intx CICompilerCount                          = 3                                         {product} {ergonomic}
     uint ConcGCThreads                            = 1                                         {product} {ergonomic}
     bool ExitOnOutOfMemoryError                   = true                                      {product} {command line}
     uint G1ConcRefinementThreads                  = 4                                         {product} {ergonomic}
   size_t G1HeapRegionSize                         = 1048576                                   {product} {ergonomic}
    uintx GCDrainStackTargetSize                   = 64                                        {product} {ergonomic}
     bool HeapDumpOnOutOfMemoryError               = true                                   {manageable} {command line}
    ccstr HeapDumpPath                             = c:\Users\AGOUROU GUSTAVE\AppData\Roaming\Code\User\globalStorage\redhat.vscode-xml         {manageable} {command line}
   size_t InitialHeapSize                          = 67108864                                  {product} {ergonomic}
   size_t MarkStackSize                            = 4194304                                   {product} {ergonomic}
   size_t MaxHeapSize                              = 67108864                                  {product} {command line}
   size_t MinHeapDeltaBytes                        = 1048576                                   {product} {ergonomic}
   size_t MinHeapSize                              = 8388608                                   {product} {ergonomic}
    uintx NonNMethodCodeHeapSize                   = 5832780                                {pd product} {ergonomic}
    uintx NonProfiledCodeHeapSize                  = 122912730                              {pd product} {ergonomic}
    uintx ProfiledCodeHeapSize                     = 122912730                              {pd product} {ergonomic}
    uintx ReservedCodeCacheSize                    = 251658240                              {pd product} {ergonomic}
     bool SegmentedCodeCache                       = true                                      {product} {ergonomic}
   size_t SoftMaxHeapSize                          = 67108864                               {manageable} {ergonomic}
     bool UseCompressedClassPointers               = true                           {product lp64_product} {ergonomic}
     bool UseCompressedOops                        = true                           {product lp64_product} {ergonomic}
     bool UseG1GC                                  = true                                      {product} {ergonomic}
     bool UseLargePagesIndividualAllocation        = false                                  {pd product} {ergonomic}

Logging:
Log output configuration:
 #0: stdout all=warning uptime,level,tags
 #1: stderr all=off uptime,level,tags

Environment Variables:
JAVA_HOME=C:\Program Files\Eclipse Adoptium\jdk-17.0.15+6
PATH=C:\Users\AGOUROU GUSTAVE\Downloads\apache-maven-3.9.9-bin\apache-maven-3.9.9\bin;C:\Program Files\Eclipse Adoptium\jdk-17.0.15+6\bin;C:\Program Files\Common Files\Oracle\Java\javapath;C:\Program Files (x86)\Intel\iCLS Client\;C:\Program Files\Intel\iCLS Client\;C:\WINDOWS\system32;C:\WINDOWS;C:\WINDOWS\System32\Wbem;C:\WINDOWS\System32\WindowsPowerShell\v1.0\;C:\WINDOWS\System32\OpenSSH\;C:\Program Files (x86)\Intel\Intel(R) Management Engine Components\DAL;C:\Program Files\Intel\Intel(R) Management Engine Components\DAL;C:\Program Files (x86)\Intel\Intel(R) Management Engine Components\IPT;C:\Program Files\Intel\Intel(R) Management Engine Components\IPT;C:\Users\AGOUROU GUSTAVE\Downloads\platform-tools_r34.0.3-windows\platform-tools;C:\Program Files\mingw64\bin;C:\Program Files\Git\cmd;C:\Program Files\apache-maven-3.9.9\bin;C:\Program Files\JavaUSBComplete\bin;C:\Windows\Installer\{5D847F4E-C86E-4EEC-8E84-E13E00C48891};C:\Program Files\MySQL\MySQL Server 8.0\bin;C:\Program Files\OpenSSL-Win64\bin;C:\railway\;C:\Users\AGOUROU GUSTAVE\Desktop\Microsoft VS Code\bin;C:\railway\;C:\Program Files\MongoDB\Server\8.0\bin;C:\Program Files\nodejs\;C:\Users\AGOUROU GUSTAVE\AppData\Roaming\npm;;C:\Program Files\Docker\Docker\resources\bin;;C:\Users\AGOUROU GUSTAVE\Desktop\Microsoft VS Code\bin;C:\Users\AGOUROU GUSTAVE\AppData\Local\Programs\mongosh\;C:\Users\AGOUROU GUSTAVE\AppData\Roaming\npm
USERNAME=AGOUROU GUSTAVE
OS=Windows_NT
PROCESSOR_IDENTIFIER=Intel64 Family 6 Model 61 Stepping 4, GenuineIntel
TMP=C:\Users\AGOURO~1\AppData\Local\Temp
TEMP=C:\Users\AGOURO~1\AppData\Local\Temp



Periodic native trim disabled


---------------  S Y S T E M  ---------------

OS:
 Windows 10 , 64 bit Build 19041 (10.0.19041.5915)
OS uptime: 13 days 19:47 hours
Hyper-V role detected

CPU: total 4 (initial active 4) (2 cores per cpu, 2 threads per core) family 6 model 61 stepping 4 microcode 0x2d, cx8, cmov, fxsr, ht, mmx, 3dnowpref, sse, sse2, sse3, ssse3, sse4.1, sse4.2, popcnt, lzcnt, tsc, tscinvbit, avx, avx2, aes, erms, clmul, bmi1, bmi2, adx, fma, vzeroupper, clflush, hv
Processor Information for all 4 processors :
  Max Mhz: 1995, Current Mhz: 1995, Mhz Limit: 1995

Memory: 4k page, system-wide physical 3997M (234M free)
TotalPageFile size 16285M (AvailPageFile size 7M)
current process WorkingSet (physical memory assigned to process): 9M, peak: 9M
current process commit charge ("private bytes"): 13M, peak: 14M

vm_info: OpenJDK 64-Bit Server VM (17.0.15+6) for windows-amd64 JRE (17.0.15+6), built on Apr 15 2025 21:25:47 by "admin" with MS VC++ 17.7 (VS2022)

END.
