#
# There is insufficient memory for the Java Runtime Environment to continue.
# Native memory allocation (malloc) failed to allocate 587328 bytes. Error detail: Chunk::new
# Possible reasons:
#   The system is out of physical RAM or swap space
#   This process is running with CompressedOops enabled, and the Java Heap may be blocking the growth of the native heap
# Possible solutions:
#   Reduce memory load on the system
#   Increase physical memory or swap space
#   Check if swap backing store is full
#   Decrease Java heap size (-Xmx/-Xms)
#   Decrease number of Java threads
#   Decrease Java thread stack sizes (-Xss)
#   Set larger code cache with -XX:ReservedCodeCacheSize=
#   JVM is running with Zero Based Compressed Oops mode in which the Java heap is
#     placed in the first 32GB address space. The Java Heap base address is the
#     maximum limit for the native heap growth. Please use -XX:HeapBaseMinAddress
#     to set the Java Heap base and to place the Java Heap above 32GB virtual address.
# This output file may be truncated or incomplete.
#
#  Out of Memory Error (arena.cpp:168), pid=4496, tid=15476
#
# JRE version: OpenJDK Runtime Environment Temurin-21.0.8+9 (21.0.8+9) (build 21.0.8+9-LTS)
# Java VM: OpenJDK 64-Bit Server VM Temurin-21.0.8+9 (21.0.8+9-LTS, mixed mode, sharing, tiered, compressed oops, compressed class ptrs, g1 gc, windows-amd64)
# No core dump will be written. Minidumps are not enabled by default on client versions of Windows
#

---------------  S U M M A R Y ------------

Command Line: --add-modules=ALL-SYSTEM --add-opens=java.base/java.util=ALL-UNNAMED --add-opens=java.base/java.lang=ALL-UNNAMED --add-opens=java.base/sun.nio.fs=ALL-UNNAMED -Declipse.application=org.eclipse.jdt.ls.core.id1 -Dosgi.bundles.defaultStartLevel=4 -Declipse.product=org.eclipse.jdt.ls.core.product -Djava.import.generatesMetadataFilesAtProjectRoot=false -DDetectVMInstallationsJob.disabled=true -Dfile.encoding=utf8 -Xlog:disable -Xmx4G -Xms512M -javaagent:c:\Users\AGOUROU GUSTAVE\.vscode\extensions\redhat.java-1.45.2025080808-win32-x64\lombok\lombok-1.18.39-4050.jar c:\Users\AGOUROU GUSTAVE\.vscode\extensions\redhat.java-1.45.2025080808-win32-x64\server\plugins\org.eclipse.equinox.launcher_1.7.0.v20250519-0528.jar -configuration c:\Users\AGOUROU GUSTAVE\AppData\Roaming\Code\User\globalStorage\redhat.java\1.45.2025080808\config_ss_win -data c:\Users\AGOUROU GUSTAVE\AppData\Roaming\Code\User\workspaceStorage\8cb58bd27ca4cd84a0a9fd64c2eadf01\redhat.java\ss_ws --pipe=\\.\pipe\lsp-faa49317d188a8e09b18350675f9d839-sock

Host: Intel(R) Core(TM) i3-5005U CPU @ 2.00GHz, 4 cores, 3G,  Windows 10 , 64 bit Build 19041 (10.0.19041.5915)
Time: Wed Aug 13 14:05:56 2025 elapsed time: 4.843704 seconds (0d 0h 0m 4s)

---------------  T H R E A D  ---------------

Current thread (0x000002173f2f9170):  JavaThread "C2 CompilerThread0" daemon [_thread_in_native, id=15476, stack(0x000000842a700000,0x000000842a800000) (1024K)]


Current CompileTask:
C2:4843 1315       4       java.io.DataInputStream::readUTF (501 bytes)

Stack: [0x000000842a700000,0x000000842a800000]
Native frames: (J=compiled Java code, j=interpreted, Vv=VM code, C=native code)
V  [jvm.dll+0x6d2449]
V  [jvm.dll+0x8ae341]
V  [jvm.dll+0x8b08be]
V  [jvm.dll+0x8b0fa3]
V  [jvm.dll+0x280c96]
V  [jvm.dll+0xc581d]
V  [jvm.dll+0xc5d53]
V  [jvm.dll+0x3b919c]
V  [jvm.dll+0x385315]
V  [jvm.dll+0x38477a]
V  [jvm.dll+0x248ed0]
V  [jvm.dll+0x2484af]
V  [jvm.dll+0x1c89ee]
V  [jvm.dll+0x257d4d]
V  [jvm.dll+0x2562ea]
V  [jvm.dll+0x3f2d16]
V  [jvm.dll+0x857e6b]
V  [jvm.dll+0x6d0b0d]
C  [ucrtbase.dll+0x21bb2]
C  [KERNEL32.DLL+0x17374]
C  [ntdll.dll+0x4cc91]


---------------  P R O C E S S  ---------------

Threads class SMR info:
_java_thread_list=0x000002173f531500, length=11, elements={
0x00000217239d6300, 0x000002173f2edc50, 0x000002173f2ef2b0, 0x000002173f2f4ba0,
0x000002173f2f6600, 0x000002173f2f7050, 0x000002173f2f7aa0, 0x000002173f2f9170,
0x000002173f30e240, 0x000002173f401660, 0x000002173f63de60
}

Java Threads: ( => current thread )
  0x00000217239d6300 JavaThread "main"                              [_thread_in_Java, id=24660, stack(0x0000008429900000,0x0000008429a00000) (1024K)]
  0x000002173f2edc50 JavaThread "Reference Handler"          daemon [_thread_blocked, id=23056, stack(0x000000842a100000,0x000000842a200000) (1024K)]
  0x000002173f2ef2b0 JavaThread "Finalizer"                  daemon [_thread_blocked, id=3200, stack(0x000000842a200000,0x000000842a300000) (1024K)]
  0x000002173f2f4ba0 JavaThread "Signal Dispatcher"          daemon [_thread_blocked, id=16264, stack(0x000000842a300000,0x000000842a400000) (1024K)]
  0x000002173f2f6600 JavaThread "Attach Listener"            daemon [_thread_blocked, id=7220, stack(0x000000842a400000,0x000000842a500000) (1024K)]
  0x000002173f2f7050 JavaThread "Service Thread"             daemon [_thread_blocked, id=8324, stack(0x000000842a500000,0x000000842a600000) (1024K)]
  0x000002173f2f7aa0 JavaThread "Monitor Deflation Thread"   daemon [_thread_blocked, id=13196, stack(0x000000842a600000,0x000000842a700000) (1024K)]
=>0x000002173f2f9170 JavaThread "C2 CompilerThread0"         daemon [_thread_in_native, id=15476, stack(0x000000842a700000,0x000000842a800000) (1024K)]
  0x000002173f30e240 JavaThread "C1 CompilerThread0"         daemon [_thread_blocked, id=21212, stack(0x000000842a800000,0x000000842a900000) (1024K)]
  0x000002173f401660 JavaThread "Common-Cleaner"             daemon [_thread_blocked, id=7184, stack(0x000000842a900000,0x000000842aa00000) (1024K)]
  0x000002173f63de60 JavaThread "Notification Thread"        daemon [_thread_blocked, id=24464, stack(0x000000842aa00000,0x000000842ab00000) (1024K)]
Total: 11

Other Threads:
  0x000002173f2d6aa0 VMThread "VM Thread"                           [id=21320, stack(0x000000842a000000,0x000000842a100000) (1024K)]
  0x000002173f2c1ed0 WatcherThread "VM Periodic Task Thread"        [id=8676, stack(0x0000008429f00000,0x000000842a000000) (1024K)]
  0x0000021725c0dd80 WorkerThread "GC Thread#0"                     [id=21096, stack(0x0000008429a00000,0x0000008429b00000) (1024K)]
  0x000002173facab90 WorkerThread "GC Thread#1"                     [id=13992, stack(0x000000842ab00000,0x000000842ac00000) (1024K)]
  0x000002173fa8dec0 WorkerThread "GC Thread#2"                     [id=7272, stack(0x000000842ac00000,0x000000842ad00000) (1024K)]
  0x000002173fa8e260 WorkerThread "GC Thread#3"                     [id=17744, stack(0x000000842ad00000,0x000000842ae00000) (1024K)]
  0x0000021725c204d0 ConcurrentGCThread "G1 Main Marker"            [id=17936, stack(0x0000008429b00000,0x0000008429c00000) (1024K)]
  0x0000021725c20de0 WorkerThread "G1 Conc#0"                       [id=7812, stack(0x0000008429c00000,0x0000008429d00000) (1024K)]
  0x0000021725c6e940 ConcurrentGCThread "G1 Refine#0"               [id=6964, stack(0x0000008429d00000,0x0000008429e00000) (1024K)]
  0x000002173f190e70 ConcurrentGCThread "G1 Service"                [id=4544, stack(0x0000008429e00000,0x0000008429f00000) (1024K)]
Total: 10

Threads with active compile tasks:
C2 CompilerThread0  4903 1315       4       java.io.DataInputStream::readUTF (501 bytes)
Total: 1

VM state: not at safepoint (normal execution)

VM Mutex/Monitor currently owned by a thread: None

Heap address: 0x0000000700000000, size: 4096 MB, Compressed Oops mode: Zero based, Oop shift amount: 3

CDS archive(s) mapped at: [0x0000021740000000-0x0000021740ba0000-0x0000021740ba0000), size 12189696, SharedBaseAddress: 0x0000021740000000, ArchiveRelocationMode: 1.
Compressed class space mapped at: 0x0000021741000000-0x0000021781000000, reserved size: 1073741824
Narrow klass base: 0x0000021740000000, Narrow klass shift: 0, Narrow klass range: 0x100000000

GC Precious Log:
 CardTable entry size: 512
 Card Set container configuration: InlinePtr #cards 4 size 8 Array Of Cards #cards 16 size 48 Howl #buckets 8 coarsen threshold 3686 Howl Bitmap #cards 512 size 80 coarsen threshold 460 Card regions per heap region 1 cards per card region 4096
 CPUs: 4 total, 4 available
 Memory: 3997M
 Large Page Support: Disabled
 NUMA Support: Disabled
 Compressed Oops: Enabled (Zero based)
 Heap Region Size: 2M
 Heap Min Capacity: 512M
 Heap Initial Capacity: 512M
 Heap Max Capacity: 4G
 Pre-touch: Disabled
 Parallel Workers: 4
 Concurrent Workers: 1
 Concurrent Refinement Workers: 4
 Periodic GC: Disabled

Heap:
 garbage-first heap   total 524288K, used 10240K [0x0000000700000000, 0x0000000800000000)
  region size 2048K, 7 young (14336K), 2 survivors (4096K)
 Metaspace       used 5882K, committed 6144K, reserved 1114112K
  class space    used 607K, committed 768K, reserved 1048576K

Heap Regions: E=young(eden), S=young(survivor), O=old, HS=humongous(starts), HC=humongous(continues), CS=collection set, F=free, TAMS=top-at-mark-start, PB=parsable bottom
|   0|0x0000000700000000, 0x0000000700000000, 0x0000000700200000|  0%| F|  |TAMS 0x0000000700000000| PB 0x0000000700000000| Untracked 
|   1|0x0000000700200000, 0x0000000700200000, 0x0000000700400000|  0%| F|  |TAMS 0x0000000700200000| PB 0x0000000700200000| Untracked 
|   2|0x0000000700400000, 0x0000000700400000, 0x0000000700600000|  0%| F|  |TAMS 0x0000000700400000| PB 0x0000000700400000| Untracked 
|   3|0x0000000700600000, 0x0000000700600000, 0x0000000700800000|  0%| F|  |TAMS 0x0000000700600000| PB 0x0000000700600000| Untracked 
|   4|0x0000000700800000, 0x0000000700800000, 0x0000000700a00000|  0%| F|  |TAMS 0x0000000700800000| PB 0x0000000700800000| Untracked 
|   5|0x0000000700a00000, 0x0000000700a00000, 0x0000000700c00000|  0%| F|  |TAMS 0x0000000700a00000| PB 0x0000000700a00000| Untracked 
|   6|0x0000000700c00000, 0x0000000700c00000, 0x0000000700e00000|  0%| F|  |TAMS 0x0000000700c00000| PB 0x0000000700c00000| Untracked 
|   7|0x0000000700e00000, 0x0000000700e00000, 0x0000000701000000|  0%| F|  |TAMS 0x0000000700e00000| PB 0x0000000700e00000| Untracked 
|   8|0x0000000701000000, 0x0000000701000000, 0x0000000701200000|  0%| F|  |TAMS 0x0000000701000000| PB 0x0000000701000000| Untracked 
|   9|0x0000000701200000, 0x0000000701200000, 0x0000000701400000|  0%| F|  |TAMS 0x0000000701200000| PB 0x0000000701200000| Untracked 
|  10|0x0000000701400000, 0x0000000701400000, 0x0000000701600000|  0%| F|  |TAMS 0x0000000701400000| PB 0x0000000701400000| Untracked 
|  11|0x0000000701600000, 0x0000000701600000, 0x0000000701800000|  0%| F|  |TAMS 0x0000000701600000| PB 0x0000000701600000| Untracked 
|  12|0x0000000701800000, 0x0000000701800000, 0x0000000701a00000|  0%| F|  |TAMS 0x0000000701800000| PB 0x0000000701800000| Untracked 
|  13|0x0000000701a00000, 0x0000000701a00000, 0x0000000701c00000|  0%| F|  |TAMS 0x0000000701a00000| PB 0x0000000701a00000| Untracked 
|  14|0x0000000701c00000, 0x0000000701c00000, 0x0000000701e00000|  0%| F|  |TAMS 0x0000000701c00000| PB 0x0000000701c00000| Untracked 
|  15|0x0000000701e00000, 0x0000000701e00000, 0x0000000702000000|  0%| F|  |TAMS 0x0000000701e00000| PB 0x0000000701e00000| Untracked 
|  16|0x0000000702000000, 0x0000000702000000, 0x0000000702200000|  0%| F|  |TAMS 0x0000000702000000| PB 0x0000000702000000| Untracked 
|  17|0x0000000702200000, 0x0000000702200000, 0x0000000702400000|  0%| F|  |TAMS 0x0000000702200000| PB 0x0000000702200000| Untracked 
|  18|0x0000000702400000, 0x0000000702400000, 0x0000000702600000|  0%| F|  |TAMS 0x0000000702400000| PB 0x0000000702400000| Untracked 
|  19|0x0000000702600000, 0x0000000702600000, 0x0000000702800000|  0%| F|  |TAMS 0x0000000702600000| PB 0x0000000702600000| Untracked 
|  20|0x0000000702800000, 0x0000000702800000, 0x0000000702a00000|  0%| F|  |TAMS 0x0000000702800000| PB 0x0000000702800000| Untracked 
|  21|0x0000000702a00000, 0x0000000702a00000, 0x0000000702c00000|  0%| F|  |TAMS 0x0000000702a00000| PB 0x0000000702a00000| Untracked 
|  22|0x0000000702c00000, 0x0000000702c00000, 0x0000000702e00000|  0%| F|  |TAMS 0x0000000702c00000| PB 0x0000000702c00000| Untracked 
|  23|0x0000000702e00000, 0x0000000702e00000, 0x0000000703000000|  0%| F|  |TAMS 0x0000000702e00000| PB 0x0000000702e00000| Untracked 
|  24|0x0000000703000000, 0x0000000703000000, 0x0000000703200000|  0%| F|  |TAMS 0x0000000703000000| PB 0x0000000703000000| Untracked 
|  25|0x0000000703200000, 0x0000000703200000, 0x0000000703400000|  0%| F|  |TAMS 0x0000000703200000| PB 0x0000000703200000| Untracked 
|  26|0x0000000703400000, 0x0000000703400000, 0x0000000703600000|  0%| F|  |TAMS 0x0000000703400000| PB 0x0000000703400000| Untracked 
|  27|0x0000000703600000, 0x0000000703600000, 0x0000000703800000|  0%| F|  |TAMS 0x0000000703600000| PB 0x0000000703600000| Untracked 
|  28|0x0000000703800000, 0x0000000703800000, 0x0000000703a00000|  0%| F|  |TAMS 0x0000000703800000| PB 0x0000000703800000| Untracked 
|  29|0x0000000703a00000, 0x0000000703a00000, 0x0000000703c00000|  0%| F|  |TAMS 0x0000000703a00000| PB 0x0000000703a00000| Untracked 
|  30|0x0000000703c00000, 0x0000000703c00000, 0x0000000703e00000|  0%| F|  |TAMS 0x0000000703c00000| PB 0x0000000703c00000| Untracked 
|  31|0x0000000703e00000, 0x0000000703e00000, 0x0000000704000000|  0%| F|  |TAMS 0x0000000703e00000| PB 0x0000000703e00000| Untracked 
|  32|0x0000000704000000, 0x0000000704000000, 0x0000000704200000|  0%| F|  |TAMS 0x0000000704000000| PB 0x0000000704000000| Untracked 
|  33|0x0000000704200000, 0x0000000704200000, 0x0000000704400000|  0%| F|  |TAMS 0x0000000704200000| PB 0x0000000704200000| Untracked 
|  34|0x0000000704400000, 0x0000000704400000, 0x0000000704600000|  0%| F|  |TAMS 0x0000000704400000| PB 0x0000000704400000| Untracked 
|  35|0x0000000704600000, 0x0000000704600000, 0x0000000704800000|  0%| F|  |TAMS 0x0000000704600000| PB 0x0000000704600000| Untracked 
|  36|0x0000000704800000, 0x0000000704800000, 0x0000000704a00000|  0%| F|  |TAMS 0x0000000704800000| PB 0x0000000704800000| Untracked 
|  37|0x0000000704a00000, 0x0000000704a00000, 0x0000000704c00000|  0%| F|  |TAMS 0x0000000704a00000| PB 0x0000000704a00000| Untracked 
|  38|0x0000000704c00000, 0x0000000704c00000, 0x0000000704e00000|  0%| F|  |TAMS 0x0000000704c00000| PB 0x0000000704c00000| Untracked 
|  39|0x0000000704e00000, 0x0000000704e00000, 0x0000000705000000|  0%| F|  |TAMS 0x0000000704e00000| PB 0x0000000704e00000| Untracked 
|  40|0x0000000705000000, 0x0000000705000000, 0x0000000705200000|  0%| F|  |TAMS 0x0000000705000000| PB 0x0000000705000000| Untracked 
|  41|0x0000000705200000, 0x0000000705200000, 0x0000000705400000|  0%| F|  |TAMS 0x0000000705200000| PB 0x0000000705200000| Untracked 
|  42|0x0000000705400000, 0x0000000705400000, 0x0000000705600000|  0%| F|  |TAMS 0x0000000705400000| PB 0x0000000705400000| Untracked 
|  43|0x0000000705600000, 0x0000000705600000, 0x0000000705800000|  0%| F|  |TAMS 0x0000000705600000| PB 0x0000000705600000| Untracked 
|  44|0x0000000705800000, 0x0000000705800000, 0x0000000705a00000|  0%| F|  |TAMS 0x0000000705800000| PB 0x0000000705800000| Untracked 
|  45|0x0000000705a00000, 0x0000000705a00000, 0x0000000705c00000|  0%| F|  |TAMS 0x0000000705a00000| PB 0x0000000705a00000| Untracked 
|  46|0x0000000705c00000, 0x0000000705c00000, 0x0000000705e00000|  0%| F|  |TAMS 0x0000000705c00000| PB 0x0000000705c00000| Untracked 
|  47|0x0000000705e00000, 0x0000000705e00000, 0x0000000706000000|  0%| F|  |TAMS 0x0000000705e00000| PB 0x0000000705e00000| Untracked 
|  48|0x0000000706000000, 0x0000000706000000, 0x0000000706200000|  0%| F|  |TAMS 0x0000000706000000| PB 0x0000000706000000| Untracked 
|  49|0x0000000706200000, 0x0000000706200000, 0x0000000706400000|  0%| F|  |TAMS 0x0000000706200000| PB 0x0000000706200000| Untracked 
|  50|0x0000000706400000, 0x0000000706400000, 0x0000000706600000|  0%| F|  |TAMS 0x0000000706400000| PB 0x0000000706400000| Untracked 
|  51|0x0000000706600000, 0x0000000706600000, 0x0000000706800000|  0%| F|  |TAMS 0x0000000706600000| PB 0x0000000706600000| Untracked 
|  52|0x0000000706800000, 0x0000000706800000, 0x0000000706a00000|  0%| F|  |TAMS 0x0000000706800000| PB 0x0000000706800000| Untracked 
|  53|0x0000000706a00000, 0x0000000706a00000, 0x0000000706c00000|  0%| F|  |TAMS 0x0000000706a00000| PB 0x0000000706a00000| Untracked 
|  54|0x0000000706c00000, 0x0000000706c00000, 0x0000000706e00000|  0%| F|  |TAMS 0x0000000706c00000| PB 0x0000000706c00000| Untracked 
|  55|0x0000000706e00000, 0x0000000706e00000, 0x0000000707000000|  0%| F|  |TAMS 0x0000000706e00000| PB 0x0000000706e00000| Untracked 
|  56|0x0000000707000000, 0x0000000707000000, 0x0000000707200000|  0%| F|  |TAMS 0x0000000707000000| PB 0x0000000707000000| Untracked 
|  57|0x0000000707200000, 0x0000000707200000, 0x0000000707400000|  0%| F|  |TAMS 0x0000000707200000| PB 0x0000000707200000| Untracked 
|  58|0x0000000707400000, 0x0000000707400000, 0x0000000707600000|  0%| F|  |TAMS 0x0000000707400000| PB 0x0000000707400000| Untracked 
|  59|0x0000000707600000, 0x0000000707600000, 0x0000000707800000|  0%| F|  |TAMS 0x0000000707600000| PB 0x0000000707600000| Untracked 
|  60|0x0000000707800000, 0x0000000707800000, 0x0000000707a00000|  0%| F|  |TAMS 0x0000000707800000| PB 0x0000000707800000| Untracked 
|  61|0x0000000707a00000, 0x0000000707a00000, 0x0000000707c00000|  0%| F|  |TAMS 0x0000000707a00000| PB 0x0000000707a00000| Untracked 
|  62|0x0000000707c00000, 0x0000000707c00000, 0x0000000707e00000|  0%| F|  |TAMS 0x0000000707c00000| PB 0x0000000707c00000| Untracked 
|  63|0x0000000707e00000, 0x0000000707e00000, 0x0000000708000000|  0%| F|  |TAMS 0x0000000707e00000| PB 0x0000000707e00000| Untracked 
|  64|0x0000000708000000, 0x0000000708000000, 0x0000000708200000|  0%| F|  |TAMS 0x0000000708000000| PB 0x0000000708000000| Untracked 
|  65|0x0000000708200000, 0x0000000708200000, 0x0000000708400000|  0%| F|  |TAMS 0x0000000708200000| PB 0x0000000708200000| Untracked 
|  66|0x0000000708400000, 0x0000000708400000, 0x0000000708600000|  0%| F|  |TAMS 0x0000000708400000| PB 0x0000000708400000| Untracked 
|  67|0x0000000708600000, 0x0000000708600000, 0x0000000708800000|  0%| F|  |TAMS 0x0000000708600000| PB 0x0000000708600000| Untracked 
|  68|0x0000000708800000, 0x0000000708800000, 0x0000000708a00000|  0%| F|  |TAMS 0x0000000708800000| PB 0x0000000708800000| Untracked 
|  69|0x0000000708a00000, 0x0000000708a00000, 0x0000000708c00000|  0%| F|  |TAMS 0x0000000708a00000| PB 0x0000000708a00000| Untracked 
|  70|0x0000000708c00000, 0x0000000708c00000, 0x0000000708e00000|  0%| F|  |TAMS 0x0000000708c00000| PB 0x0000000708c00000| Untracked 
|  71|0x0000000708e00000, 0x0000000708e00000, 0x0000000709000000|  0%| F|  |TAMS 0x0000000708e00000| PB 0x0000000708e00000| Untracked 
|  72|0x0000000709000000, 0x0000000709000000, 0x0000000709200000|  0%| F|  |TAMS 0x0000000709000000| PB 0x0000000709000000| Untracked 
|  73|0x0000000709200000, 0x0000000709200000, 0x0000000709400000|  0%| F|  |TAMS 0x0000000709200000| PB 0x0000000709200000| Untracked 
|  74|0x0000000709400000, 0x0000000709400000, 0x0000000709600000|  0%| F|  |TAMS 0x0000000709400000| PB 0x0000000709400000| Untracked 
|  75|0x0000000709600000, 0x0000000709600000, 0x0000000709800000|  0%| F|  |TAMS 0x0000000709600000| PB 0x0000000709600000| Untracked 
|  76|0x0000000709800000, 0x0000000709800000, 0x0000000709a00000|  0%| F|  |TAMS 0x0000000709800000| PB 0x0000000709800000| Untracked 
|  77|0x0000000709a00000, 0x0000000709a00000, 0x0000000709c00000|  0%| F|  |TAMS 0x0000000709a00000| PB 0x0000000709a00000| Untracked 
|  78|0x0000000709c00000, 0x0000000709c00000, 0x0000000709e00000|  0%| F|  |TAMS 0x0000000709c00000| PB 0x0000000709c00000| Untracked 
|  79|0x0000000709e00000, 0x0000000709e00000, 0x000000070a000000|  0%| F|  |TAMS 0x0000000709e00000| PB 0x0000000709e00000| Untracked 
|  80|0x000000070a000000, 0x000000070a000000, 0x000000070a200000|  0%| F|  |TAMS 0x000000070a000000| PB 0x000000070a000000| Untracked 
|  81|0x000000070a200000, 0x000000070a200000, 0x000000070a400000|  0%| F|  |TAMS 0x000000070a200000| PB 0x000000070a200000| Untracked 
|  82|0x000000070a400000, 0x000000070a400000, 0x000000070a600000|  0%| F|  |TAMS 0x000000070a400000| PB 0x000000070a400000| Untracked 
|  83|0x000000070a600000, 0x000000070a600000, 0x000000070a800000|  0%| F|  |TAMS 0x000000070a600000| PB 0x000000070a600000| Untracked 
|  84|0x000000070a800000, 0x000000070a800000, 0x000000070aa00000|  0%| F|  |TAMS 0x000000070a800000| PB 0x000000070a800000| Untracked 
|  85|0x000000070aa00000, 0x000000070aa00000, 0x000000070ac00000|  0%| F|  |TAMS 0x000000070aa00000| PB 0x000000070aa00000| Untracked 
|  86|0x000000070ac00000, 0x000000070ac00000, 0x000000070ae00000|  0%| F|  |TAMS 0x000000070ac00000| PB 0x000000070ac00000| Untracked 
|  87|0x000000070ae00000, 0x000000070ae00000, 0x000000070b000000|  0%| F|  |TAMS 0x000000070ae00000| PB 0x000000070ae00000| Untracked 
|  88|0x000000070b000000, 0x000000070b000000, 0x000000070b200000|  0%| F|  |TAMS 0x000000070b000000| PB 0x000000070b000000| Untracked 
|  89|0x000000070b200000, 0x000000070b200000, 0x000000070b400000|  0%| F|  |TAMS 0x000000070b200000| PB 0x000000070b200000| Untracked 
|  90|0x000000070b400000, 0x000000070b400000, 0x000000070b600000|  0%| F|  |TAMS 0x000000070b400000| PB 0x000000070b400000| Untracked 
|  91|0x000000070b600000, 0x000000070b600000, 0x000000070b800000|  0%| F|  |TAMS 0x000000070b600000| PB 0x000000070b600000| Untracked 
|  92|0x000000070b800000, 0x000000070b800000, 0x000000070ba00000|  0%| F|  |TAMS 0x000000070b800000| PB 0x000000070b800000| Untracked 
|  93|0x000000070ba00000, 0x000000070ba00000, 0x000000070bc00000|  0%| F|  |TAMS 0x000000070ba00000| PB 0x000000070ba00000| Untracked 
|  94|0x000000070bc00000, 0x000000070bc00000, 0x000000070be00000|  0%| F|  |TAMS 0x000000070bc00000| PB 0x000000070bc00000| Untracked 
|  95|0x000000070be00000, 0x000000070be00000, 0x000000070c000000|  0%| F|  |TAMS 0x000000070be00000| PB 0x000000070be00000| Untracked 
|  96|0x000000070c000000, 0x000000070c000000, 0x000000070c200000|  0%| F|  |TAMS 0x000000070c000000| PB 0x000000070c000000| Untracked 
|  97|0x000000070c200000, 0x000000070c200000, 0x000000070c400000|  0%| F|  |TAMS 0x000000070c200000| PB 0x000000070c200000| Untracked 
|  98|0x000000070c400000, 0x000000070c400000, 0x000000070c600000|  0%| F|  |TAMS 0x000000070c400000| PB 0x000000070c400000| Untracked 
|  99|0x000000070c600000, 0x000000070c600000, 0x000000070c800000|  0%| F|  |TAMS 0x000000070c600000| PB 0x000000070c600000| Untracked 
| 100|0x000000070c800000, 0x000000070c800000, 0x000000070ca00000|  0%| F|  |TAMS 0x000000070c800000| PB 0x000000070c800000| Untracked 
| 101|0x000000070ca00000, 0x000000070ca00000, 0x000000070cc00000|  0%| F|  |TAMS 0x000000070ca00000| PB 0x000000070ca00000| Untracked 
| 102|0x000000070cc00000, 0x000000070cc00000, 0x000000070ce00000|  0%| F|  |TAMS 0x000000070cc00000| PB 0x000000070cc00000| Untracked 
| 103|0x000000070ce00000, 0x000000070ce00000, 0x000000070d000000|  0%| F|  |TAMS 0x000000070ce00000| PB 0x000000070ce00000| Untracked 
| 104|0x000000070d000000, 0x000000070d000000, 0x000000070d200000|  0%| F|  |TAMS 0x000000070d000000| PB 0x000000070d000000| Untracked 
| 105|0x000000070d200000, 0x000000070d200000, 0x000000070d400000|  0%| F|  |TAMS 0x000000070d200000| PB 0x000000070d200000| Untracked 
| 106|0x000000070d400000, 0x000000070d400000, 0x000000070d600000|  0%| F|  |TAMS 0x000000070d400000| PB 0x000000070d400000| Untracked 
| 107|0x000000070d600000, 0x000000070d600000, 0x000000070d800000|  0%| F|  |TAMS 0x000000070d600000| PB 0x000000070d600000| Untracked 
| 108|0x000000070d800000, 0x000000070d800000, 0x000000070da00000|  0%| F|  |TAMS 0x000000070d800000| PB 0x000000070d800000| Untracked 
| 109|0x000000070da00000, 0x000000070da00000, 0x000000070dc00000|  0%| F|  |TAMS 0x000000070da00000| PB 0x000000070da00000| Untracked 
| 110|0x000000070dc00000, 0x000000070dc00000, 0x000000070de00000|  0%| F|  |TAMS 0x000000070dc00000| PB 0x000000070dc00000| Untracked 
| 111|0x000000070de00000, 0x000000070de00000, 0x000000070e000000|  0%| F|  |TAMS 0x000000070de00000| PB 0x000000070de00000| Untracked 
| 112|0x000000070e000000, 0x000000070e000000, 0x000000070e200000|  0%| F|  |TAMS 0x000000070e000000| PB 0x000000070e000000| Untracked 
| 113|0x000000070e200000, 0x000000070e200000, 0x000000070e400000|  0%| F|  |TAMS 0x000000070e200000| PB 0x000000070e200000| Untracked 
| 114|0x000000070e400000, 0x000000070e400000, 0x000000070e600000|  0%| F|  |TAMS 0x000000070e400000| PB 0x000000070e400000| Untracked 
| 115|0x000000070e600000, 0x000000070e600000, 0x000000070e800000|  0%| F|  |TAMS 0x000000070e600000| PB 0x000000070e600000| Untracked 
| 116|0x000000070e800000, 0x000000070e800000, 0x000000070ea00000|  0%| F|  |TAMS 0x000000070e800000| PB 0x000000070e800000| Untracked 
| 117|0x000000070ea00000, 0x000000070ea00000, 0x000000070ec00000|  0%| F|  |TAMS 0x000000070ea00000| PB 0x000000070ea00000| Untracked 
| 118|0x000000070ec00000, 0x000000070ec00000, 0x000000070ee00000|  0%| F|  |TAMS 0x000000070ec00000| PB 0x000000070ec00000| Untracked 
| 119|0x000000070ee00000, 0x000000070ee00000, 0x000000070f000000|  0%| F|  |TAMS 0x000000070ee00000| PB 0x000000070ee00000| Untracked 
| 120|0x000000070f000000, 0x000000070f000000, 0x000000070f200000|  0%| F|  |TAMS 0x000000070f000000| PB 0x000000070f000000| Untracked 
| 121|0x000000070f200000, 0x000000070f200000, 0x000000070f400000|  0%| F|  |TAMS 0x000000070f200000| PB 0x000000070f200000| Untracked 
| 122|0x000000070f400000, 0x000000070f400000, 0x000000070f600000|  0%| F|  |TAMS 0x000000070f400000| PB 0x000000070f400000| Untracked 
| 123|0x000000070f600000, 0x000000070f600000, 0x000000070f800000|  0%| F|  |TAMS 0x000000070f600000| PB 0x000000070f600000| Untracked 
| 124|0x000000070f800000, 0x000000070f800000, 0x000000070fa00000|  0%| F|  |TAMS 0x000000070f800000| PB 0x000000070f800000| Untracked 
| 125|0x000000070fa00000, 0x000000070fa00000, 0x000000070fc00000|  0%| F|  |TAMS 0x000000070fa00000| PB 0x000000070fa00000| Untracked 
| 126|0x000000070fc00000, 0x000000070fc00000, 0x000000070fe00000|  0%| F|  |TAMS 0x000000070fc00000| PB 0x000000070fc00000| Untracked 
| 127|0x000000070fe00000, 0x000000070fe00000, 0x0000000710000000|  0%| F|  |TAMS 0x000000070fe00000| PB 0x000000070fe00000| Untracked 
| 128|0x0000000710000000, 0x0000000710000000, 0x0000000710200000|  0%| F|  |TAMS 0x0000000710000000| PB 0x0000000710000000| Untracked 
| 129|0x0000000710200000, 0x0000000710200000, 0x0000000710400000|  0%| F|  |TAMS 0x0000000710200000| PB 0x0000000710200000| Untracked 
| 130|0x0000000710400000, 0x0000000710400000, 0x0000000710600000|  0%| F|  |TAMS 0x0000000710400000| PB 0x0000000710400000| Untracked 
| 131|0x0000000710600000, 0x0000000710600000, 0x0000000710800000|  0%| F|  |TAMS 0x0000000710600000| PB 0x0000000710600000| Untracked 
| 132|0x0000000710800000, 0x0000000710800000, 0x0000000710a00000|  0%| F|  |TAMS 0x0000000710800000| PB 0x0000000710800000| Untracked 
| 133|0x0000000710a00000, 0x0000000710a00000, 0x0000000710c00000|  0%| F|  |TAMS 0x0000000710a00000| PB 0x0000000710a00000| Untracked 
| 134|0x0000000710c00000, 0x0000000710c00000, 0x0000000710e00000|  0%| F|  |TAMS 0x0000000710c00000| PB 0x0000000710c00000| Untracked 
| 135|0x0000000710e00000, 0x0000000710e00000, 0x0000000711000000|  0%| F|  |TAMS 0x0000000710e00000| PB 0x0000000710e00000| Untracked 
| 136|0x0000000711000000, 0x0000000711000000, 0x0000000711200000|  0%| F|  |TAMS 0x0000000711000000| PB 0x0000000711000000| Untracked 
| 137|0x0000000711200000, 0x0000000711200000, 0x0000000711400000|  0%| F|  |TAMS 0x0000000711200000| PB 0x0000000711200000| Untracked 
| 138|0x0000000711400000, 0x0000000711400000, 0x0000000711600000|  0%| F|  |TAMS 0x0000000711400000| PB 0x0000000711400000| Untracked 
| 139|0x0000000711600000, 0x0000000711600000, 0x0000000711800000|  0%| F|  |TAMS 0x0000000711600000| PB 0x0000000711600000| Untracked 
| 140|0x0000000711800000, 0x0000000711800000, 0x0000000711a00000|  0%| F|  |TAMS 0x0000000711800000| PB 0x0000000711800000| Untracked 
| 141|0x0000000711a00000, 0x0000000711a00000, 0x0000000711c00000|  0%| F|  |TAMS 0x0000000711a00000| PB 0x0000000711a00000| Untracked 
| 142|0x0000000711c00000, 0x0000000711c00000, 0x0000000711e00000|  0%| F|  |TAMS 0x0000000711c00000| PB 0x0000000711c00000| Untracked 
| 143|0x0000000711e00000, 0x0000000711e00000, 0x0000000712000000|  0%| F|  |TAMS 0x0000000711e00000| PB 0x0000000711e00000| Untracked 
| 144|0x0000000712000000, 0x0000000712000000, 0x0000000712200000|  0%| F|  |TAMS 0x0000000712000000| PB 0x0000000712000000| Untracked 
| 145|0x0000000712200000, 0x0000000712200000, 0x0000000712400000|  0%| F|  |TAMS 0x0000000712200000| PB 0x0000000712200000| Untracked 
| 146|0x0000000712400000, 0x0000000712400000, 0x0000000712600000|  0%| F|  |TAMS 0x0000000712400000| PB 0x0000000712400000| Untracked 
| 147|0x0000000712600000, 0x0000000712600000, 0x0000000712800000|  0%| F|  |TAMS 0x0000000712600000| PB 0x0000000712600000| Untracked 
| 148|0x0000000712800000, 0x0000000712800000, 0x0000000712a00000|  0%| F|  |TAMS 0x0000000712800000| PB 0x0000000712800000| Untracked 
| 149|0x0000000712a00000, 0x0000000712a00000, 0x0000000712c00000|  0%| F|  |TAMS 0x0000000712a00000| PB 0x0000000712a00000| Untracked 
| 150|0x0000000712c00000, 0x0000000712c00000, 0x0000000712e00000|  0%| F|  |TAMS 0x0000000712c00000| PB 0x0000000712c00000| Untracked 
| 151|0x0000000712e00000, 0x0000000712e00000, 0x0000000713000000|  0%| F|  |TAMS 0x0000000712e00000| PB 0x0000000712e00000| Untracked 
| 152|0x0000000713000000, 0x0000000713000000, 0x0000000713200000|  0%| F|  |TAMS 0x0000000713000000| PB 0x0000000713000000| Untracked 
| 153|0x0000000713200000, 0x0000000713200000, 0x0000000713400000|  0%| F|  |TAMS 0x0000000713200000| PB 0x0000000713200000| Untracked 
| 154|0x0000000713400000, 0x0000000713400000, 0x0000000713600000|  0%| F|  |TAMS 0x0000000713400000| PB 0x0000000713400000| Untracked 
| 155|0x0000000713600000, 0x0000000713600000, 0x0000000713800000|  0%| F|  |TAMS 0x0000000713600000| PB 0x0000000713600000| Untracked 
| 156|0x0000000713800000, 0x0000000713800000, 0x0000000713a00000|  0%| F|  |TAMS 0x0000000713800000| PB 0x0000000713800000| Untracked 
| 157|0x0000000713a00000, 0x0000000713a00000, 0x0000000713c00000|  0%| F|  |TAMS 0x0000000713a00000| PB 0x0000000713a00000| Untracked 
| 158|0x0000000713c00000, 0x0000000713c00000, 0x0000000713e00000|  0%| F|  |TAMS 0x0000000713c00000| PB 0x0000000713c00000| Untracked 
| 159|0x0000000713e00000, 0x0000000713e00000, 0x0000000714000000|  0%| F|  |TAMS 0x0000000713e00000| PB 0x0000000713e00000| Untracked 
| 160|0x0000000714000000, 0x0000000714000000, 0x0000000714200000|  0%| F|  |TAMS 0x0000000714000000| PB 0x0000000714000000| Untracked 
| 161|0x0000000714200000, 0x0000000714200000, 0x0000000714400000|  0%| F|  |TAMS 0x0000000714200000| PB 0x0000000714200000| Untracked 
| 162|0x0000000714400000, 0x0000000714400000, 0x0000000714600000|  0%| F|  |TAMS 0x0000000714400000| PB 0x0000000714400000| Untracked 
| 163|0x0000000714600000, 0x0000000714600000, 0x0000000714800000|  0%| F|  |TAMS 0x0000000714600000| PB 0x0000000714600000| Untracked 
| 164|0x0000000714800000, 0x0000000714800000, 0x0000000714a00000|  0%| F|  |TAMS 0x0000000714800000| PB 0x0000000714800000| Untracked 
| 165|0x0000000714a00000, 0x0000000714a00000, 0x0000000714c00000|  0%| F|  |TAMS 0x0000000714a00000| PB 0x0000000714a00000| Untracked 
| 166|0x0000000714c00000, 0x0000000714c00000, 0x0000000714e00000|  0%| F|  |TAMS 0x0000000714c00000| PB 0x0000000714c00000| Untracked 
| 167|0x0000000714e00000, 0x0000000714e00000, 0x0000000715000000|  0%| F|  |TAMS 0x0000000714e00000| PB 0x0000000714e00000| Untracked 
| 168|0x0000000715000000, 0x0000000715000000, 0x0000000715200000|  0%| F|  |TAMS 0x0000000715000000| PB 0x0000000715000000| Untracked 
| 169|0x0000000715200000, 0x0000000715200000, 0x0000000715400000|  0%| F|  |TAMS 0x0000000715200000| PB 0x0000000715200000| Untracked 
| 170|0x0000000715400000, 0x0000000715400000, 0x0000000715600000|  0%| F|  |TAMS 0x0000000715400000| PB 0x0000000715400000| Untracked 
| 171|0x0000000715600000, 0x0000000715600000, 0x0000000715800000|  0%| F|  |TAMS 0x0000000715600000| PB 0x0000000715600000| Untracked 
| 172|0x0000000715800000, 0x0000000715800000, 0x0000000715a00000|  0%| F|  |TAMS 0x0000000715800000| PB 0x0000000715800000| Untracked 
| 173|0x0000000715a00000, 0x0000000715a00000, 0x0000000715c00000|  0%| F|  |TAMS 0x0000000715a00000| PB 0x0000000715a00000| Untracked 
| 174|0x0000000715c00000, 0x0000000715c00000, 0x0000000715e00000|  0%| F|  |TAMS 0x0000000715c00000| PB 0x0000000715c00000| Untracked 
| 175|0x0000000715e00000, 0x0000000715e00000, 0x0000000716000000|  0%| F|  |TAMS 0x0000000715e00000| PB 0x0000000715e00000| Untracked 
| 176|0x0000000716000000, 0x0000000716000000, 0x0000000716200000|  0%| F|  |TAMS 0x0000000716000000| PB 0x0000000716000000| Untracked 
| 177|0x0000000716200000, 0x0000000716200000, 0x0000000716400000|  0%| F|  |TAMS 0x0000000716200000| PB 0x0000000716200000| Untracked 
| 178|0x0000000716400000, 0x0000000716400000, 0x0000000716600000|  0%| F|  |TAMS 0x0000000716400000| PB 0x0000000716400000| Untracked 
| 179|0x0000000716600000, 0x0000000716600000, 0x0000000716800000|  0%| F|  |TAMS 0x0000000716600000| PB 0x0000000716600000| Untracked 
| 180|0x0000000716800000, 0x0000000716800000, 0x0000000716a00000|  0%| F|  |TAMS 0x0000000716800000| PB 0x0000000716800000| Untracked 
| 181|0x0000000716a00000, 0x0000000716a00000, 0x0000000716c00000|  0%| F|  |TAMS 0x0000000716a00000| PB 0x0000000716a00000| Untracked 
| 182|0x0000000716c00000, 0x0000000716c00000, 0x0000000716e00000|  0%| F|  |TAMS 0x0000000716c00000| PB 0x0000000716c00000| Untracked 
| 183|0x0000000716e00000, 0x0000000716e00000, 0x0000000717000000|  0%| F|  |TAMS 0x0000000716e00000| PB 0x0000000716e00000| Untracked 
| 184|0x0000000717000000, 0x0000000717000000, 0x0000000717200000|  0%| F|  |TAMS 0x0000000717000000| PB 0x0000000717000000| Untracked 
| 185|0x0000000717200000, 0x0000000717200000, 0x0000000717400000|  0%| F|  |TAMS 0x0000000717200000| PB 0x0000000717200000| Untracked 
| 186|0x0000000717400000, 0x0000000717400000, 0x0000000717600000|  0%| F|  |TAMS 0x0000000717400000| PB 0x0000000717400000| Untracked 
| 187|0x0000000717600000, 0x0000000717600000, 0x0000000717800000|  0%| F|  |TAMS 0x0000000717600000| PB 0x0000000717600000| Untracked 
| 188|0x0000000717800000, 0x0000000717800000, 0x0000000717a00000|  0%| F|  |TAMS 0x0000000717800000| PB 0x0000000717800000| Untracked 
| 189|0x0000000717a00000, 0x0000000717a00000, 0x0000000717c00000|  0%| F|  |TAMS 0x0000000717a00000| PB 0x0000000717a00000| Untracked 
| 190|0x0000000717c00000, 0x0000000717c00000, 0x0000000717e00000|  0%| F|  |TAMS 0x0000000717c00000| PB 0x0000000717c00000| Untracked 
| 191|0x0000000717e00000, 0x0000000717e00000, 0x0000000718000000|  0%| F|  |TAMS 0x0000000717e00000| PB 0x0000000717e00000| Untracked 
| 192|0x0000000718000000, 0x0000000718000000, 0x0000000718200000|  0%| F|  |TAMS 0x0000000718000000| PB 0x0000000718000000| Untracked 
| 193|0x0000000718200000, 0x0000000718200000, 0x0000000718400000|  0%| F|  |TAMS 0x0000000718200000| PB 0x0000000718200000| Untracked 
| 194|0x0000000718400000, 0x0000000718400000, 0x0000000718600000|  0%| F|  |TAMS 0x0000000718400000| PB 0x0000000718400000| Untracked 
| 195|0x0000000718600000, 0x0000000718600000, 0x0000000718800000|  0%| F|  |TAMS 0x0000000718600000| PB 0x0000000718600000| Untracked 
| 196|0x0000000718800000, 0x0000000718800000, 0x0000000718a00000|  0%| F|  |TAMS 0x0000000718800000| PB 0x0000000718800000| Untracked 
| 197|0x0000000718a00000, 0x0000000718a00000, 0x0000000718c00000|  0%| F|  |TAMS 0x0000000718a00000| PB 0x0000000718a00000| Untracked 
| 198|0x0000000718c00000, 0x0000000718c00000, 0x0000000718e00000|  0%| F|  |TAMS 0x0000000718c00000| PB 0x0000000718c00000| Untracked 
| 199|0x0000000718e00000, 0x0000000718e00000, 0x0000000719000000|  0%| F|  |TAMS 0x0000000718e00000| PB 0x0000000718e00000| Untracked 
| 200|0x0000000719000000, 0x0000000719000000, 0x0000000719200000|  0%| F|  |TAMS 0x0000000719000000| PB 0x0000000719000000| Untracked 
| 201|0x0000000719200000, 0x0000000719200000, 0x0000000719400000|  0%| F|  |TAMS 0x0000000719200000| PB 0x0000000719200000| Untracked 
| 202|0x0000000719400000, 0x0000000719400000, 0x0000000719600000|  0%| F|  |TAMS 0x0000000719400000| PB 0x0000000719400000| Untracked 
| 203|0x0000000719600000, 0x0000000719600000, 0x0000000719800000|  0%| F|  |TAMS 0x0000000719600000| PB 0x0000000719600000| Untracked 
| 204|0x0000000719800000, 0x0000000719800000, 0x0000000719a00000|  0%| F|  |TAMS 0x0000000719800000| PB 0x0000000719800000| Untracked 
| 205|0x0000000719a00000, 0x0000000719a00000, 0x0000000719c00000|  0%| F|  |TAMS 0x0000000719a00000| PB 0x0000000719a00000| Untracked 
| 206|0x0000000719c00000, 0x0000000719c00000, 0x0000000719e00000|  0%| F|  |TAMS 0x0000000719c00000| PB 0x0000000719c00000| Untracked 
| 207|0x0000000719e00000, 0x0000000719e00000, 0x000000071a000000|  0%| F|  |TAMS 0x0000000719e00000| PB 0x0000000719e00000| Untracked 
| 208|0x000000071a000000, 0x000000071a000000, 0x000000071a200000|  0%| F|  |TAMS 0x000000071a000000| PB 0x000000071a000000| Untracked 
| 209|0x000000071a200000, 0x000000071a200000, 0x000000071a400000|  0%| F|  |TAMS 0x000000071a200000| PB 0x000000071a200000| Untracked 
| 210|0x000000071a400000, 0x000000071a400000, 0x000000071a600000|  0%| F|  |TAMS 0x000000071a400000| PB 0x000000071a400000| Untracked 
| 211|0x000000071a600000, 0x000000071a600000, 0x000000071a800000|  0%| F|  |TAMS 0x000000071a600000| PB 0x000000071a600000| Untracked 
| 212|0x000000071a800000, 0x000000071a800000, 0x000000071aa00000|  0%| F|  |TAMS 0x000000071a800000| PB 0x000000071a800000| Untracked 
| 213|0x000000071aa00000, 0x000000071aa00000, 0x000000071ac00000|  0%| F|  |TAMS 0x000000071aa00000| PB 0x000000071aa00000| Untracked 
| 214|0x000000071ac00000, 0x000000071ac00000, 0x000000071ae00000|  0%| F|  |TAMS 0x000000071ac00000| PB 0x000000071ac00000| Untracked 
| 215|0x000000071ae00000, 0x000000071ae00000, 0x000000071b000000|  0%| F|  |TAMS 0x000000071ae00000| PB 0x000000071ae00000| Untracked 
| 216|0x000000071b000000, 0x000000071b000000, 0x000000071b200000|  0%| F|  |TAMS 0x000000071b000000| PB 0x000000071b000000| Untracked 
| 217|0x000000071b200000, 0x000000071b200000, 0x000000071b400000|  0%| F|  |TAMS 0x000000071b200000| PB 0x000000071b200000| Untracked 
| 218|0x000000071b400000, 0x000000071b400000, 0x000000071b600000|  0%| F|  |TAMS 0x000000071b400000| PB 0x000000071b400000| Untracked 
| 219|0x000000071b600000, 0x000000071b600000, 0x000000071b800000|  0%| F|  |TAMS 0x000000071b600000| PB 0x000000071b600000| Untracked 
| 220|0x000000071b800000, 0x000000071b800000, 0x000000071ba00000|  0%| F|  |TAMS 0x000000071b800000| PB 0x000000071b800000| Untracked 
| 221|0x000000071ba00000, 0x000000071ba00000, 0x000000071bc00000|  0%| F|  |TAMS 0x000000071ba00000| PB 0x000000071ba00000| Untracked 
| 222|0x000000071bc00000, 0x000000071bc00000, 0x000000071be00000|  0%| F|  |TAMS 0x000000071bc00000| PB 0x000000071bc00000| Untracked 
| 223|0x000000071be00000, 0x000000071be00000, 0x000000071c000000|  0%| F|  |TAMS 0x000000071be00000| PB 0x000000071be00000| Untracked 
| 224|0x000000071c000000, 0x000000071c000000, 0x000000071c200000|  0%| F|  |TAMS 0x000000071c000000| PB 0x000000071c000000| Untracked 
| 225|0x000000071c200000, 0x000000071c200000, 0x000000071c400000|  0%| F|  |TAMS 0x000000071c200000| PB 0x000000071c200000| Untracked 
| 226|0x000000071c400000, 0x000000071c400000, 0x000000071c600000|  0%| F|  |TAMS 0x000000071c400000| PB 0x000000071c400000| Untracked 
| 227|0x000000071c600000, 0x000000071c600000, 0x000000071c800000|  0%| F|  |TAMS 0x000000071c600000| PB 0x000000071c600000| Untracked 
| 228|0x000000071c800000, 0x000000071c800000, 0x000000071ca00000|  0%| F|  |TAMS 0x000000071c800000| PB 0x000000071c800000| Untracked 
| 229|0x000000071ca00000, 0x000000071ca00000, 0x000000071cc00000|  0%| F|  |TAMS 0x000000071ca00000| PB 0x000000071ca00000| Untracked 
| 230|0x000000071cc00000, 0x000000071cc00000, 0x000000071ce00000|  0%| F|  |TAMS 0x000000071cc00000| PB 0x000000071cc00000| Untracked 
| 231|0x000000071ce00000, 0x000000071ce00000, 0x000000071d000000|  0%| F|  |TAMS 0x000000071ce00000| PB 0x000000071ce00000| Untracked 
| 232|0x000000071d000000, 0x000000071d000000, 0x000000071d200000|  0%| F|  |TAMS 0x000000071d000000| PB 0x000000071d000000| Untracked 
| 233|0x000000071d200000, 0x000000071d200000, 0x000000071d400000|  0%| F|  |TAMS 0x000000071d200000| PB 0x000000071d200000| Untracked 
| 234|0x000000071d400000, 0x000000071d400000, 0x000000071d600000|  0%| F|  |TAMS 0x000000071d400000| PB 0x000000071d400000| Untracked 
| 235|0x000000071d600000, 0x000000071d600000, 0x000000071d800000|  0%| F|  |TAMS 0x000000071d600000| PB 0x000000071d600000| Untracked 
| 236|0x000000071d800000, 0x000000071d800000, 0x000000071da00000|  0%| F|  |TAMS 0x000000071d800000| PB 0x000000071d800000| Untracked 
| 237|0x000000071da00000, 0x000000071da00000, 0x000000071dc00000|  0%| F|  |TAMS 0x000000071da00000| PB 0x000000071da00000| Untracked 
| 238|0x000000071dc00000, 0x000000071dc00000, 0x000000071de00000|  0%| F|  |TAMS 0x000000071dc00000| PB 0x000000071dc00000| Untracked 
| 239|0x000000071de00000, 0x000000071de00000, 0x000000071e000000|  0%| F|  |TAMS 0x000000071de00000| PB 0x000000071de00000| Untracked 
| 240|0x000000071e000000, 0x000000071e000000, 0x000000071e200000|  0%| F|  |TAMS 0x000000071e000000| PB 0x000000071e000000| Untracked 
| 241|0x000000071e200000, 0x000000071e200000, 0x000000071e400000|  0%| F|  |TAMS 0x000000071e200000| PB 0x000000071e200000| Untracked 
| 242|0x000000071e400000, 0x000000071e600000, 0x000000071e600000|100%| S|CS|TAMS 0x000000071e400000| PB 0x000000071e400000| Complete 
| 243|0x000000071e600000, 0x000000071e800000, 0x000000071e800000|100%| S|CS|TAMS 0x000000071e600000| PB 0x000000071e600000| Complete 
| 244|0x000000071e800000, 0x000000071e800000, 0x000000071ea00000|  0%| F|  |TAMS 0x000000071e800000| PB 0x000000071e800000| Untracked 
| 245|0x000000071ea00000, 0x000000071ea00000, 0x000000071ec00000|  0%| F|  |TAMS 0x000000071ea00000| PB 0x000000071ea00000| Untracked 
| 246|0x000000071ec00000, 0x000000071ec00000, 0x000000071ee00000|  0%| F|  |TAMS 0x000000071ec00000| PB 0x000000071ec00000| Untracked 
| 247|0x000000071ee00000, 0x000000071ee00000, 0x000000071f000000|  0%| F|  |TAMS 0x000000071ee00000| PB 0x000000071ee00000| Untracked 
| 248|0x000000071f000000, 0x000000071f000000, 0x000000071f200000|  0%| F|  |TAMS 0x000000071f000000| PB 0x000000071f000000| Untracked 
| 249|0x000000071f200000, 0x000000071f200000, 0x000000071f400000|  0%| F|  |TAMS 0x000000071f200000| PB 0x000000071f200000| Untracked 
| 250|0x000000071f400000, 0x000000071f400000, 0x000000071f600000|  0%| F|  |TAMS 0x000000071f400000| PB 0x000000071f400000| Untracked 
| 251|0x000000071f600000, 0x000000071f662248, 0x000000071f800000| 19%| E|  |TAMS 0x000000071f600000| PB 0x000000071f600000| Complete 
| 252|0x000000071f800000, 0x000000071fa00000, 0x000000071fa00000|100%| E|CS|TAMS 0x000000071f800000| PB 0x000000071f800000| Complete 
| 253|0x000000071fa00000, 0x000000071fc00000, 0x000000071fc00000|100%| E|  |TAMS 0x000000071fa00000| PB 0x000000071fa00000| Complete 
| 254|0x000000071fc00000, 0x000000071fe00000, 0x000000071fe00000|100%| E|CS|TAMS 0x000000071fc00000| PB 0x000000071fc00000| Complete 
| 255|0x000000071fe00000, 0x0000000720000000, 0x0000000720000000|100%| E|CS|TAMS 0x000000071fe00000| PB 0x000000071fe00000| Complete 

Card table byte_map: [0x00000217385a0000,0x0000021738da0000] _byte_map_base: 0x0000021734da0000

Marking Bits: (CMBitMap*) 0x0000021725c0e290
 Bits: [0x0000021738da0000, 0x000002173cda0000)

Polling page: 0x0000021725370000

Metaspace:

Usage:
  Non-class:      5.18 MB used.
      Class:    611.66 KB used.
       Both:      5.78 MB used.

Virtual space:
  Non-class space:       64.00 MB reserved,       5.31 MB (  8%) committed,  1 nodes.
      Class space:        1.00 GB reserved,     768.00 KB ( <1%) committed,  1 nodes.
             Both:        1.06 GB reserved,       6.06 MB ( <1%) committed. 

Chunk freelists:
   Non-Class:  10.17 MB
       Class:  15.08 MB
        Both:  25.25 MB

MaxMetaspaceSize: unlimited
CompressedClassSpaceSize: 1.00 GB
Initial GC threshold: 21.00 MB
Current GC threshold: 21.00 MB
CDS: on
 - commit_granule_bytes: 65536.
 - commit_granule_words: 8192.
 - virtual_space_node_default_size: 8388608.
 - enlarge_chunks_in_place: 1.
 - use_allocation_guard: 0.


Internal statistics:

num_allocs_failed_limit: 0.
num_arena_births: 190.
num_arena_deaths: 0.
num_vsnodes_births: 2.
num_vsnodes_deaths: 0.
num_space_committed: 97.
num_space_uncommitted: 0.
num_chunks_returned_to_freelist: 0.
num_chunks_taken_from_freelist: 307.
num_chunk_merges: 0.
num_chunk_splits: 195.
num_chunks_enlarged: 125.
num_inconsistent_stats: 0.

CodeHeap 'non-profiled nmethods': size=120000Kb used=513Kb max_used=513Kb free=119486Kb
 bounds [0x0000021730870000, 0x0000021730ae0000, 0x0000021737da0000]
CodeHeap 'profiled nmethods': size=120000Kb used=2361Kb max_used=2361Kb free=117639Kb
 bounds [0x0000021728da0000, 0x0000021729010000, 0x00000217302d0000]
CodeHeap 'non-nmethods': size=5760Kb used=1368Kb max_used=1383Kb free=4392Kb
 bounds [0x00000217302d0000, 0x0000021730540000, 0x0000021730870000]
CodeCache: size=245760Kb, used=4242Kb, max_used=4257Kb, free=241517Kb
 total_blobs=1802, nmethods=1330, adapters=377, full_count=0
Compilation: enabled, stopped_count=0, restarted_count=0

Compilation events (20 events):
Event: 4.780 Thread 0x000002173f30e240 1316       3       org.eclipse.osgi.container.ModuleDatabase$Persistence::readIndexedString (18 bytes)
Event: 4.782 Thread 0x000002173f30e240 nmethod 1316 0x0000021728fdca90 code [0x0000021728fdccc0, 0x0000021728fdd3c8]
Event: 4.782 Thread 0x000002173f30e240 1317       3       org.eclipse.osgi.container.ModuleDatabase$Persistence::readString0 (98 bytes)
Event: 4.784 Thread 0x000002173f30e240 nmethod 1317 0x0000021728fdd710 code [0x0000021728fdda80, 0x0000021728fdef70]
Event: 4.784 Thread 0x000002173f30e240 1318       3       java.io.DataInputStream::readByte (6 bytes)
Event: 4.785 Thread 0x000002173f30e240 nmethod 1318 0x0000021728fdf690 code [0x0000021728fdf860, 0x0000021728fdfb48]
Event: 4.785 Thread 0x000002173f30e240 1319       3       org.eclipse.osgi.container.ModuleDatabase$Persistence::addToReadTable (70 bytes)
Event: 4.785 Thread 0x000002173f30e240 nmethod 1319 0x0000021728fdfc90 code [0x0000021728fdfec0, 0x0000021728fe06c0]
Event: 4.794 Thread 0x000002173f30e240 1324       3       org.eclipse.osgi.container.ModuleDatabase$Persistence::readString (7 bytes)
Event: 4.794 Thread 0x000002173f30e240 nmethod 1324 0x0000021728fe0890 code [0x0000021728fe0a40, 0x0000021728fe0b60]
Event: 4.798 Thread 0x000002173f30e240 1325       3       org.eclipse.osgi.container.ModuleDatabase$Persistence::readMapValue (111 bytes)
Event: 4.802 Thread 0x000002173f30e240 nmethod 1325 0x0000021728fe0c10 code [0x0000021728fe0fc0, 0x0000021728fe25f0]
Event: 4.810 Thread 0x000002173f30e240 1326       3       org.eclipse.osgi.container.ModuleDatabase$Persistence::readVersion0 (96 bytes)
Event: 4.815 Thread 0x000002173f30e240 nmethod 1326 0x0000021728fe2d10 code [0x0000021728fe3160, 0x0000021728fe4fa0]
Event: 4.815 Thread 0x000002173f30e240 1328       3       org.eclipse.osgi.container.ModuleDatabase$Persistence::readMap (118 bytes)
Event: 4.817 Thread 0x000002173f30e240 nmethod 1328 0x0000021728fe5990 code [0x0000021728fe5d40, 0x0000021728fe73c0]
Event: 4.818 Thread 0x000002173f30e240 1327       3       org.eclipse.osgi.container.ModuleDatabase$Persistence::readIndexedMap (16 bytes)
Event: 4.819 Thread 0x000002173f30e240 nmethod 1327 0x0000021728fe7d10 code [0x0000021728fe7f40, 0x0000021728fe8638]
Event: 4.822 Thread 0x000002173f30e240 1332       3       org.eclipse.osgi.container.ModuleDatabase$Persistence::readListValue (97 bytes)
Event: 4.825 Thread 0x000002173f30e240 nmethod 1332 0x0000021728fe8990 code [0x0000021728fe8d20, 0x0000021728fea2c8]

GC Heap History (2 events):
Event: 4.068 GC heap before
{Heap before GC invocations=0 (full 0):
 garbage-first heap   total 524288K, used 22528K [0x0000000700000000, 0x0000000800000000)
  region size 2048K, 12 young (24576K), 0 survivors (0K)
 Metaspace       used 4205K, committed 4480K, reserved 1114112K
  class space    used 462K, committed 576K, reserved 1048576K
}
Event: 4.081 GC heap after
{Heap after GC invocations=1 (full 0):
 garbage-first heap   total 524288K, used 4096K [0x0000000700000000, 0x0000000800000000)
  region size 2048K, 2 young (4096K), 2 survivors (4096K)
 Metaspace       used 4205K, committed 4480K, reserved 1114112K
  class space    used 462K, committed 576K, reserved 1048576K
}

Dll operation events (8 events):
Event: 0.060 Loaded shared library c:\Users\AGOUROU GUSTAVE\.vscode\extensions\redhat.java-1.45.2025080808-win32-x64\jre\21.0.8-win32-x86_64\bin\java.dll
Event: 0.341 Loaded shared library c:\Users\AGOUROU GUSTAVE\.vscode\extensions\redhat.java-1.45.2025080808-win32-x64\jre\21.0.8-win32-x86_64\bin\zip.dll
Event: 0.450 Loaded shared library C:\Users\AGOUROU GUSTAVE\.vscode\extensions\redhat.java-1.45.2025080808-win32-x64\jre\21.0.8-win32-x86_64\bin\instrument.dll
Event: 0.487 Loaded shared library C:\Users\AGOUROU GUSTAVE\.vscode\extensions\redhat.java-1.45.2025080808-win32-x64\jre\21.0.8-win32-x86_64\bin\net.dll
Event: 0.494 Loaded shared library C:\Users\AGOUROU GUSTAVE\.vscode\extensions\redhat.java-1.45.2025080808-win32-x64\jre\21.0.8-win32-x86_64\bin\nio.dll
Event: 0.503 Loaded shared library C:\Users\AGOUROU GUSTAVE\.vscode\extensions\redhat.java-1.45.2025080808-win32-x64\jre\21.0.8-win32-x86_64\bin\zip.dll
Event: 0.570 Loaded shared library C:\Users\AGOUROU GUSTAVE\.vscode\extensions\redhat.java-1.45.2025080808-win32-x64\jre\21.0.8-win32-x86_64\bin\jimage.dll
Event: 0.978 Loaded shared library c:\Users\AGOUROU GUSTAVE\.vscode\extensions\redhat.java-1.45.2025080808-win32-x64\jre\21.0.8-win32-x86_64\bin\verify.dll

Deoptimization events (20 events):
Event: 4.231 Thread 0x00000217239d6300 Uncommon trap: trap_request=0xffffffc6 fr.pc=0x00000217308bf3fc relative=0x000000000000049c
Event: 4.231 Thread 0x00000217239d6300 Uncommon trap: reason=bimorphic_or_optimized_type_check action=maybe_recompile pc=0x00000217308bf3fc method=java.util.Collections$UnmodifiableCollection$1.next()Ljava/lang/Object; @ 4 c2
Event: 4.231 Thread 0x00000217239d6300 DEOPT PACKING pc=0x00000217308bf3fc sp=0x00000084299feb20
Event: 4.231 Thread 0x00000217239d6300 DEOPT UNPACKING pc=0x00000217303246a2 sp=0x00000084299feaf0 mode 2
Event: 4.359 Thread 0x00000217239d6300 Uncommon trap: trap_request=0xffffff45 fr.pc=0x00000217308cd414 relative=0x00000000000000f4
Event: 4.359 Thread 0x00000217239d6300 Uncommon trap: reason=unstable_if action=reinterpret pc=0x00000217308cd414 method=java.util.HashMap.hash(Ljava/lang/Object;)I @ 1 c2
Event: 4.359 Thread 0x00000217239d6300 DEOPT PACKING pc=0x00000217308cd414 sp=0x00000084299fe9d0
Event: 4.359 Thread 0x00000217239d6300 DEOPT UNPACKING pc=0x00000217303246a2 sp=0x00000084299fe910 mode 2
Event: 4.359 Thread 0x00000217239d6300 Uncommon trap: trap_request=0xffffff45 fr.pc=0x00000217308e34cc relative=0x000000000000028c
Event: 4.359 Thread 0x00000217239d6300 Uncommon trap: reason=unstable_if action=reinterpret pc=0x00000217308e34cc method=java.util.HashMap.hash(Ljava/lang/Object;)I @ 1 c2
Event: 4.359 Thread 0x00000217239d6300 DEOPT PACKING pc=0x00000217308e34cc sp=0x00000084299fe8c0
Event: 4.359 Thread 0x00000217239d6300 DEOPT UNPACKING pc=0x00000217303246a2 sp=0x00000084299fe758 mode 2
Event: 4.364 Thread 0x00000217239d6300 Uncommon trap: trap_request=0xffffff45 fr.pc=0x00000217308de450 relative=0x0000000000000290
Event: 4.364 Thread 0x00000217239d6300 Uncommon trap: reason=unstable_if action=reinterpret pc=0x00000217308de450 method=java.util.HashMap.hash(Ljava/lang/Object;)I @ 1 c2
Event: 4.364 Thread 0x00000217239d6300 DEOPT PACKING pc=0x00000217308de450 sp=0x00000084299fe860
Event: 4.364 Thread 0x00000217239d6300 DEOPT UNPACKING pc=0x00000217303246a2 sp=0x00000084299fe768 mode 2
Event: 4.543 Thread 0x00000217239d6300 Uncommon trap: trap_request=0xffffff45 fr.pc=0x00000217308bc510 relative=0x00000000000001b0
Event: 4.543 Thread 0x00000217239d6300 Uncommon trap: reason=unstable_if action=reinterpret pc=0x00000217308bc510 method=java.lang.invoke.VarHandle.checkAccessModeThenIsDirect(Ljava/lang/invoke/VarHandle$AccessDescriptor;)Z @ 4 c2
Event: 4.543 Thread 0x00000217239d6300 DEOPT PACKING pc=0x00000217308bc510 sp=0x00000084299fe8c0
Event: 4.543 Thread 0x00000217239d6300 DEOPT UNPACKING pc=0x00000217303246a2 sp=0x00000084299fe818 mode 2

Classes loaded (20 events):
Event: 4.702 Loading class java/util/AbstractQueue done
Event: 4.702 Loading class java/util/concurrent/SynchronousQueue done
Event: 4.702 Loading class java/util/concurrent/SynchronousQueue$Transferer
Event: 4.703 Loading class java/util/concurrent/LinkedTransferQueue
Event: 4.704 Loading class java/util/concurrent/TransferQueue
Event: 4.705 Loading class java/util/concurrent/TransferQueue done
Event: 4.705 Loading class java/util/concurrent/LinkedTransferQueue done
Event: 4.705 Loading class java/util/concurrent/SynchronousQueue$Transferer done
Event: 4.705 Loading class java/util/concurrent/LinkedTransferQueue$DualNode
Event: 4.706 Loading class java/util/concurrent/LinkedTransferQueue$DualNode done
Event: 4.708 Loading class java/util/concurrent/RejectedExecutionHandler
Event: 4.709 Loading class java/util/concurrent/RejectedExecutionHandler done
Event: 4.709 Loading class java/util/concurrent/LinkedBlockingQueue
Event: 4.709 Loading class java/util/concurrent/LinkedBlockingQueue done
Event: 4.710 Loading class java/util/concurrent/LinkedBlockingQueue$Node
Event: 4.710 Loading class java/util/concurrent/LinkedBlockingQueue$Node done
Event: 4.748 Loading class java/util/concurrent/Semaphore$NonfairSync
Event: 4.748 Loading class java/util/concurrent/Semaphore$Sync
Event: 4.749 Loading class java/util/concurrent/Semaphore$Sync done
Event: 4.749 Loading class java/util/concurrent/Semaphore$NonfairSync done

Classes unloaded (0 events):
No events

Classes redefined (0 events):
No events

Internal exceptions (20 events):
Event: 2.367 Thread 0x00000217239d6300 Exception <a 'java/lang/ClassNotFoundException'{0x000000071f0f46b0}: sun/net/www/protocol/c/Handler> (0x000000071f0f46b0) 
thrown [s\src\hotspot\share\classfile\systemDictionary.cpp, line 312]
Event: 2.449 Thread 0x00000217239d6300 Exception <a 'java/io/FileNotFoundException'{0x000000071f14f418}> (0x000000071f14f418) 
thrown [s\src\hotspot\share\prims\jni.cpp, line 520]
Event: 2.450 Thread 0x00000217239d6300 Exception <a 'java/io/FileNotFoundException'{0x000000071f150bc8}> (0x000000071f150bc8) 
thrown [s\src\hotspot\share\prims\jni.cpp, line 520]
Event: 2.451 Thread 0x00000217239d6300 Exception <a 'java/io/FileNotFoundException'{0x000000071f151c98}> (0x000000071f151c98) 
thrown [s\src\hotspot\share\prims\jni.cpp, line 520]
Event: 2.451 Thread 0x00000217239d6300 Exception <a 'java/io/FileNotFoundException'{0x000000071f152c30}> (0x000000071f152c30) 
thrown [s\src\hotspot\share\prims\jni.cpp, line 520]
Event: 2.483 Thread 0x00000217239d6300 Exception <a 'java/io/FileNotFoundException'{0x000000071f18b948}> (0x000000071f18b948) 
thrown [s\src\hotspot\share\prims\jni.cpp, line 520]
Event: 2.536 Thread 0x00000217239d6300 Exception <a 'java/lang/NoSuchMethodError'{0x000000071f1c4448}: 'java.lang.Object java.lang.invoke.DirectMethodHandle$Holder.invokeInterface(java.lang.Object, java.lang.Object)'> (0x000000071f1c4448) 
thrown [s\src\hotspot\share\interpreter\linkResolver.cpp, line 773]
Event: 2.548 Thread 0x00000217239d6300 Exception <a 'java/lang/NoSuchMethodError'{0x000000071f1d7ae8}: 'java.lang.Object java.lang.invoke.Invokers$Holder.invokeExact_MT(java.lang.Object, java.lang.Object, java.lang.Object, java.lang.Object, java.lang.Object, java.lang.Object)'> (0x000000071f1d7ae8) 
thrown [s\src\hotspot\share\interpreter\linkResolver.cpp, line 773]
Event: 2.601 Thread 0x00000217239d6300 Exception <a 'java/lang/NoSuchMethodError'{0x000000071f1eed40}: 'int java.lang.invoke.DirectMethodHandle$Holder.invokeStatic(java.lang.Object, java.lang.Object, java.lang.Object, java.lang.Object, java.lang.Object)'> (0x000000071f1eed40) 
thrown [s\src\hotspot\share\interpreter\linkResolver.cpp, line 773]
Event: 2.711 Thread 0x00000217239d6300 Exception <a 'java/lang/NoSuchMethodError'{0x000000071ee83568}: 'java.lang.Object java.lang.invoke.DirectMethodHandle$Holder.invokeInterface(java.lang.Object, java.lang.Object, int)'> (0x000000071ee83568) 
thrown [s\src\hotspot\share\interpreter\linkResolver.cpp, line 773]
Event: 3.960 Thread 0x00000217239d6300 Exception <a 'java/lang/NoSuchMethodError'{0x000000071eb0d300}: 'java.lang.ClassLoader java.lang.ClassLoader.getPlatformClassLoader(java.lang.Class)'> (0x000000071eb0d300) 
thrown [s\src\hotspot\share\interpreter\linkResolver.cpp, line 773]
Event: 4.159 Thread 0x00000217239d6300 Exception <a 'java/lang/ClassNotFoundException'{0x000000071ff89928}: sun/net/www/protocol/c/Handler> (0x000000071ff89928) 
thrown [s\src\hotspot\share\classfile\systemDictionary.cpp, line 312]
Event: 4.161 Thread 0x00000217239d6300 Exception <a 'java/lang/ClassNotFoundException'{0x000000071ff8ad20}: sun/net/www/protocol/c/Handler> (0x000000071ff8ad20) 
thrown [s\src\hotspot\share\classfile\systemDictionary.cpp, line 312]
Event: 4.163 Thread 0x00000217239d6300 Exception <a 'java/lang/ClassNotFoundException'{0x000000071ff8bf78}: sun/net/www/protocol/c/Handler> (0x000000071ff8bf78) 
thrown [s\src\hotspot\share\classfile\systemDictionary.cpp, line 312]
Event: 4.230 Thread 0x00000217239d6300 Exception <a 'java/io/FileNotFoundException'{0x000000071ffb32f0}> (0x000000071ffb32f0) 
thrown [s\src\hotspot\share\prims\jni.cpp, line 520]
Event: 4.359 Thread 0x00000217239d6300 Implicit null exception at 0x00000217308cd366 to 0x00000217308cd40a
Event: 4.359 Thread 0x00000217239d6300 Implicit null exception at 0x00000217308e329d to 0x00000217308e34b4
Event: 4.360 Thread 0x00000217239d6300 Exception <a 'java/lang/NoSuchMethodError'{0x000000071fce1c98}: 'void java.lang.invoke.DirectMethodHandle$Holder.invokeStatic(java.lang.Object, java.lang.Object, java.lang.Object, java.lang.Object)'> (0x000000071fce1c98) 
thrown [s\src\hotspot\share\interpreter\linkResolver.cpp, line 773]
Event: 4.364 Thread 0x00000217239d6300 Implicit null exception at 0x00000217308de21d to 0x00000217308de438
Event: 4.609 Thread 0x00000217239d6300 Exception <a 'java/lang/NoSuchMethodError'{0x000000071fb5bbf8}: 'void java.lang.invoke.DirectMethodHandle$Holder.invokeSpecial(java.lang.Object, java.lang.Object, java.lang.Object)'> (0x000000071fb5bbf8) 
thrown [s\src\hotspot\share\interpreter\linkResolver.cpp, line 773]

ZGC Phase Switch (0 events):
No events

VM Operations (16 events):
Event: 0.327 Executing VM operation: HandshakeAllThreads (Deoptimize)
Event: 0.327 Executing VM operation: HandshakeAllThreads (Deoptimize) done
Event: 0.628 Executing VM operation: HandshakeAllThreads (Deoptimize)
Event: 0.628 Executing VM operation: HandshakeAllThreads (Deoptimize) done
Event: 1.636 Executing VM operation: Cleanup
Event: 1.637 Executing VM operation: Cleanup done
Event: 2.131 Executing VM operation: HandshakeAllThreads (Deoptimize)
Event: 2.131 Executing VM operation: HandshakeAllThreads (Deoptimize) done
Event: 2.290 Executing VM operation: HandshakeAllThreads (Deoptimize)
Event: 2.290 Executing VM operation: HandshakeAllThreads (Deoptimize) done
Event: 3.295 Executing VM operation: Cleanup
Event: 3.295 Executing VM operation: Cleanup done
Event: 4.068 Executing VM operation: G1CollectForAllocation (G1 Evacuation Pause)
Event: 4.082 Executing VM operation: G1CollectForAllocation (G1 Evacuation Pause) done
Event: 4.291 Executing VM operation: HandshakeAllThreads (Deoptimize)
Event: 4.291 Executing VM operation: HandshakeAllThreads (Deoptimize) done

Memory protections (0 events):
No events

Nmethod flushes (0 events):
No events

Events (11 events):
Event: 0.131 Thread 0x00000217239d6300 Thread added: 0x00000217239d6300
Event: 0.195 Thread 0x00000217239d6300 Thread added: 0x000002173f2edc50
Event: 0.196 Thread 0x00000217239d6300 Thread added: 0x000002173f2ef2b0
Event: 0.197 Thread 0x00000217239d6300 Thread added: 0x000002173f2f4ba0
Event: 0.197 Thread 0x00000217239d6300 Thread added: 0x000002173f2f6600
Event: 0.197 Thread 0x00000217239d6300 Thread added: 0x000002173f2f7050
Event: 0.197 Thread 0x00000217239d6300 Thread added: 0x000002173f2f7aa0
Event: 0.198 Thread 0x00000217239d6300 Thread added: 0x000002173f2f9170
Event: 0.198 Thread 0x00000217239d6300 Thread added: 0x000002173f30e240
Event: 0.285 Thread 0x00000217239d6300 Thread added: 0x000002173f401660
Event: 1.268 Thread 0x00000217239d6300 Thread added: 0x000002173f63de60


Dynamic libraries:
0x00007ff7c1530000 - 0x00007ff7c153e000 	c:\Users\AGOUROU GUSTAVE\.vscode\extensions\redhat.java-1.45.2025080808-win32-x64\jre\21.0.8-win32-x86_64\bin\java.exe
0x00007ffea8a30000 - 0x00007ffea8c28000 	C:\WINDOWS\SYSTEM32\ntdll.dll
0x00007ffea7690000 - 0x00007ffea7752000 	C:\WINDOWS\System32\KERNEL32.DLL
0x00007ffea6650000 - 0x00007ffea6947000 	C:\WINDOWS\System32\KERNELBASE.dll
0x00007ffea6950000 - 0x00007ffea6a50000 	C:\WINDOWS\System32\ucrtbase.dll
0x00007ffe97f70000 - 0x00007ffe97f88000 	c:\Users\AGOUROU GUSTAVE\.vscode\extensions\redhat.java-1.45.2025080808-win32-x64\jre\21.0.8-win32-x86_64\bin\jli.dll
0x00007ffea7770000 - 0x00007ffea790d000 	C:\WINDOWS\System32\USER32.dll
0x00007ffea6620000 - 0x00007ffea6642000 	C:\WINDOWS\System32\win32u.dll
0x00007ffea7230000 - 0x00007ffea725b000 	C:\WINDOWS\System32\GDI32.dll
0x00007ffea62f0000 - 0x00007ffea6409000 	C:\WINDOWS\System32\gdi32full.dll
0x00007ffea61d0000 - 0x00007ffea626d000 	C:\WINDOWS\System32\msvcp_win.dll
0x00007ffe949a0000 - 0x00007ffe94c3a000 	C:\WINDOWS\WinSxS\amd64_microsoft.windows.common-controls_6595b64144ccf1df_6.0.19041.5915_none_60b4b9d171f9c7c7\COMCTL32.dll
0x00007ffea7190000 - 0x00007ffea722e000 	C:\WINDOWS\System32\msvcrt.dll
0x00007ffe97f50000 - 0x00007ffe97f6e000 	c:\Users\AGOUROU GUSTAVE\.vscode\extensions\redhat.java-1.45.2025080808-win32-x64\jre\21.0.8-win32-x86_64\bin\VCRUNTIME140.dll
0x00007ffea86e0000 - 0x00007ffea870f000 	C:\WINDOWS\System32\IMM32.DLL
0x00007ffe97480000 - 0x00007ffe9748c000 	c:\Users\AGOUROU GUSTAVE\.vscode\extensions\redhat.java-1.45.2025080808-win32-x64\jre\21.0.8-win32-x86_64\bin\vcruntime140_1.dll
0x00007ffe7bc20000 - 0x00007ffe7bcad000 	c:\Users\AGOUROU GUSTAVE\.vscode\extensions\redhat.java-1.45.2025080808-win32-x64\jre\21.0.8-win32-x86_64\bin\msvcp140.dll
0x00007ffe5be60000 - 0x00007ffe5cbf7000 	c:\Users\AGOUROU GUSTAVE\.vscode\extensions\redhat.java-1.45.2025080808-win32-x64\jre\21.0.8-win32-x86_64\bin\server\jvm.dll
0x00007ffea6b40000 - 0x00007ffea6bf1000 	C:\WINDOWS\System32\ADVAPI32.dll
0x00007ffea6d90000 - 0x00007ffea6e2f000 	C:\WINDOWS\System32\sechost.dll
0x00007ffea88c0000 - 0x00007ffea89e6000 	C:\WINDOWS\System32\RPCRT4.dll
0x00007ffea6110000 - 0x00007ffea6137000 	C:\WINDOWS\System32\bcrypt.dll
0x00007ffea7350000 - 0x00007ffea73bb000 	C:\WINDOWS\System32\WS2_32.dll
0x00007ffea5f20000 - 0x00007ffea5f6b000 	C:\WINDOWS\SYSTEM32\POWRPROF.dll
0x00007ffe94c80000 - 0x00007ffe94c8a000 	C:\WINDOWS\SYSTEM32\VERSION.dll
0x00007ffe94c50000 - 0x00007ffe94c77000 	C:\WINDOWS\SYSTEM32\WINMM.dll
0x00007ffea5f00000 - 0x00007ffea5f12000 	C:\WINDOWS\SYSTEM32\UMPDC.dll
0x00007ffea4880000 - 0x00007ffea4892000 	C:\WINDOWS\SYSTEM32\kernel.appcore.dll
0x00007ffe96c30000 - 0x00007ffe96c3a000 	c:\Users\AGOUROU GUSTAVE\.vscode\extensions\redhat.java-1.45.2025080808-win32-x64\jre\21.0.8-win32-x86_64\bin\jimage.dll
0x00007ffea4540000 - 0x00007ffea4741000 	C:\WINDOWS\SYSTEM32\DBGHELP.DLL
0x00007ffe93e70000 - 0x00007ffe93ea4000 	C:\WINDOWS\SYSTEM32\dbgcore.DLL
0x00007ffea6140000 - 0x00007ffea61c2000 	C:\WINDOWS\System32\bcryptPrimitives.dll
0x00007ffe94db0000 - 0x00007ffe94dbf000 	c:\Users\AGOUROU GUSTAVE\.vscode\extensions\redhat.java-1.45.2025080808-win32-x64\jre\21.0.8-win32-x86_64\bin\instrument.dll
0x00007ffe8b760000 - 0x00007ffe8b77f000 	c:\Users\AGOUROU GUSTAVE\.vscode\extensions\redhat.java-1.45.2025080808-win32-x64\jre\21.0.8-win32-x86_64\bin\java.dll
0x00007ffea7a80000 - 0x00007ffea81ee000 	C:\WINDOWS\System32\SHELL32.dll
0x00007ffea3cd0000 - 0x00007ffea4474000 	C:\WINDOWS\SYSTEM32\windows.storage.dll
0x00007ffea6e30000 - 0x00007ffea7183000 	C:\WINDOWS\System32\combase.dll
0x00007ffea5a20000 - 0x00007ffea5a4b000 	C:\WINDOWS\SYSTEM32\Wldp.dll
0x00007ffea6c00000 - 0x00007ffea6ccd000 	C:\WINDOWS\System32\OLEAUT32.dll
0x00007ffea6ce0000 - 0x00007ffea6d8d000 	C:\WINDOWS\System32\SHCORE.dll
0x00007ffea6ae0000 - 0x00007ffea6b3b000 	C:\WINDOWS\System32\shlwapi.dll
0x00007ffea5ff0000 - 0x00007ffea6014000 	C:\WINDOWS\SYSTEM32\profapi.dll
0x00007ffe8b280000 - 0x00007ffe8b298000 	c:\Users\AGOUROU GUSTAVE\.vscode\extensions\redhat.java-1.45.2025080808-win32-x64\jre\21.0.8-win32-x86_64\bin\zip.dll
0x00007ffe93f80000 - 0x00007ffe93f90000 	C:\Users\AGOUROU GUSTAVE\.vscode\extensions\redhat.java-1.45.2025080808-win32-x64\jre\21.0.8-win32-x86_64\bin\net.dll
0x00007ffe9ab20000 - 0x00007ffe9ac2a000 	C:\WINDOWS\SYSTEM32\WINHTTP.dll
0x00007ffea5780000 - 0x00007ffea57ea000 	C:\WINDOWS\system32\mswsock.dll
0x00007ffe875a0000 - 0x00007ffe875b6000 	C:\Users\AGOUROU GUSTAVE\.vscode\extensions\redhat.java-1.45.2025080808-win32-x64\jre\21.0.8-win32-x86_64\bin\nio.dll
0x00007ffe92f80000 - 0x00007ffe92f90000 	c:\Users\AGOUROU GUSTAVE\.vscode\extensions\redhat.java-1.45.2025080808-win32-x64\jre\21.0.8-win32-x86_64\bin\verify.dll

JVMTI agents:
c:\Users\AGOUROU GUSTAVE\.vscode\extensions\redhat.java-1.45.2025080808-win32-x64\lombok\lombok-1.18.39-4050.jar path:c:\Users\AGOUROU GUSTAVE\.vscode\extensions\redhat.java-1.45.2025080808-win32-x64\jre\21.0.8-win32-x86_64\bin\instrument.dll, loaded, initialized, instrumentlib options:none

dbghelp: loaded successfully - version: 4.0.5 - missing functions: none
symbol engine: initialized successfully - sym options: 0x614 - pdb path: .;c:\Users\AGOUROU GUSTAVE\.vscode\extensions\redhat.java-1.45.2025080808-win32-x64\jre\21.0.8-win32-x86_64\bin;C:\WINDOWS\SYSTEM32;C:\WINDOWS\WinSxS\amd64_microsoft.windows.common-controls_6595b64144ccf1df_6.0.19041.5915_none_60b4b9d171f9c7c7;c:\Users\AGOUROU GUSTAVE\.vscode\extensions\redhat.java-1.45.2025080808-win32-x64\jre\21.0.8-win32-x86_64\bin\server

VM Arguments:
jvm_args: --add-modules=ALL-SYSTEM --add-opens=java.base/java.util=ALL-UNNAMED --add-opens=java.base/java.lang=ALL-UNNAMED --add-opens=java.base/sun.nio.fs=ALL-UNNAMED -Declipse.application=org.eclipse.jdt.ls.core.id1 -Dosgi.bundles.defaultStartLevel=4 -Declipse.product=org.eclipse.jdt.ls.core.product -Djava.import.generatesMetadataFilesAtProjectRoot=false -DDetectVMInstallationsJob.disabled=true -Dfile.encoding=utf8 -Xlog:disable -Xmx4G -Xms512M -javaagent:c:\Users\AGOUROU GUSTAVE\.vscode\extensions\redhat.java-1.45.2025080808-win32-x64\lombok\lombok-1.18.39-4050.jar 
java_command: c:\Users\AGOUROU GUSTAVE\.vscode\extensions\redhat.java-1.45.2025080808-win32-x64\server\plugins\org.eclipse.equinox.launcher_1.7.0.v20250519-0528.jar -configuration c:\Users\AGOUROU GUSTAVE\AppData\Roaming\Code\User\globalStorage\redhat.java\1.45.2025080808\config_ss_win -data c:\Users\AGOUROU GUSTAVE\AppData\Roaming\Code\User\workspaceStorage\8cb58bd27ca4cd84a0a9fd64c2eadf01\redhat.java\ss_ws --pipe=\\.\pipe\lsp-faa49317d188a8e09b18350675f9d839-sock
java_class_path (initial): c:\Users\AGOUROU GUSTAVE\.vscode\extensions\redhat.java-1.45.2025080808-win32-x64\server\plugins\org.eclipse.equinox.launcher_1.7.0.v20250519-0528.jar
Launcher Type: SUN_STANDARD

[Global flags]
     intx CICompilerCount                          = 3                                         {product} {ergonomic}
     uint ConcGCThreads                            = 1                                         {product} {ergonomic}
     uint G1ConcRefinementThreads                  = 4                                         {product} {ergonomic}
   size_t G1HeapRegionSize                         = 2097152                                   {product} {ergonomic}
    uintx GCDrainStackTargetSize                   = 64                                        {product} {ergonomic}
   size_t InitialHeapSize                          = 536870912                                 {product} {command line}
   size_t MarkStackSize                            = 4194304                                   {product} {ergonomic}
   size_t MaxHeapSize                              = 4294967296                                {product} {command line}
   size_t MaxNewSize                               = 2575302656                                {product} {ergonomic}
   size_t MinHeapDeltaBytes                        = 2097152                                   {product} {ergonomic}
   size_t MinHeapSize                              = 536870912                                 {product} {command line}
    uintx NonNMethodCodeHeapSize                   = 5832780                                {pd product} {ergonomic}
    uintx NonProfiledCodeHeapSize                  = 122912730                              {pd product} {ergonomic}
    uintx ProfiledCodeHeapSize                     = 122912730                              {pd product} {ergonomic}
    uintx ReservedCodeCacheSize                    = 251658240                              {pd product} {ergonomic}
     bool SegmentedCodeCache                       = true                                      {product} {ergonomic}
   size_t SoftMaxHeapSize                          = 4294967296                             {manageable} {ergonomic}
     bool UseCompressedOops                        = true                           {product lp64_product} {ergonomic}
     bool UseG1GC                                  = true                                      {product} {ergonomic}
     bool UseLargePagesIndividualAllocation        = false                                  {pd product} {ergonomic}

Logging:
Log output configuration:
 #0: stdout all=off uptime,level,tags foldmultilines=false
 #1: stderr all=off uptime,level,tags foldmultilines=false

Environment Variables:
JAVA_HOME=C:\Program Files\Eclipse Adoptium\jdk-17.0.15+6
PATH=C:\Users\AGOUROU GUSTAVE\Downloads\apache-maven-3.9.9-bin\apache-maven-3.9.9\bin;C:\Program Files\Eclipse Adoptium\jdk-17.0.15+6\bin;C:\Program Files\Common Files\Oracle\Java\javapath;C:\Program Files (x86)\Intel\iCLS Client\;C:\Program Files\Intel\iCLS Client\;C:\WINDOWS\system32;C:\WINDOWS;C:\WINDOWS\System32\Wbem;C:\WINDOWS\System32\WindowsPowerShell\v1.0\;C:\WINDOWS\System32\OpenSSH\;C:\Program Files (x86)\Intel\Intel(R) Management Engine Components\DAL;C:\Program Files\Intel\Intel(R) Management Engine Components\DAL;C:\Program Files (x86)\Intel\Intel(R) Management Engine Components\IPT;C:\Program Files\Intel\Intel(R) Management Engine Components\IPT;C:\Users\AGOUROU GUSTAVE\Downloads\platform-tools_r34.0.3-windows\platform-tools;C:\Program Files\mingw64\bin;C:\Program Files\Git\cmd;C:\Program Files\apache-maven-3.9.9\bin;C:\Program Files\JavaUSBComplete\bin;C:\Windows\Installer\{5D847F4E-C86E-4EEC-8E84-E13E00C48891};C:\Program Files\MySQL\MySQL Server 8.0\bin;C:\Program Files\OpenSSL-Win64\bin;C:\railway\;C:\Users\AGOUROU GUSTAVE\Desktop\Microsoft VS Code\bin;C:\railway\;C:\Program Files\MongoDB\Server\8.0\bin;C:\Program Files\nodejs\;C:\Users\AGOUROU GUSTAVE\AppData\Roaming\npm;;C:\Program Files\Docker\Docker\resources\bin;;C:\Users\AGOUROU GUSTAVE\Desktop\Microsoft VS Code\bin;C:\Users\AGOUROU GUSTAVE\AppData\Local\Programs\mongosh\;C:\Users\AGOUROU GUSTAVE\AppData\Roaming\npm
USERNAME=AGOUROU GUSTAVE
OS=Windows_NT
PROCESSOR_IDENTIFIER=Intel64 Family 6 Model 61 Stepping 4, GenuineIntel
TMP=C:\Users\AGOURO~1\AppData\Local\Temp
TEMP=C:\Users\AGOURO~1\AppData\Local\Temp




Periodic native trim disabled

---------------  S Y S T E M  ---------------

OS:
 Windows 10 , 64 bit Build 19041 (10.0.19041.5915)
OS uptime: 13 days 19:47 hours
Hyper-V role detected

CPU: total 4 (initial active 4) (2 cores per cpu, 2 threads per core) family 6 model 61 stepping 4 microcode 0x2d, cx8, cmov, fxsr, ht, mmx, 3dnowpref, sse, sse2, sse3, ssse3, sse4.1, sse4.2, popcnt, lzcnt, tsc, tscinvbit, avx, avx2, aes, erms, clmul, bmi1, bmi2, adx, fma, vzeroupper, clflush, hv, rdtscp, f16c
Processor Information for the first 4 processors :
  Max Mhz: 1995, Current Mhz: 1995, Mhz Limit: 1995

Memory: 4k page, system-wide physical 3997M (205M free)
TotalPageFile size 16285M (AvailPageFile size 0M)
current process WorkingSet (physical memory assigned to process): 82M, peak: 82M
current process commit charge ("private bytes"): 605M, peak: 606M

vm_info: OpenJDK 64-Bit Server VM (21.0.8+9-LTS) for windows-amd64 JRE (21.0.8+9-LTS), built on 2025-07-15T00:00:00Z by "admin" with MS VC++ 17.7 (VS2022)

END.
