#
# There is insufficient memory for the Java Runtime Environment to continue.
# Native memory allocation (mmap) failed to map 536870912 bytes. Error detail: G1 virtual space
# Possible reasons:
#   The system is out of physical RAM or swap space
#   This process is running with CompressedOops enabled, and the Java Heap may be blocking the growth of the native heap
# Possible solutions:
#   Reduce memory load on the system
#   Increase physical memory or swap space
#   Check if swap backing store is full
#   Decrease Java heap size (-Xmx/-Xms)
#   Decrease number of Java threads
#   Decrease Java thread stack sizes (-Xss)
#   Set larger code cache with -XX:ReservedCodeCacheSize=
#   JVM is running with Zero Based Compressed Oops mode in which the Java heap is
#     placed in the first 32GB address space. The Java Heap base address is the
#     maximum limit for the native heap growth. Please use -XX:HeapBaseMinAddress
#     to set the Java Heap base and to place the Java Heap above 32GB virtual address.
# This output file may be truncated or incomplete.
#
#  Out of Memory Error (os_windows.cpp:3713), pid=6656, tid=18360
#
# JRE version:  (21.0.8+9) (build )
# Java VM: OpenJDK 64-Bit Server VM (21.0.8+9-LTS, mixed mode, sharing, tiered, compressed oops, compressed class ptrs, g1 gc, windows-amd64)
# No core dump will be written. Minidumps are not enabled by default on client versions of Windows
#

---------------  S U M M A R Y ------------

Command Line: --add-modules=ALL-SYSTEM --add-opens=java.base/java.util=ALL-UNNAMED --add-opens=java.base/java.lang=ALL-UNNAMED --add-opens=java.base/sun.nio.fs=ALL-UNNAMED -Declipse.application=org.eclipse.jdt.ls.core.id1 -Dosgi.bundles.defaultStartLevel=4 -Declipse.product=org.eclipse.jdt.ls.core.product -Djava.import.generatesMetadataFilesAtProjectRoot=false -DDetectVMInstallationsJob.disabled=true -Dfile.encoding=utf8 -Xlog:disable -Xmx4G -Xms512M -javaagent:c:\Users\AGOUROU GUSTAVE\.vscode\extensions\redhat.java-1.45.2025080808-win32-x64\lombok\lombok-1.18.39-4050.jar -XX:+HeapDumpOnOutOfMemoryError -XX:HeapDumpPath=c:\Users\AGOUROU GUSTAVE\AppData\Roaming\Code\User\workspaceStorage\8cb58bd27ca4cd84a0a9fd64c2eadf01\redhat.java -Daether.dependencyCollector.impl=bf -XX:+UnlockDiagnosticVMOptions -XX:+AllowArchivingWithJavaAgent -XX:+AutoCreateSharedArchive -XX:SharedArchiveFile=c:\Users\AGOUROU GUSTAVE\AppData\Roaming\Code\User\globalStorage\redhat.java\1.45.2025080808\jdtls.jsa c:\Users\AGOUROU GUSTAVE\.vscode\extensions\redhat.java-1.45.2025080808-win32-x64\server\plugins\org.eclipse.equinox.launcher_1.7.0.v20250519-0528.jar -configuration c:\Users\AGOUROU GUSTAVE\AppData\Roaming\Code\User\globalStorage\redhat.java\1.45.2025080808\config_win -data c:\Users\AGOUROU GUSTAVE\AppData\Roaming\Code\User\workspaceStorage\8cb58bd27ca4cd84a0a9fd64c2eadf01\redhat.java\jdt_ws --pipe=\\.\pipe\lsp-6e51771726f8c16a5b30b6321f2ee7fb-sock

Host: Intel(R) Core(TM) i3-5005U CPU @ 2.00GHz, 4 cores, 3G,  Windows 10 , 64 bit Build 19041 (10.0.19041.5915)
Time: Wed Aug 13 14:05:53 2025 elapsed time: 0.077583 seconds (0d 0h 0m 0s)

---------------  T H R E A D  ---------------

Current thread (0x000002271b4b6bd0):  JavaThread "Unknown thread" [_thread_in_vm, id=18360, stack(0x0000003a8cf00000,0x0000003a8d000000) (1024K)]

Stack: [0x0000003a8cf00000,0x0000003a8d000000]
Native frames: (J=compiled Java code, j=interpreted, Vv=VM code, C=native code)
V  [jvm.dll+0x6d2449]
V  [jvm.dll+0x8ae341]
V  [jvm.dll+0x8b08be]
V  [jvm.dll+0x8b0fa3]
V  [jvm.dll+0x280c96]
V  [jvm.dll+0x6cec15]
V  [jvm.dll+0x6c2c3a]
V  [jvm.dll+0x35867a]
V  [jvm.dll+0x360246]
V  [jvm.dll+0x3b1f9e]
V  [jvm.dll+0x3b2248]
V  [jvm.dll+0x32c8fc]
V  [jvm.dll+0x32d45b]
V  [jvm.dll+0x8775d9]
V  [jvm.dll+0x3bed71]
V  [jvm.dll+0x8605d3]
V  [jvm.dll+0x4530ee]
V  [jvm.dll+0x454d31]
C  [jli.dll+0x5278]
C  [ucrtbase.dll+0x21bb2]
C  [KERNEL32.DLL+0x17374]
C  [ntdll.dll+0x4cc91]


---------------  P R O C E S S  ---------------

Threads class SMR info:
_java_thread_list=0x00007ffe5caa11c8, length=0, elements={
}

Java Threads: ( => current thread )
Total: 0

Other Threads:
  0x000002271b524150 WorkerThread "GC Thread#0"                     [id=22704, stack(0x0000003a8d000000,0x0000003a8d100000) (1024K)]
  0x000002271933dfe0 ConcurrentGCThread "G1 Main Marker"            [id=8584, stack(0x0000003a8d100000,0x0000003a8d200000) (1024K)]
  0x000002271933e8f0 WorkerThread "G1 Conc#0"                       [id=18680, stack(0x0000003a8d200000,0x0000003a8d300000) (1024K)]

[error occurred during error reporting (printing all threads), id 0xc0000005, EXCEPTION_ACCESS_VIOLATION (0xc0000005) at pc=0x00007ffe5c19f137]
VM state: not at safepoint (not fully initialized)

VM Mutex/Monitor currently owned by a thread:  ([mutex/lock_event])
[0x00007ffe5cb15558] Heap_lock - owner thread: 0x000002271b4b6bd0

Heap address: 0x0000000700000000, size: 4096 MB, Compressed Oops mode: Zero based, Oop shift amount: 3

CDS archive(s) mapped at: [0x0000000000000000-0x0000000000000000-0x0000000000000000), size 0, SharedBaseAddress: 0x0000000800000000, ArchiveRelocationMode: 1.
Narrow klass base: 0x0000000000000000, Narrow klass shift: 0, Narrow klass range: 0x0

GC Precious Log:
 CardTable entry size: 512
 Card Set container configuration: InlinePtr #cards 4 size 8 Array Of Cards #cards 16 size 48 Howl #buckets 8 coarsen threshold 3686 Howl Bitmap #cards 512 size 80 coarsen threshold 460 Card regions per heap region 1 cards per card region 4096

Heap:
 garbage-first heap   total 0K, used 0K [0x0000000700000000, 0x0000000800000000)
  region size 2048K, 0 young (0K), 0 survivors (0K)

[error occurred during error reporting (printing heap information), id 0xc0000005, EXCEPTION_ACCESS_VIOLATION (0xc0000005) at pc=0x00007ffe5c58bba9]
GC Heap History (0 events):
No events

Dll operation events (1 events):
Event: 0.027 Loaded shared library c:\Users\AGOUROU GUSTAVE\.vscode\extensions\redhat.java-1.45.2025080808-win32-x64\jre\21.0.8-win32-x86_64\bin\java.dll

Deoptimization events (0 events):
No events

Classes loaded (0 events):
No events

Classes unloaded (0 events):
No events

Classes redefined (0 events):
No events

Internal exceptions (0 events):
No events

ZGC Phase Switch (0 events):
No events

VM Operations (0 events):
No events

Memory protections (0 events):
No events

Nmethod flushes (0 events):
No events

Events (0 events):
No events


Dynamic libraries:
0x00007ff7c1530000 - 0x00007ff7c153e000 	c:\Users\AGOUROU GUSTAVE\.vscode\extensions\redhat.java-1.45.2025080808-win32-x64\jre\21.0.8-win32-x86_64\bin\java.exe
0x00007ffea8a30000 - 0x00007ffea8c28000 	C:\WINDOWS\SYSTEM32\ntdll.dll
0x00007ffea7690000 - 0x00007ffea7752000 	C:\WINDOWS\System32\KERNEL32.DLL
0x00007ffea6650000 - 0x00007ffea6947000 	C:\WINDOWS\System32\KERNELBASE.dll
0x00007ffea6950000 - 0x00007ffea6a50000 	C:\WINDOWS\System32\ucrtbase.dll
0x00007ffe97f70000 - 0x00007ffe97f88000 	c:\Users\AGOUROU GUSTAVE\.vscode\extensions\redhat.java-1.45.2025080808-win32-x64\jre\21.0.8-win32-x86_64\bin\jli.dll
0x00007ffea7770000 - 0x00007ffea790d000 	C:\WINDOWS\System32\USER32.dll
0x00007ffea6620000 - 0x00007ffea6642000 	C:\WINDOWS\System32\win32u.dll
0x00007ffea7230000 - 0x00007ffea725b000 	C:\WINDOWS\System32\GDI32.dll
0x00007ffea62f0000 - 0x00007ffea6409000 	C:\WINDOWS\System32\gdi32full.dll
0x00007ffea61d0000 - 0x00007ffea626d000 	C:\WINDOWS\System32\msvcp_win.dll
0x00007ffe97f50000 - 0x00007ffe97f6e000 	c:\Users\AGOUROU GUSTAVE\.vscode\extensions\redhat.java-1.45.2025080808-win32-x64\jre\21.0.8-win32-x86_64\bin\VCRUNTIME140.dll
0x00007ffe949a0000 - 0x00007ffe94c3a000 	C:\WINDOWS\WinSxS\amd64_microsoft.windows.common-controls_6595b64144ccf1df_6.0.19041.5915_none_60b4b9d171f9c7c7\COMCTL32.dll
0x00007ffea7190000 - 0x00007ffea722e000 	C:\WINDOWS\System32\msvcrt.dll
0x00007ffea86e0000 - 0x00007ffea870f000 	C:\WINDOWS\System32\IMM32.DLL
0x00007ffe97480000 - 0x00007ffe9748c000 	c:\Users\AGOUROU GUSTAVE\.vscode\extensions\redhat.java-1.45.2025080808-win32-x64\jre\21.0.8-win32-x86_64\bin\vcruntime140_1.dll
0x00007ffe7bc20000 - 0x00007ffe7bcad000 	c:\Users\AGOUROU GUSTAVE\.vscode\extensions\redhat.java-1.45.2025080808-win32-x64\jre\21.0.8-win32-x86_64\bin\msvcp140.dll
0x00007ffe5be60000 - 0x00007ffe5cbf7000 	c:\Users\AGOUROU GUSTAVE\.vscode\extensions\redhat.java-1.45.2025080808-win32-x64\jre\21.0.8-win32-x86_64\bin\server\jvm.dll
0x00007ffea6b40000 - 0x00007ffea6bf1000 	C:\WINDOWS\System32\ADVAPI32.dll
0x00007ffea6d90000 - 0x00007ffea6e2f000 	C:\WINDOWS\System32\sechost.dll
0x00007ffea88c0000 - 0x00007ffea89e6000 	C:\WINDOWS\System32\RPCRT4.dll
0x00007ffea6110000 - 0x00007ffea6137000 	C:\WINDOWS\System32\bcrypt.dll
0x00007ffea7350000 - 0x00007ffea73bb000 	C:\WINDOWS\System32\WS2_32.dll
0x00007ffea5f20000 - 0x00007ffea5f6b000 	C:\WINDOWS\SYSTEM32\POWRPROF.dll
0x00007ffe94c50000 - 0x00007ffe94c77000 	C:\WINDOWS\SYSTEM32\WINMM.dll
0x00007ffe94c80000 - 0x00007ffe94c8a000 	C:\WINDOWS\SYSTEM32\VERSION.dll
0x00007ffea5f00000 - 0x00007ffea5f12000 	C:\WINDOWS\SYSTEM32\UMPDC.dll
0x00007ffea4880000 - 0x00007ffea4892000 	C:\WINDOWS\SYSTEM32\kernel.appcore.dll
0x00007ffe96c30000 - 0x00007ffe96c3a000 	c:\Users\AGOUROU GUSTAVE\.vscode\extensions\redhat.java-1.45.2025080808-win32-x64\jre\21.0.8-win32-x86_64\bin\jimage.dll
0x00007ffea4540000 - 0x00007ffea4741000 	C:\WINDOWS\SYSTEM32\DBGHELP.DLL
0x00007ffe93e70000 - 0x00007ffe93ea4000 	C:\WINDOWS\SYSTEM32\dbgcore.DLL
0x00007ffea6140000 - 0x00007ffea61c2000 	C:\WINDOWS\System32\bcryptPrimitives.dll
0x00007ffe94db0000 - 0x00007ffe94dbf000 	c:\Users\AGOUROU GUSTAVE\.vscode\extensions\redhat.java-1.45.2025080808-win32-x64\jre\21.0.8-win32-x86_64\bin\instrument.dll
0x00007ffe8b760000 - 0x00007ffe8b77f000 	c:\Users\AGOUROU GUSTAVE\.vscode\extensions\redhat.java-1.45.2025080808-win32-x64\jre\21.0.8-win32-x86_64\bin\java.dll

JVMTI agents:
c:\Users\AGOUROU GUSTAVE\.vscode\extensions\redhat.java-1.45.2025080808-win32-x64\lombok\lombok-1.18.39-4050.jar path:none, loaded, not initialized, instrumentlib options:none

dbghelp: loaded successfully - version: 4.0.5 - missing functions: none
symbol engine: initialized successfully - sym options: 0x614 - pdb path: .;c:\Users\AGOUROU GUSTAVE\.vscode\extensions\redhat.java-1.45.2025080808-win32-x64\jre\21.0.8-win32-x86_64\bin;C:\WINDOWS\SYSTEM32;C:\WINDOWS\WinSxS\amd64_microsoft.windows.common-controls_6595b64144ccf1df_6.0.19041.5915_none_60b4b9d171f9c7c7;c:\Users\AGOUROU GUSTAVE\.vscode\extensions\redhat.java-1.45.2025080808-win32-x64\jre\21.0.8-win32-x86_64\bin\server

VM Arguments:
jvm_args: --add-modules=ALL-SYSTEM --add-opens=java.base/java.util=ALL-UNNAMED --add-opens=java.base/java.lang=ALL-UNNAMED --add-opens=java.base/sun.nio.fs=ALL-UNNAMED -Declipse.application=org.eclipse.jdt.ls.core.id1 -Dosgi.bundles.defaultStartLevel=4 -Declipse.product=org.eclipse.jdt.ls.core.product -Djava.import.generatesMetadataFilesAtProjectRoot=false -DDetectVMInstallationsJob.disabled=true -Dfile.encoding=utf8 -Xlog:disable -Xmx4G -Xms512M -javaagent:c:\Users\AGOUROU GUSTAVE\.vscode\extensions\redhat.java-1.45.2025080808-win32-x64\lombok\lombok-1.18.39-4050.jar -XX:+HeapDumpOnOutOfMemoryError -XX:HeapDumpPath=c:\Users\AGOUROU GUSTAVE\AppData\Roaming\Code\User\workspaceStorage\8cb58bd27ca4cd84a0a9fd64c2eadf01\redhat.java -Daether.dependencyCollector.impl=bf -XX:+UnlockDiagnosticVMOptions -XX:+AllowArchivingWithJavaAgent -XX:+AutoCreateSharedArchive -XX:SharedArchiveFile=c:\Users\AGOUROU GUSTAVE\AppData\Roaming\Code\User\globalStorage\redhat.java\1.45.2025080808\jdtls.jsa 
java_command: c:\Users\AGOUROU GUSTAVE\.vscode\extensions\redhat.java-1.45.2025080808-win32-x64\server\plugins\org.eclipse.equinox.launcher_1.7.0.v20250519-0528.jar -configuration c:\Users\AGOUROU GUSTAVE\AppData\Roaming\Code\User\globalStorage\redhat.java\1.45.2025080808\config_win -data c:\Users\AGOUROU GUSTAVE\AppData\Roaming\Code\User\workspaceStorage\8cb58bd27ca4cd84a0a9fd64c2eadf01\redhat.java\jdt_ws --pipe=\\.\pipe\lsp-6e51771726f8c16a5b30b6321f2ee7fb-sock
java_class_path (initial): c:\Users\AGOUROU GUSTAVE\.vscode\extensions\redhat.java-1.45.2025080808-win32-x64\server\plugins\org.eclipse.equinox.launcher_1.7.0.v20250519-0528.jar
Launcher Type: SUN_STANDARD

[Global flags]
     bool AllowArchivingWithJavaAgent              = true                             {JVMCI diagnostic} {command line}
     bool AutoCreateSharedArchive                  = true                                {JVMCI product} {command line}
     intx CICompilerCount                          = 3                                         {product} {ergonomic}
     uint ConcGCThreads                            = 1                                         {product} {ergonomic}
     uint G1ConcRefinementThreads                  = 4                                         {product} {ergonomic}
   size_t G1HeapRegionSize                         = 2097152                                   {product} {ergonomic}
    uintx GCDrainStackTargetSize                   = 64                                        {product} {ergonomic}
     bool HeapDumpOnOutOfMemoryError               = true                                   {manageable} {command line}
    ccstr HeapDumpPath                             = c:\Users\AGOUROU GUSTAVE\AppData\Roaming\Code\User\workspaceStorage\8cb58bd27ca4cd84a0a9fd64c2eadf01\redhat.java         {manageable} {command line}
   size_t InitialHeapSize                          = 536870912                                 {product} {command line}
   size_t MarkStackSize                            = 4194304                                   {product} {ergonomic}
   size_t MaxHeapSize                              = 4294967296                                {product} {command line}
   size_t MinHeapDeltaBytes                        = 2097152                                   {product} {ergonomic}
   size_t MinHeapSize                              = 536870912                                 {product} {command line}
    uintx NonNMethodCodeHeapSize                   = 5832780                                {pd product} {ergonomic}
    uintx NonProfiledCodeHeapSize                  = 122912730                              {pd product} {ergonomic}
    uintx ProfiledCodeHeapSize                     = 122912730                              {pd product} {ergonomic}
    uintx ReservedCodeCacheSize                    = 251658240                              {pd product} {ergonomic}
     bool SegmentedCodeCache                       = true                                      {product} {ergonomic}
    ccstr SharedArchiveFile                        = c:\Users\AGOUROU GUSTAVE\AppData\Roaming\Code\User\globalStorage\redhat.java\1.45.2025080808\jdtls.jsa      {JVMCI product} {command line}
   size_t SoftMaxHeapSize                          = 4294967296                             {manageable} {ergonomic}
     bool UnlockDiagnosticVMOptions                = true                                   {diagnostic} {command line}
     bool UseCompressedOops                        = true                           {product lp64_product} {ergonomic}
     bool UseG1GC                                  = true                                      {product} {ergonomic}
     bool UseLargePagesIndividualAllocation        = false                                  {pd product} {ergonomic}

Logging:
Log output configuration:
 #0: stdout all=off uptime,level,tags foldmultilines=false
 #1: stderr all=off uptime,level,tags foldmultilines=false

Environment Variables:
JAVA_HOME=C:\Program Files\Eclipse Adoptium\jdk-17.0.15+6
PATH=C:\Users\AGOUROU GUSTAVE\Downloads\apache-maven-3.9.9-bin\apache-maven-3.9.9\bin;C:\Program Files\Eclipse Adoptium\jdk-17.0.15+6\bin;C:\Program Files\Common Files\Oracle\Java\javapath;C:\Program Files (x86)\Intel\iCLS Client\;C:\Program Files\Intel\iCLS Client\;C:\WINDOWS\system32;C:\WINDOWS;C:\WINDOWS\System32\Wbem;C:\WINDOWS\System32\WindowsPowerShell\v1.0\;C:\WINDOWS\System32\OpenSSH\;C:\Program Files (x86)\Intel\Intel(R) Management Engine Components\DAL;C:\Program Files\Intel\Intel(R) Management Engine Components\DAL;C:\Program Files (x86)\Intel\Intel(R) Management Engine Components\IPT;C:\Program Files\Intel\Intel(R) Management Engine Components\IPT;C:\Users\AGOUROU GUSTAVE\Downloads\platform-tools_r34.0.3-windows\platform-tools;C:\Program Files\mingw64\bin;C:\Program Files\Git\cmd;C:\Program Files\apache-maven-3.9.9\bin;C:\Program Files\JavaUSBComplete\bin;C:\Windows\Installer\{5D847F4E-C86E-4EEC-8E84-E13E00C48891};C:\Program Files\MySQL\MySQL Server 8.0\bin;C:\Program Files\OpenSSL-Win64\bin;C:\railway\;C:\Users\AGOUROU GUSTAVE\Desktop\Microsoft VS Code\bin;C:\railway\;C:\Program Files\MongoDB\Server\8.0\bin;C:\Program Files\nodejs\;C:\Users\AGOUROU GUSTAVE\AppData\Roaming\npm;;C:\Program Files\Docker\Docker\resources\bin;;C:\Users\AGOUROU GUSTAVE\Desktop\Microsoft VS Code\bin;C:\Users\AGOUROU GUSTAVE\AppData\Local\Programs\mongosh\;C:\Users\AGOUROU GUSTAVE\AppData\Roaming\npm
USERNAME=AGOUROU GUSTAVE
OS=Windows_NT
PROCESSOR_IDENTIFIER=Intel64 Family 6 Model 61 Stepping 4, GenuineIntel
TMP=C:\Users\AGOURO~1\AppData\Local\Temp
TEMP=C:\Users\AGOURO~1\AppData\Local\Temp




Periodic native trim disabled

---------------  S Y S T E M  ---------------

OS:
 Windows 10 , 64 bit Build 19041 (10.0.19041.5915)
OS uptime: 13 days 19:47 hours
Hyper-V role detected

CPU: total 4 (initial active 4) (2 cores per cpu, 2 threads per core) family 6 model 61 stepping 4 microcode 0x2d, cx8, cmov, fxsr, ht, mmx, 3dnowpref, sse, sse2, sse3, ssse3, sse4.1, sse4.2, popcnt, lzcnt, tsc, tscinvbit, avx, avx2, aes, erms, clmul, bmi1, bmi2, adx, fma, vzeroupper, clflush, hv, rdtscp, f16c
Processor Information for the first 4 processors :
  Max Mhz: 1995, Current Mhz: 1995, Mhz Limit: 1995

Memory: 4k page, system-wide physical 3997M (233M free)
TotalPageFile size 16285M (AvailPageFile size 26M)
current process WorkingSet (physical memory assigned to process): 10M, peak: 10M
current process commit charge ("private bytes"): 51M, peak: 563M

vm_info: OpenJDK 64-Bit Server VM (21.0.8+9-LTS) for windows-amd64 JRE (21.0.8+9-LTS), built on 2025-07-15T00:00:00Z by "admin" with MS VC++ 17.7 (VS2022)

END.
